[0.007s] Invoking command in '/home/barbariccia/dev_ws/build/tftp_update': CMAKE_PREFIX_PATH=/opt/ros/foxy /usr/bin/cmake /home/barbariccia/dev_ws/src/tftp_update -DCMAKE_INSTALL_PREFIX=/home/barbariccia/dev_ws/install/tftp_update
[0.054s] -- The C compiler identification is GNU 9.4.0
[0.097s] -- The CXX compiler identification is GNU 9.4.0
[0.103s] -- Check for working C compiler: /usr/bin/cc
[0.163s] -- Check for working C compiler: /usr/bin/cc -- works
[0.164s] -- Detecting C compiler ABI info
[0.223s] -- Detecting C compiler ABI info - done
[0.234s] -- Detecting C compile features
[0.234s] -- Detecting C compile features - done
[0.235s] -- Check for working CXX compiler: /usr/bin/c++
[0.297s] -- Check for working CXX compiler: /usr/bin/c++ -- works
[0.298s] -- Detecting CXX compiler ABI info
[0.362s] -- Detecting CXX compiler ABI info - done
[0.374s] -- Detecting CXX compile features
[0.374s] -- Detecting CXX compile features - done
[0.378s] -- Found ament_cmake: 0.9.9 (/opt/ros/foxy/share/ament_cmake/cmake)
[0.399s] -- Found PythonInterp: /usr/bin/python3 (found suitable version "3.8.10", minimum required is "3") 
[0.399s] -- Using PYTHON_EXECUTABLE: /usr/bin/python3
[0.526s] -- Found ament_lint_auto: 0.9.6 (/opt/ros/foxy/share/ament_lint_auto/cmake)
[0.576s] -- Added test 'copyright' to check source files copyright and LICENSE
[0.578s] -- Added test 'lint_cmake' to check CMake code style
[0.579s] -- Added test 'xmllint' to check XML markup files
[0.582s] -- Found rosidl_default_generators: 1.0.1 (/opt/ros/foxy/share/rosidl_default_generators/cmake)
[0.585s] -- Using all available rosidl_typesupport_c: rosidl_typesupport_fastrtps_c;rosidl_typesupport_introspection_c
[0.591s] -- Found rosidl_adapter: 1.2.1 (/opt/ros/foxy/share/rosidl_adapter/cmake)
[0.675s] -- Found OpenSSL: /usr/lib/x86_64-linux-gnu/libcrypto.so (found version "1.1.1f")  
[0.701s] -- Found FastRTPS: /opt/ros/foxy/include  
[0.765s] -- Using all available rosidl_typesupport_cpp: rosidl_typesupport_fastrtps_cpp;rosidl_typesupport_introspection_cpp
[0.782s] CMake Error at /opt/ros/foxy/share/rosidl_cmake/cmake/rosidl_generate_interfaces.cmake:64 (message):
[0.782s]   rosidl_generate_interfaces() must be called before ament_package()
[0.782s] Call Stack (most recent call first):
[0.782s]   CMakeLists.txt:39 (rosidl_generate_interfaces)
[0.782s] 
[0.783s] 
[0.783s] -- Configuring incomplete, errors occurred!
[0.783s] See also "/home/barbariccia/dev_ws/build/tftp_update/CMakeFiles/CMakeOutput.log".
[0.786s] Invoked command in '/home/barbariccia/dev_ws/build/tftp_update' returned '1': CMAKE_PREFIX_PATH=/opt/ros/foxy /usr/bin/cmake /home/barbariccia/dev_ws/src/tftp_update -DCMAKE_INSTALL_PREFIX=/home/barbariccia/dev_ws/install/tftp_update
