[0.351s] Invoking command in '/home/barbariccia/dev_ws/src/update_srvcli': AMENT_PREFIX_PATH=/home/barbariccia/dev_ws/install/update_interface:${AMENT_PREFIX_PATH} CMAKE_PREFIX_PATH=/home/barbariccia/dev_ws/install/update_interface LD_LIBRARY_PATH=/home/barbariccia/dev_ws/install/update_interface/lib:${LD_LIBRARY_PATH} PYTHONPATH=/home/barbariccia/dev_ws/install/update_srvcli/lib/python3.8/site-packages:/home/barbariccia/dev_ws/install/update_interface/lib/python3.8/site-packages:${PYTHONPATH} /usr/bin/python3 setup.py egg_info --egg-base ../../build/update_srvcli build --build-base /home/barbariccia/dev_ws/build/update_srvcli/build install --prefix /home/barbariccia/dev_ws/install/update_srvcli --record /home/barbariccia/dev_ws/build/update_srvcli/install.log --single-version-externally-managed
[0.472s] running egg_info
[0.472s] writing ../../build/update_srvcli/update_srvcli.egg-info/PKG-INFO
[0.472s] writing dependency_links to ../../build/update_srvcli/update_srvcli.egg-info/dependency_links.txt
[0.472s] writing entry points to ../../build/update_srvcli/update_srvcli.egg-info/entry_points.txt
[0.472s] writing requirements to ../../build/update_srvcli/update_srvcli.egg-info/requires.txt
[0.473s] writing top-level names to ../../build/update_srvcli/update_srvcli.egg-info/top_level.txt
[0.492s] reading manifest file '../../build/update_srvcli/update_srvcli.egg-info/SOURCES.txt'
[0.492s] writing manifest file '../../build/update_srvcli/update_srvcli.egg-info/SOURCES.txt'
[0.492s] running build
[0.493s] running build_py
[0.493s] copying update_srvcli/tftp_update_service.py -> /home/barbariccia/dev_ws/build/update_srvcli/build/lib/update_srvcli
[0.493s] running install
[0.493s] running install_lib
[0.493s] copying /home/barbariccia/dev_ws/build/update_srvcli/build/lib/update_srvcli/tftp_update_service.py -> /home/barbariccia/dev_ws/install/update_srvcli/lib/python3.8/site-packages/update_srvcli
[0.494s] byte-compiling /home/barbariccia/dev_ws/install/update_srvcli/lib/python3.8/site-packages/update_srvcli/tftp_update_service.py to tftp_update_service.cpython-38.pyc
[0.495s] running install_data
[0.495s] running install_egg_info
[0.496s] removing '/home/barbariccia/dev_ws/install/update_srvcli/lib/python3.8/site-packages/update_srvcli-0.0.0-py3.8.egg-info' (and everything under it)
[0.496s] Copying ../../build/update_srvcli/update_srvcli.egg-info to /home/barbariccia/dev_ws/install/update_srvcli/lib/python3.8/site-packages/update_srvcli-0.0.0-py3.8.egg-info
[0.496s] running install_scripts
[0.505s] Installing client script to /home/barbariccia/dev_ws/install/update_srvcli/lib/update_srvcli
[0.505s] Installing service script to /home/barbariccia/dev_ws/install/update_srvcli/lib/update_srvcli
[0.505s] writing list of installed files to '/home/barbariccia/dev_ws/build/update_srvcli/install.log'
[0.517s] Invoked command in '/home/barbariccia/dev_ws/src/update_srvcli' returned '0': AMENT_PREFIX_PATH=/home/barbariccia/dev_ws/install/update_interface:${AMENT_PREFIX_PATH} CMAKE_PREFIX_PATH=/home/barbariccia/dev_ws/install/update_interface LD_LIBRARY_PATH=/home/barbariccia/dev_ws/install/update_interface/lib:${LD_LIBRARY_PATH} PYTHONPATH=/home/barbariccia/dev_ws/install/update_srvcli/lib/python3.8/site-packages:/home/barbariccia/dev_ws/install/update_interface/lib/python3.8/site-packages:${PYTHONPATH} /usr/bin/python3 setup.py egg_info --egg-base ../../build/update_srvcli build --build-base /home/barbariccia/dev_ws/build/update_srvcli/build install --prefix /home/barbariccia/dev_ws/install/update_srvcli --record /home/barbariccia/dev_ws/build/update_srvcli/install.log --single-version-externally-managed
