[  9%] Built target update_interface__rosidl_generator_c
[ 12%] Built target update_interface__cpp
[ 22%] Built target update_interface__rosidl_typesupport_introspection_c
[ 41%] Built target update_interface__rosidl_typesupport_cpp
[ 41%] Built target update_interface__rosidl_typesupport_c
[ 51%] Built target update_interface__rosidl_typesupport_introspection_cpp
[ 61%] Built target update_interface__rosidl_typesupport_fastrtps_cpp
[ 70%] Built target update_interface__rosidl_typesupport_fastrtps_c
[ 70%] Built target update_interface
[ 74%] Built target update_interface__py
[ 80%] Built target update_interface__python
[ 87%] Built target update_interface__rosidl_typesupport_c__pyext
[ 93%] Built target update_interface__rosidl_typesupport_introspection_c__pyext
[100%] Built target update_interface__rosidl_typesupport_fastrtps_c__pyext
-- Install configuration: ""
-- Up-to-date: /home/barbariccia/dev_ws/install/update_interface/share/ament_index/resource_index/rosidl_interfaces/update_interface
-- Up-to-date: /home/barbariccia/dev_ws/install/update_interface/include/update_interface
-- Up-to-date: /home/barbariccia/dev_ws/install/update_interface/include/update_interface/msg
-- Up-to-date: /home/barbariccia/dev_ws/install/update_interface/include/update_interface/msg/rosidl_generator_c__visibility_control.h
-- Up-to-date: /home/barbariccia/dev_ws/install/update_interface/include/update_interface/srv
-- Up-to-date: /home/barbariccia/dev_ws/install/update_interface/include/update_interface/srv/firmware_update.h
-- Up-to-date: /home/barbariccia/dev_ws/install/update_interface/include/update_interface/srv/detail
-- Up-to-date: /home/barbariccia/dev_ws/install/update_interface/include/update_interface/srv/detail/firmware_update__functions.c
-- Up-to-date: /home/barbariccia/dev_ws/install/update_interface/include/update_interface/srv/detail/firmware_update__functions.h
-- Up-to-date: /home/barbariccia/dev_ws/install/update_interface/include/update_interface/srv/detail/firmware_update__type_support.h
-- Up-to-date: /home/barbariccia/dev_ws/install/update_interface/include/update_interface/srv/detail/firmware_update__struct.h
-- Up-to-date: /home/barbariccia/dev_ws/install/update_interface/share/update_interface/environment/library_path.sh
-- Up-to-date: /home/barbariccia/dev_ws/install/update_interface/share/update_interface/environment/library_path.dsv
-- Up-to-date: /home/barbariccia/dev_ws/install/update_interface/lib/libupdate_interface__rosidl_generator_c.so
-- Up-to-date: /home/barbariccia/dev_ws/install/update_interface/include/update_interface
-- Up-to-date: /home/barbariccia/dev_ws/install/update_interface/include/update_interface/msg
-- Up-to-date: /home/barbariccia/dev_ws/install/update_interface/include/update_interface/msg/rosidl_typesupport_fastrtps_c__visibility_control.h
-- Up-to-date: /home/barbariccia/dev_ws/install/update_interface/include/update_interface/srv
-- Up-to-date: /home/barbariccia/dev_ws/install/update_interface/include/update_interface/srv/detail
-- Up-to-date: /home/barbariccia/dev_ws/install/update_interface/include/update_interface/srv/detail/firmware_update__rosidl_typesupport_fastrtps_c.h
-- Up-to-date: /home/barbariccia/dev_ws/install/update_interface/lib/libupdate_interface__rosidl_typesupport_fastrtps_c.so
-- Up-to-date: /home/barbariccia/dev_ws/install/update_interface/include/update_interface
-- Up-to-date: /home/barbariccia/dev_ws/install/update_interface/include/update_interface/msg
-- Up-to-date: /home/barbariccia/dev_ws/install/update_interface/include/update_interface/msg/rosidl_typesupport_fastrtps_cpp__visibility_control.h
-- Up-to-date: /home/barbariccia/dev_ws/install/update_interface/include/update_interface/srv
-- Up-to-date: /home/barbariccia/dev_ws/install/update_interface/include/update_interface/srv/detail
-- Up-to-date: /home/barbariccia/dev_ws/install/update_interface/include/update_interface/srv/detail/dds_fastrtps
-- Up-to-date: /home/barbariccia/dev_ws/install/update_interface/include/update_interface/srv/detail/firmware_update__rosidl_typesupport_fastrtps_cpp.hpp
-- Up-to-date: /home/barbariccia/dev_ws/install/update_interface/lib/libupdate_interface__rosidl_typesupport_fastrtps_cpp.so
-- Up-to-date: /home/barbariccia/dev_ws/install/update_interface/include/update_interface
-- Up-to-date: /home/barbariccia/dev_ws/install/update_interface/include/update_interface/msg
-- Up-to-date: /home/barbariccia/dev_ws/install/update_interface/include/update_interface/msg/rosidl_typesupport_introspection_c__visibility_control.h
-- Up-to-date: /home/barbariccia/dev_ws/install/update_interface/include/update_interface/srv
-- Up-to-date: /home/barbariccia/dev_ws/install/update_interface/include/update_interface/srv/detail
-- Up-to-date: /home/barbariccia/dev_ws/install/update_interface/include/update_interface/srv/detail/firmware_update__rosidl_typesupport_introspection_c.h
-- Up-to-date: /home/barbariccia/dev_ws/install/update_interface/include/update_interface/srv/detail/firmware_update__type_support.c
-- Up-to-date: /home/barbariccia/dev_ws/install/update_interface/lib/libupdate_interface__rosidl_typesupport_introspection_c.so
-- Up-to-date: /home/barbariccia/dev_ws/install/update_interface/lib/libupdate_interface__rosidl_typesupport_c.so
-- Up-to-date: /home/barbariccia/dev_ws/install/update_interface/include/update_interface
-- Up-to-date: /home/barbariccia/dev_ws/install/update_interface/include/update_interface/srv
-- Up-to-date: /home/barbariccia/dev_ws/install/update_interface/include/update_interface/srv/detail
-- Up-to-date: /home/barbariccia/dev_ws/install/update_interface/include/update_interface/srv/detail/firmware_update__builder.hpp
-- Up-to-date: /home/barbariccia/dev_ws/install/update_interface/include/update_interface/srv/detail/firmware_update__struct.hpp
-- Up-to-date: /home/barbariccia/dev_ws/install/update_interface/include/update_interface/srv/detail/firmware_update__traits.hpp
-- Up-to-date: /home/barbariccia/dev_ws/install/update_interface/include/update_interface/srv/firmware_update.hpp
-- Up-to-date: /home/barbariccia/dev_ws/install/update_interface/include/update_interface
-- Up-to-date: /home/barbariccia/dev_ws/install/update_interface/include/update_interface/srv
-- Up-to-date: /home/barbariccia/dev_ws/install/update_interface/include/update_interface/srv/detail
-- Up-to-date: /home/barbariccia/dev_ws/install/update_interface/include/update_interface/srv/detail/firmware_update__type_support.cpp
-- Up-to-date: /home/barbariccia/dev_ws/install/update_interface/include/update_interface/srv/detail/firmware_update__rosidl_typesupport_introspection_cpp.hpp
-- Up-to-date: /home/barbariccia/dev_ws/install/update_interface/lib/libupdate_interface__rosidl_typesupport_introspection_cpp.so
-- Up-to-date: /home/barbariccia/dev_ws/install/update_interface/lib/libupdate_interface__rosidl_typesupport_cpp.so
-- Up-to-date: /home/barbariccia/dev_ws/install/update_interface/share/update_interface/environment/pythonpath.sh
-- Up-to-date: /home/barbariccia/dev_ws/install/update_interface/share/update_interface/environment/pythonpath.dsv
-- Up-to-date: /home/barbariccia/dev_ws/install/update_interface/lib/python3.8/site-packages/update_interface/__init__.py
-- Up-to-date: /home/barbariccia/dev_ws/install/update_interface/lib/python3.8/site-packages/update_interface/srv
-- Up-to-date: /home/barbariccia/dev_ws/install/update_interface/lib/python3.8/site-packages/update_interface/srv/__init__.py
-- Up-to-date: /home/barbariccia/dev_ws/install/update_interface/lib/python3.8/site-packages/update_interface/srv/_firmware_update_s.c
-- Up-to-date: /home/barbariccia/dev_ws/install/update_interface/lib/python3.8/site-packages/update_interface/srv/_firmware_update.py
-- Up-to-date: /home/barbariccia/dev_ws/install/update_interface/lib/python3.8/site-packages/update_interface/update_interface_s__rosidl_typesupport_fastrtps_c.cpython-38-x86_64-linux-gnu.so
-- Up-to-date: /home/barbariccia/dev_ws/install/update_interface/lib/python3.8/site-packages/update_interface/update_interface_s__rosidl_typesupport_introspection_c.cpython-38-x86_64-linux-gnu.so
-- Up-to-date: /home/barbariccia/dev_ws/install/update_interface/lib/python3.8/site-packages/update_interface/update_interface_s__rosidl_typesupport_c.cpython-38-x86_64-linux-gnu.so
-- Up-to-date: /home/barbariccia/dev_ws/install/update_interface/lib/libupdate_interface__python.so
-- Up-to-date: /home/barbariccia/dev_ws/install/update_interface/share/update_interface/srv/FirmwareUpdate.idl
-- Up-to-date: /home/barbariccia/dev_ws/install/update_interface/share/update_interface/srv/FirmwareUpdate.srv
-- Up-to-date: /home/barbariccia/dev_ws/install/update_interface/share/update_interface/srv/FirmwareUpdate_Request.msg
-- Up-to-date: /home/barbariccia/dev_ws/install/update_interface/share/update_interface/srv/FirmwareUpdate_Response.msg
-- Up-to-date: /home/barbariccia/dev_ws/install/update_interface/share/ament_index/resource_index/package_run_dependencies/update_interface
-- Up-to-date: /home/barbariccia/dev_ws/install/update_interface/share/ament_index/resource_index/parent_prefix_path/update_interface
-- Up-to-date: /home/barbariccia/dev_ws/install/update_interface/share/update_interface/environment/ament_prefix_path.sh
-- Up-to-date: /home/barbariccia/dev_ws/install/update_interface/share/update_interface/environment/ament_prefix_path.dsv
-- Up-to-date: /home/barbariccia/dev_ws/install/update_interface/share/update_interface/environment/path.sh
-- Up-to-date: /home/barbariccia/dev_ws/install/update_interface/share/update_interface/environment/path.dsv
-- Up-to-date: /home/barbariccia/dev_ws/install/update_interface/share/update_interface/local_setup.bash
-- Up-to-date: /home/barbariccia/dev_ws/install/update_interface/share/update_interface/local_setup.sh
-- Up-to-date: /home/barbariccia/dev_ws/install/update_interface/share/update_interface/local_setup.zsh
-- Up-to-date: /home/barbariccia/dev_ws/install/update_interface/share/update_interface/local_setup.dsv
-- Installing: /home/barbariccia/dev_ws/install/update_interface/share/update_interface/package.dsv
-- Up-to-date: /home/barbariccia/dev_ws/install/update_interface/share/ament_index/resource_index/packages/update_interface
-- Up-to-date: /home/barbariccia/dev_ws/install/update_interface/share/update_interface/cmake/update_interface__rosidl_generator_cExport.cmake
-- Up-to-date: /home/barbariccia/dev_ws/install/update_interface/share/update_interface/cmake/update_interface__rosidl_generator_cExport-noconfig.cmake
-- Up-to-date: /home/barbariccia/dev_ws/install/update_interface/share/update_interface/cmake/update_interface__rosidl_typesupport_introspection_cExport.cmake
-- Up-to-date: /home/barbariccia/dev_ws/install/update_interface/share/update_interface/cmake/update_interface__rosidl_typesupport_introspection_cExport-noconfig.cmake
-- Up-to-date: /home/barbariccia/dev_ws/install/update_interface/share/update_interface/cmake/update_interface__rosidl_typesupport_cExport.cmake
-- Up-to-date: /home/barbariccia/dev_ws/install/update_interface/share/update_interface/cmake/update_interface__rosidl_typesupport_cExport-noconfig.cmake
-- Up-to-date: /home/barbariccia/dev_ws/install/update_interface/share/update_interface/cmake/update_interface__rosidl_generator_cppExport.cmake
-- Up-to-date: /home/barbariccia/dev_ws/install/update_interface/share/update_interface/cmake/update_interface__rosidl_typesupport_introspection_cppExport.cmake
-- Up-to-date: /home/barbariccia/dev_ws/install/update_interface/share/update_interface/cmake/update_interface__rosidl_typesupport_introspection_cppExport-noconfig.cmake
-- Up-to-date: /home/barbariccia/dev_ws/install/update_interface/share/update_interface/cmake/update_interface__rosidl_typesupport_cppExport.cmake
-- Up-to-date: /home/barbariccia/dev_ws/install/update_interface/share/update_interface/cmake/update_interface__rosidl_typesupport_cppExport-noconfig.cmake
-- Up-to-date: /home/barbariccia/dev_ws/install/update_interface/share/update_interface/cmake/rosidl_cmake-extras.cmake
-- Up-to-date: /home/barbariccia/dev_ws/install/update_interface/share/update_interface/cmake/ament_cmake_export_dependencies-extras.cmake
-- Up-to-date: /home/barbariccia/dev_ws/install/update_interface/share/update_interface/cmake/ament_cmake_export_libraries-extras.cmake
-- Up-to-date: /home/barbariccia/dev_ws/install/update_interface/share/update_interface/cmake/ament_cmake_export_targets-extras.cmake
-- Up-to-date: /home/barbariccia/dev_ws/install/update_interface/share/update_interface/cmake/ament_cmake_export_include_directories-extras.cmake
-- Up-to-date: /home/barbariccia/dev_ws/install/update_interface/share/update_interface/cmake/rosidl_cmake_export_typesupport_libraries-extras.cmake
-- Up-to-date: /home/barbariccia/dev_ws/install/update_interface/share/update_interface/cmake/rosidl_cmake_export_typesupport_targets-extras.cmake
-- Up-to-date: /home/barbariccia/dev_ws/install/update_interface/share/update_interface/cmake/update_interfaceConfig.cmake
-- Up-to-date: /home/barbariccia/dev_ws/install/update_interface/share/update_interface/cmake/update_interfaceConfig-version.cmake
-- Up-to-date: /home/barbariccia/dev_ws/install/update_interface/share/update_interface/package.xml
