[0.008s] Invoking command in '/home/barbariccia/dev_ws/build/update_interface': CMAKE_PREFIX_PATH=${CMAKE_PREFIX_PATH}:/home/barbariccia/dev_ws/install/update_srvcli:/opt/ros/foxy /usr/bin/cmake --build /home/barbariccia/dev_ws/build/update_interface -- -j32 -l32
[0.056s] [  9%] Built target update_interface__rosidl_generator_c
[0.057s] [ 12%] Built target update_interface__cpp
[0.071s] [ 22%] Built target update_interface__rosidl_typesupport_introspection_c
[0.075s] [ 41%] Built target update_interface__rosidl_typesupport_cpp
[0.075s] [ 41%] Built target update_interface__rosidl_typesupport_c
[0.076s] [ 51%] Built target update_interface__rosidl_typesupport_introspection_cpp
[0.078s] [ 61%] Built target update_interface__rosidl_typesupport_fastrtps_cpp
[0.098s] [ 70%] Built target update_interface__rosidl_typesupport_fastrtps_c
[0.115s] [ 70%] Built target update_interface
[0.132s] [ 74%] Built target update_interface__py
[0.155s] [ 80%] Built target update_interface__python
[0.177s] [ 87%] Built target update_interface__rosidl_typesupport_c__pyext
[0.177s] [ 93%] Built target update_interface__rosidl_typesupport_introspection_c__pyext
[0.180s] [100%] Built target update_interface__rosidl_typesupport_fastrtps_c__pyext
[0.188s] Invoked command in '/home/barbariccia/dev_ws/build/update_interface' returned '0': CMAKE_PREFIX_PATH=${CMAKE_PREFIX_PATH}:/home/barbariccia/dev_ws/install/update_srvcli:/opt/ros/foxy /usr/bin/cmake --build /home/barbariccia/dev_ws/build/update_interface -- -j32 -l32
[0.236s] Invoking command in '/home/barbariccia/dev_ws/build/update_interface': CMAKE_PREFIX_PATH=${CMAKE_PREFIX_PATH}:/home/barbariccia/dev_ws/install/update_srvcli:/opt/ros/foxy /usr/bin/cmake --install /home/barbariccia/dev_ws/build/update_interface
[0.241s] -- Install configuration: ""
[0.242s] -- Up-to-date: /home/barbariccia/dev_ws/install/update_interface/share/ament_index/resource_index/rosidl_interfaces/update_interface
[0.242s] -- Up-to-date: /home/barbariccia/dev_ws/install/update_interface/include/update_interface
[0.242s] -- Up-to-date: /home/barbariccia/dev_ws/install/update_interface/include/update_interface/msg
[0.242s] -- Up-to-date: /home/barbariccia/dev_ws/install/update_interface/include/update_interface/msg/rosidl_generator_c__visibility_control.h
[0.242s] -- Up-to-date: /home/barbariccia/dev_ws/install/update_interface/include/update_interface/srv
[0.242s] -- Up-to-date: /home/barbariccia/dev_ws/install/update_interface/include/update_interface/srv/firmware_update.h
[0.242s] -- Up-to-date: /home/barbariccia/dev_ws/install/update_interface/include/update_interface/srv/detail
[0.242s] -- Up-to-date: /home/barbariccia/dev_ws/install/update_interface/include/update_interface/srv/detail/firmware_update__functions.c
[0.242s] -- Up-to-date: /home/barbariccia/dev_ws/install/update_interface/include/update_interface/srv/detail/firmware_update__functions.h
[0.242s] -- Up-to-date: /home/barbariccia/dev_ws/install/update_interface/include/update_interface/srv/detail/firmware_update__type_support.h
[0.242s] -- Up-to-date: /home/barbariccia/dev_ws/install/update_interface/include/update_interface/srv/detail/firmware_update__struct.h
[0.243s] -- Up-to-date: /home/barbariccia/dev_ws/install/update_interface/share/update_interface/environment/library_path.sh
[0.243s] -- Up-to-date: /home/barbariccia/dev_ws/install/update_interface/share/update_interface/environment/library_path.dsv
[0.243s] -- Up-to-date: /home/barbariccia/dev_ws/install/update_interface/lib/libupdate_interface__rosidl_generator_c.so
[0.243s] -- Up-to-date: /home/barbariccia/dev_ws/install/update_interface/include/update_interface
[0.243s] -- Up-to-date: /home/barbariccia/dev_ws/install/update_interface/include/update_interface/msg
[0.243s] -- Up-to-date: /home/barbariccia/dev_ws/install/update_interface/include/update_interface/msg/rosidl_typesupport_fastrtps_c__visibility_control.h
[0.243s] -- Up-to-date: /home/barbariccia/dev_ws/install/update_interface/include/update_interface/srv
[0.243s] -- Up-to-date: /home/barbariccia/dev_ws/install/update_interface/include/update_interface/srv/detail
[0.243s] -- Up-to-date: /home/barbariccia/dev_ws/install/update_interface/include/update_interface/srv/detail/firmware_update__rosidl_typesupport_fastrtps_c.h
[0.243s] -- Up-to-date: /home/barbariccia/dev_ws/install/update_interface/lib/libupdate_interface__rosidl_typesupport_fastrtps_c.so
[0.243s] -- Up-to-date: /home/barbariccia/dev_ws/install/update_interface/include/update_interface
[0.243s] -- Up-to-date: /home/barbariccia/dev_ws/install/update_interface/include/update_interface/msg
[0.243s] -- Up-to-date: /home/barbariccia/dev_ws/install/update_interface/include/update_interface/msg/rosidl_typesupport_fastrtps_cpp__visibility_control.h
[0.244s] -- Up-to-date: /home/barbariccia/dev_ws/install/update_interface/include/update_interface/srv
[0.244s] -- Up-to-date: /home/barbariccia/dev_ws/install/update_interface/include/update_interface/srv/detail
[0.244s] -- Up-to-date: /home/barbariccia/dev_ws/install/update_interface/include/update_interface/srv/detail/dds_fastrtps
[0.244s] -- Up-to-date: /home/barbariccia/dev_ws/install/update_interface/include/update_interface/srv/detail/firmware_update__rosidl_typesupport_fastrtps_cpp.hpp
[0.244s] -- Up-to-date: /home/barbariccia/dev_ws/install/update_interface/lib/libupdate_interface__rosidl_typesupport_fastrtps_cpp.so
[0.244s] -- Up-to-date: /home/barbariccia/dev_ws/install/update_interface/include/update_interface
[0.244s] -- Up-to-date: /home/barbariccia/dev_ws/install/update_interface/include/update_interface/msg
[0.244s] -- Up-to-date: /home/barbariccia/dev_ws/install/update_interface/include/update_interface/msg/rosidl_typesupport_introspection_c__visibility_control.h
[0.244s] -- Up-to-date: /home/barbariccia/dev_ws/install/update_interface/include/update_interface/srv
[0.244s] -- Up-to-date: /home/barbariccia/dev_ws/install/update_interface/include/update_interface/srv/detail
[0.244s] -- Up-to-date: /home/barbariccia/dev_ws/install/update_interface/include/update_interface/srv/detail/firmware_update__rosidl_typesupport_introspection_c.h
[0.244s] -- Up-to-date: /home/barbariccia/dev_ws/install/update_interface/include/update_interface/srv/detail/firmware_update__type_support.c
[0.244s] -- Up-to-date: /home/barbariccia/dev_ws/install/update_interface/lib/libupdate_interface__rosidl_typesupport_introspection_c.so
[0.244s] -- Up-to-date: /home/barbariccia/dev_ws/install/update_interface/lib/libupdate_interface__rosidl_typesupport_c.so
[0.245s] -- Up-to-date: /home/barbariccia/dev_ws/install/update_interface/include/update_interface
[0.245s] -- Up-to-date: /home/barbariccia/dev_ws/install/update_interface/include/update_interface/srv
[0.245s] -- Up-to-date: /home/barbariccia/dev_ws/install/update_interface/include/update_interface/srv/detail
[0.245s] -- Up-to-date: /home/barbariccia/dev_ws/install/update_interface/include/update_interface/srv/detail/firmware_update__builder.hpp
[0.245s] -- Up-to-date: /home/barbariccia/dev_ws/install/update_interface/include/update_interface/srv/detail/firmware_update__struct.hpp
[0.245s] -- Up-to-date: /home/barbariccia/dev_ws/install/update_interface/include/update_interface/srv/detail/firmware_update__traits.hpp
[0.245s] -- Up-to-date: /home/barbariccia/dev_ws/install/update_interface/include/update_interface/srv/firmware_update.hpp
[0.245s] -- Up-to-date: /home/barbariccia/dev_ws/install/update_interface/include/update_interface
[0.245s] -- Up-to-date: /home/barbariccia/dev_ws/install/update_interface/include/update_interface/srv
[0.245s] -- Up-to-date: /home/barbariccia/dev_ws/install/update_interface/include/update_interface/srv/detail
[0.245s] -- Up-to-date: /home/barbariccia/dev_ws/install/update_interface/include/update_interface/srv/detail/firmware_update__type_support.cpp
[0.245s] -- Up-to-date: /home/barbariccia/dev_ws/install/update_interface/include/update_interface/srv/detail/firmware_update__rosidl_typesupport_introspection_cpp.hpp
[0.245s] -- Up-to-date: /home/barbariccia/dev_ws/install/update_interface/lib/libupdate_interface__rosidl_typesupport_introspection_cpp.so
[0.245s] -- Up-to-date: /home/barbariccia/dev_ws/install/update_interface/lib/libupdate_interface__rosidl_typesupport_cpp.so
[0.245s] -- Up-to-date: /home/barbariccia/dev_ws/install/update_interface/share/update_interface/environment/pythonpath.sh
[0.246s] -- Up-to-date: /home/barbariccia/dev_ws/install/update_interface/share/update_interface/environment/pythonpath.dsv
[0.246s] -- Up-to-date: /home/barbariccia/dev_ws/install/update_interface/lib/python3.8/site-packages/update_interface/__init__.py
[0.267s] -- Up-to-date: /home/barbariccia/dev_ws/install/update_interface/lib/python3.8/site-packages/update_interface/srv
[0.267s] -- Up-to-date: /home/barbariccia/dev_ws/install/update_interface/lib/python3.8/site-packages/update_interface/srv/__init__.py
[0.268s] -- Up-to-date: /home/barbariccia/dev_ws/install/update_interface/lib/python3.8/site-packages/update_interface/srv/_firmware_update_s.c
[0.268s] -- Up-to-date: /home/barbariccia/dev_ws/install/update_interface/lib/python3.8/site-packages/update_interface/srv/_firmware_update.py
[0.268s] -- Up-to-date: /home/barbariccia/dev_ws/install/update_interface/lib/python3.8/site-packages/update_interface/update_interface_s__rosidl_typesupport_fastrtps_c.cpython-38-x86_64-linux-gnu.so
[0.268s] -- Up-to-date: /home/barbariccia/dev_ws/install/update_interface/lib/python3.8/site-packages/update_interface/update_interface_s__rosidl_typesupport_introspection_c.cpython-38-x86_64-linux-gnu.so
[0.269s] -- Up-to-date: /home/barbariccia/dev_ws/install/update_interface/lib/python3.8/site-packages/update_interface/update_interface_s__rosidl_typesupport_c.cpython-38-x86_64-linux-gnu.so
[0.269s] -- Up-to-date: /home/barbariccia/dev_ws/install/update_interface/lib/libupdate_interface__python.so
[0.269s] -- Up-to-date: /home/barbariccia/dev_ws/install/update_interface/share/update_interface/srv/FirmwareUpdate.idl
[0.269s] -- Up-to-date: /home/barbariccia/dev_ws/install/update_interface/share/update_interface/srv/FirmwareUpdate.srv
[0.269s] -- Up-to-date: /home/barbariccia/dev_ws/install/update_interface/share/update_interface/srv/FirmwareUpdate_Request.msg
[0.270s] -- Up-to-date: /home/barbariccia/dev_ws/install/update_interface/share/update_interface/srv/FirmwareUpdate_Response.msg
[0.270s] -- Up-to-date: /home/barbariccia/dev_ws/install/update_interface/share/ament_index/resource_index/package_run_dependencies/update_interface
[0.270s] -- Up-to-date: /home/barbariccia/dev_ws/install/update_interface/share/ament_index/resource_index/parent_prefix_path/update_interface
[0.270s] -- Up-to-date: /home/barbariccia/dev_ws/install/update_interface/share/update_interface/environment/ament_prefix_path.sh
[0.270s] -- Up-to-date: /home/barbariccia/dev_ws/install/update_interface/share/update_interface/environment/ament_prefix_path.dsv
[0.270s] -- Up-to-date: /home/barbariccia/dev_ws/install/update_interface/share/update_interface/environment/path.sh
[0.270s] -- Up-to-date: /home/barbariccia/dev_ws/install/update_interface/share/update_interface/environment/path.dsv
[0.270s] -- Up-to-date: /home/barbariccia/dev_ws/install/update_interface/share/update_interface/local_setup.bash
[0.270s] -- Up-to-date: /home/barbariccia/dev_ws/install/update_interface/share/update_interface/local_setup.sh
[0.270s] -- Up-to-date: /home/barbariccia/dev_ws/install/update_interface/share/update_interface/local_setup.zsh
[0.270s] -- Up-to-date: /home/barbariccia/dev_ws/install/update_interface/share/update_interface/local_setup.dsv
[0.270s] -- Installing: /home/barbariccia/dev_ws/install/update_interface/share/update_interface/package.dsv
[0.270s] -- Up-to-date: /home/barbariccia/dev_ws/install/update_interface/share/ament_index/resource_index/packages/update_interface
[0.271s] -- Up-to-date: /home/barbariccia/dev_ws/install/update_interface/share/update_interface/cmake/update_interface__rosidl_generator_cExport.cmake
[0.271s] -- Up-to-date: /home/barbariccia/dev_ws/install/update_interface/share/update_interface/cmake/update_interface__rosidl_generator_cExport-noconfig.cmake
[0.271s] -- Up-to-date: /home/barbariccia/dev_ws/install/update_interface/share/update_interface/cmake/update_interface__rosidl_typesupport_introspection_cExport.cmake
[0.271s] -- Up-to-date: /home/barbariccia/dev_ws/install/update_interface/share/update_interface/cmake/update_interface__rosidl_typesupport_introspection_cExport-noconfig.cmake
[0.271s] -- Up-to-date: /home/barbariccia/dev_ws/install/update_interface/share/update_interface/cmake/update_interface__rosidl_typesupport_cExport.cmake
[0.271s] -- Up-to-date: /home/barbariccia/dev_ws/install/update_interface/share/update_interface/cmake/update_interface__rosidl_typesupport_cExport-noconfig.cmake
[0.271s] -- Up-to-date: /home/barbariccia/dev_ws/install/update_interface/share/update_interface/cmake/update_interface__rosidl_generator_cppExport.cmake
[0.271s] -- Up-to-date: /home/barbariccia/dev_ws/install/update_interface/share/update_interface/cmake/update_interface__rosidl_typesupport_introspection_cppExport.cmake
[0.271s] -- Up-to-date: /home/barbariccia/dev_ws/install/update_interface/share/update_interface/cmake/update_interface__rosidl_typesupport_introspection_cppExport-noconfig.cmake
[0.271s] -- Up-to-date: /home/barbariccia/dev_ws/install/update_interface/share/update_interface/cmake/update_interface__rosidl_typesupport_cppExport.cmake
[0.271s] -- Up-to-date: /home/barbariccia/dev_ws/install/update_interface/share/update_interface/cmake/update_interface__rosidl_typesupport_cppExport-noconfig.cmake
[0.272s] -- Up-to-date: /home/barbariccia/dev_ws/install/update_interface/share/update_interface/cmake/rosidl_cmake-extras.cmake
[0.272s] -- Up-to-date: /home/barbariccia/dev_ws/install/update_interface/share/update_interface/cmake/ament_cmake_export_dependencies-extras.cmake
[0.272s] -- Up-to-date: /home/barbariccia/dev_ws/install/update_interface/share/update_interface/cmake/ament_cmake_export_libraries-extras.cmake
[0.272s] -- Up-to-date: /home/barbariccia/dev_ws/install/update_interface/share/update_interface/cmake/ament_cmake_export_targets-extras.cmake
[0.272s] -- Up-to-date: /home/barbariccia/dev_ws/install/update_interface/share/update_interface/cmake/ament_cmake_export_include_directories-extras.cmake
[0.272s] -- Up-to-date: /home/barbariccia/dev_ws/install/update_interface/share/update_interface/cmake/rosidl_cmake_export_typesupport_libraries-extras.cmake
[0.272s] -- Up-to-date: /home/barbariccia/dev_ws/install/update_interface/share/update_interface/cmake/rosidl_cmake_export_typesupport_targets-extras.cmake
[0.272s] -- Up-to-date: /home/barbariccia/dev_ws/install/update_interface/share/update_interface/cmake/update_interfaceConfig.cmake
[0.272s] -- Up-to-date: /home/barbariccia/dev_ws/install/update_interface/share/update_interface/cmake/update_interfaceConfig-version.cmake
[0.272s] -- Up-to-date: /home/barbariccia/dev_ws/install/update_interface/share/update_interface/package.xml
[0.273s] Invoked command in '/home/barbariccia/dev_ws/build/update_interface' returned '0': CMAKE_PREFIX_PATH=${CMAKE_PREFIX_PATH}:/home/barbariccia/dev_ws/install/update_srvcli:/opt/ros/foxy /usr/bin/cmake --install /home/barbariccia/dev_ws/build/update_interface
