[0.078s] DEBUG:colcon:Command line arguments: ['/usr/bin/colcon', 'build', '--packages-select', 'update_interface']
[0.078s] DEBUG:colcon:Parsed command line arguments: Namespace(allow_overriding=[], ament_cmake_args=None, base_paths=['.'], build_base='build', catkin_cmake_args=None, catkin_skip_building_tests=False, cmake_args=None, cmake_clean_cache=False, cmake_clean_first=False, cmake_force_configure=False, cmake_target=None, cmake_target_skip_unavailable=False, continue_on_error=False, event_handlers=None, executor='parallel', ignore_user_meta=False, install_base='install', log_base=None, log_level=None, main=<bound method BuildVerb.main of <colcon_core.verb.build.BuildVerb object at 0x7f1c5464a5b0>>, merge_install=False, metas=['./colcon.meta'], packages_above=None, packages_above_and_dependencies=None, packages_above_depth=None, packages_end=None, packages_ignore=None, packages_ignore_regex=None, packages_select=['update_interface'], packages_select_build_failed=False, packages_select_by_dep=None, packages_select_regex=None, packages_select_test_failures=False, packages_skip=None, packages_skip_build_finished=False, packages_skip_by_dep=None, packages_skip_regex=None, packages_skip_test_passed=False, packages_skip_up_to=None, packages_start=None, packages_up_to=None, packages_up_to_regex=None, parallel_workers=32, paths=None, symlink_install=False, test_result_base=None, verb_extension=<colcon_core.verb.build.BuildVerb object at 0x7f1c5464a5b0>, verb_name='build', verb_parser=<colcon_defaults.argument_parser.defaults.DefaultArgumentsDecorator object at 0x7f1c5464aaf0>)
[0.080s] Level 1:colcon.colcon_core.package_discovery:discover_packages(colcon_meta) check parameters
[0.080s] Level 1:colcon.colcon_core.package_discovery:discover_packages(recursive) check parameters
[0.080s] Level 1:colcon.colcon_core.package_discovery:discover_packages(ignore) check parameters
[0.080s] Level 1:colcon.colcon_core.package_discovery:discover_packages(path) check parameters
[0.080s] Level 1:colcon.colcon_core.package_discovery:discover_packages(colcon_meta) discover
[0.080s] Level 1:colcon.colcon_core.package_discovery:discover_packages(recursive) discover
[0.080s] INFO:colcon.colcon_core.package_discovery:Crawling recursively for packages in '/home/barbariccia/dev_ws'
[0.080s] Level 1:colcon.colcon_core.package_identification:_identify(.) by extensions ['ignore', 'ignore_ament_install']
[0.081s] Level 1:colcon.colcon_core.package_identification:_identify(.) by extension 'ignore'
[0.081s] Level 1:colcon.colcon_core.package_identification:_identify(.) by extension 'ignore_ament_install'
[0.081s] Level 1:colcon.colcon_core.package_identification:_identify(.) by extensions ['colcon_pkg']
[0.081s] Level 1:colcon.colcon_core.package_identification:_identify(.) by extension 'colcon_pkg'
[0.081s] Level 1:colcon.colcon_core.package_identification:_identify(.) by extensions ['colcon_meta']
[0.081s] Level 1:colcon.colcon_core.package_identification:_identify(.) by extension 'colcon_meta'
[0.081s] Level 1:colcon.colcon_core.package_identification:_identify(.) by extensions ['ros']
[0.081s] Level 1:colcon.colcon_core.package_identification:_identify(.) by extension 'ros'
[0.087s] Level 1:colcon.colcon_core.package_identification:_identify(.) by extensions ['cmake', 'python']
[0.087s] Level 1:colcon.colcon_core.package_identification:_identify(.) by extension 'cmake'
[0.087s] Level 1:colcon.colcon_core.package_identification:_identify(.) by extension 'python'
[0.087s] Level 1:colcon.colcon_core.package_identification:_identify(.) by extensions ['python_setup_py']
[0.087s] Level 1:colcon.colcon_core.package_identification:_identify(.) by extension 'python_setup_py'
[0.087s] Level 1:colcon.colcon_core.package_identification:_identify(build) by extensions ['ignore', 'ignore_ament_install']
[0.087s] Level 1:colcon.colcon_core.package_identification:_identify(build) by extension 'ignore'
[0.087s] Level 1:colcon.colcon_core.package_identification:_identify(build) ignored
[0.087s] Level 1:colcon.colcon_core.package_identification:_identify(install) by extensions ['ignore', 'ignore_ament_install']
[0.087s] Level 1:colcon.colcon_core.package_identification:_identify(install) by extension 'ignore'
[0.087s] Level 1:colcon.colcon_core.package_identification:_identify(install) ignored
[0.087s] Level 1:colcon.colcon_core.package_identification:_identify(log) by extensions ['ignore', 'ignore_ament_install']
[0.087s] Level 1:colcon.colcon_core.package_identification:_identify(log) by extension 'ignore'
[0.087s] Level 1:colcon.colcon_core.package_identification:_identify(log) ignored
[0.088s] Level 1:colcon.colcon_core.package_identification:_identify(src) by extensions ['ignore', 'ignore_ament_install']
[0.088s] Level 1:colcon.colcon_core.package_identification:_identify(src) by extension 'ignore'
[0.088s] Level 1:colcon.colcon_core.package_identification:_identify(src) by extension 'ignore_ament_install'
[0.088s] Level 1:colcon.colcon_core.package_identification:_identify(src) by extensions ['colcon_pkg']
[0.088s] Level 1:colcon.colcon_core.package_identification:_identify(src) by extension 'colcon_pkg'
[0.088s] Level 1:colcon.colcon_core.package_identification:_identify(src) by extensions ['colcon_meta']
[0.088s] Level 1:colcon.colcon_core.package_identification:_identify(src) by extension 'colcon_meta'
[0.088s] Level 1:colcon.colcon_core.package_identification:_identify(src) by extensions ['ros']
[0.088s] Level 1:colcon.colcon_core.package_identification:_identify(src) by extension 'ros'
[0.088s] Level 1:colcon.colcon_core.package_identification:_identify(src) by extensions ['cmake', 'python']
[0.088s] Level 1:colcon.colcon_core.package_identification:_identify(src) by extension 'cmake'
[0.088s] Level 1:colcon.colcon_core.package_identification:_identify(src) by extension 'python'
[0.088s] Level 1:colcon.colcon_core.package_identification:_identify(src) by extensions ['python_setup_py']
[0.088s] Level 1:colcon.colcon_core.package_identification:_identify(src) by extension 'python_setup_py'
[0.088s] Level 1:colcon.colcon_core.package_identification:_identify(src/update_interface) by extensions ['ignore', 'ignore_ament_install']
[0.088s] Level 1:colcon.colcon_core.package_identification:_identify(src/update_interface) by extension 'ignore'
[0.088s] Level 1:colcon.colcon_core.package_identification:_identify(src/update_interface) by extension 'ignore_ament_install'
[0.088s] Level 1:colcon.colcon_core.package_identification:_identify(src/update_interface) by extensions ['colcon_pkg']
[0.088s] Level 1:colcon.colcon_core.package_identification:_identify(src/update_interface) by extension 'colcon_pkg'
[0.088s] Level 1:colcon.colcon_core.package_identification:_identify(src/update_interface) by extensions ['colcon_meta']
[0.088s] Level 1:colcon.colcon_core.package_identification:_identify(src/update_interface) by extension 'colcon_meta'
[0.088s] Level 1:colcon.colcon_core.package_identification:_identify(src/update_interface) by extensions ['ros']
[0.088s] Level 1:colcon.colcon_core.package_identification:_identify(src/update_interface) by extension 'ros'
[0.089s] DEBUG:colcon.colcon_core.package_identification:Package 'src/update_interface' with type 'ros.ament_cmake' and name 'update_interface'
[0.090s] Level 1:colcon.colcon_core.package_identification:_identify(src/update_srvcli) by extensions ['ignore', 'ignore_ament_install']
[0.090s] Level 1:colcon.colcon_core.package_identification:_identify(src/update_srvcli) by extension 'ignore'
[0.090s] Level 1:colcon.colcon_core.package_identification:_identify(src/update_srvcli) by extension 'ignore_ament_install'
[0.090s] Level 1:colcon.colcon_core.package_identification:_identify(src/update_srvcli) by extensions ['colcon_pkg']
[0.090s] Level 1:colcon.colcon_core.package_identification:_identify(src/update_srvcli) by extension 'colcon_pkg'
[0.090s] Level 1:colcon.colcon_core.package_identification:_identify(src/update_srvcli) by extensions ['colcon_meta']
[0.090s] Level 1:colcon.colcon_core.package_identification:_identify(src/update_srvcli) by extension 'colcon_meta'
[0.090s] Level 1:colcon.colcon_core.package_identification:_identify(src/update_srvcli) by extensions ['ros']
[0.090s] Level 1:colcon.colcon_core.package_identification:_identify(src/update_srvcli) by extension 'ros'
[0.090s] DEBUG:colcon.colcon_core.package_identification:Package 'src/update_srvcli' with type 'ros.ament_python' and name 'update_srvcli'
[0.090s] Level 1:colcon.colcon_core.package_discovery:discover_packages(recursive) using defaults
[0.090s] Level 1:colcon.colcon_core.package_discovery:discover_packages(ignore) discover
[0.090s] Level 1:colcon.colcon_core.package_discovery:discover_packages(ignore) using defaults
[0.090s] Level 1:colcon.colcon_core.package_discovery:discover_packages(path) discover
[0.090s] Level 1:colcon.colcon_core.package_discovery:discover_packages(path) using defaults
[0.100s] INFO:colcon.colcon_core.package_selection:Skipping not selected package 'update_srvcli' in 'src/update_srvcli'
[0.100s] Level 5:colcon.colcon_core.verb:set package 'update_interface' build argument 'cmake_args' from command line to 'None'
[0.100s] Level 5:colcon.colcon_core.verb:set package 'update_interface' build argument 'cmake_target' from command line to 'None'
[0.100s] Level 5:colcon.colcon_core.verb:set package 'update_interface' build argument 'cmake_target_skip_unavailable' from command line to 'False'
[0.100s] Level 5:colcon.colcon_core.verb:set package 'update_interface' build argument 'cmake_clean_cache' from command line to 'False'
[0.100s] Level 5:colcon.colcon_core.verb:set package 'update_interface' build argument 'cmake_clean_first' from command line to 'False'
[0.100s] Level 5:colcon.colcon_core.verb:set package 'update_interface' build argument 'cmake_force_configure' from command line to 'False'
[0.100s] Level 5:colcon.colcon_core.verb:set package 'update_interface' build argument 'ament_cmake_args' from command line to 'None'
[0.100s] Level 5:colcon.colcon_core.verb:set package 'update_interface' build argument 'catkin_cmake_args' from command line to 'None'
[0.100s] Level 5:colcon.colcon_core.verb:set package 'update_interface' build argument 'catkin_skip_building_tests' from command line to 'False'
[0.100s] DEBUG:colcon.colcon_core.verb:Building package 'update_interface' with the following arguments: {'ament_cmake_args': None, 'build_base': '/home/barbariccia/dev_ws/build/update_interface', 'catkin_cmake_args': None, 'catkin_skip_building_tests': False, 'cmake_args': None, 'cmake_clean_cache': False, 'cmake_clean_first': False, 'cmake_force_configure': False, 'cmake_target': None, 'cmake_target_skip_unavailable': False, 'install_base': '/home/barbariccia/dev_ws/install/update_interface', 'merge_install': False, 'path': '/home/barbariccia/dev_ws/src/update_interface', 'symlink_install': False, 'test_result_base': None}
[0.102s] INFO:colcon.colcon_core.executor:Executing jobs using 'parallel' executor
[0.104s] DEBUG:colcon.colcon_parallel_executor.executor.parallel:run_until_complete
[0.104s] INFO:colcon.colcon_ros.task.ament_cmake.build:Building ROS package in '/home/barbariccia/dev_ws/src/update_interface' with build type 'ament_cmake'
[0.104s] INFO:colcon.colcon_cmake.task.cmake.build:Building CMake package in '/home/barbariccia/dev_ws/src/update_interface'
[0.106s] INFO:colcon.colcon_core.plugin_system:Skipping extension 'colcon_core.shell.bat': Not used on non-Windows systems
[0.106s] INFO:colcon.colcon_core.shell:Skip shell extension 'powershell' for command environment: Not usable outside of PowerShell
[0.106s] DEBUG:colcon.colcon_core.shell:Skip shell extension 'dsv' for command environment
[0.111s] DEBUG:colcon.colcon_core.event_handler.log_command:Invoking command in '/home/barbariccia/dev_ws/build/update_interface': CMAKE_PREFIX_PATH=${CMAKE_PREFIX_PATH}:/home/barbariccia/dev_ws/install/update_srvcli:/opt/ros/foxy /usr/bin/cmake /home/barbariccia/dev_ws/src/update_interface -DCMAKE_INSTALL_PREFIX=/home/barbariccia/dev_ws/install/update_interface
[1.078s] DEBUG:colcon.colcon_core.event_handler.log_command:Invoked command in '/home/barbariccia/dev_ws/build/update_interface' returned '0': CMAKE_PREFIX_PATH=${CMAKE_PREFIX_PATH}:/home/barbariccia/dev_ws/install/update_srvcli:/opt/ros/foxy /usr/bin/cmake /home/barbariccia/dev_ws/src/update_interface -DCMAKE_INSTALL_PREFIX=/home/barbariccia/dev_ws/install/update_interface
[1.079s] DEBUG:colcon.colcon_core.event_handler.log_command:Invoking command in '/home/barbariccia/dev_ws/build/update_interface': CMAKE_PREFIX_PATH=${CMAKE_PREFIX_PATH}:/home/barbariccia/dev_ws/install/update_srvcli:/opt/ros/foxy /usr/bin/cmake --build /home/barbariccia/dev_ws/build/update_interface -- -j32 -l32
[2.694s] DEBUG:colcon.colcon_core.event_handler.log_command:Invoked command in '/home/barbariccia/dev_ws/build/update_interface' returned '0': CMAKE_PREFIX_PATH=${CMAKE_PREFIX_PATH}:/home/barbariccia/dev_ws/install/update_srvcli:/opt/ros/foxy /usr/bin/cmake --build /home/barbariccia/dev_ws/build/update_interface -- -j32 -l32
[2.738s] DEBUG:colcon.colcon_core.event_handler.log_command:Invoking command in '/home/barbariccia/dev_ws/build/update_interface': CMAKE_PREFIX_PATH=${CMAKE_PREFIX_PATH}:/home/barbariccia/dev_ws/install/update_srvcli:/opt/ros/foxy /usr/bin/cmake --install /home/barbariccia/dev_ws/build/update_interface
[2.779s] Level 1:colcon.colcon_core.environment:create_environment_scripts_only(update_interface)
[2.780s] DEBUG:colcon.colcon_core.event_handler.log_command:Invoked command in '/home/barbariccia/dev_ws/build/update_interface' returned '0': CMAKE_PREFIX_PATH=${CMAKE_PREFIX_PATH}:/home/barbariccia/dev_ws/install/update_srvcli:/opt/ros/foxy /usr/bin/cmake --install /home/barbariccia/dev_ws/build/update_interface
[2.783s] Level 1:colcon.colcon_core.environment:checking '/home/barbariccia/dev_ws/install/update_interface' for CMake module files
[2.783s] Level 1:colcon.colcon_core.environment:checking '/home/barbariccia/dev_ws/install/update_interface' for CMake config files
[2.784s] Level 1:colcon.colcon_core.shell:create_environment_hook('update_interface', 'cmake_prefix_path')
[2.784s] INFO:colcon.colcon_core.shell:Creating environment hook '/home/barbariccia/dev_ws/install/update_interface/share/update_interface/hook/cmake_prefix_path.ps1'
[2.785s] INFO:colcon.colcon_core.shell:Creating environment descriptor '/home/barbariccia/dev_ws/install/update_interface/share/update_interface/hook/cmake_prefix_path.dsv'
[2.785s] INFO:colcon.colcon_core.shell:Creating environment hook '/home/barbariccia/dev_ws/install/update_interface/share/update_interface/hook/cmake_prefix_path.sh'
[2.786s] Level 1:colcon.colcon_core.environment:checking '/home/barbariccia/dev_ws/install/update_interface/lib'
[2.786s] Level 1:colcon.colcon_core.shell:create_environment_hook('update_interface', 'ld_library_path_lib')
[2.786s] INFO:colcon.colcon_core.shell:Creating environment hook '/home/barbariccia/dev_ws/install/update_interface/share/update_interface/hook/ld_library_path_lib.ps1'
[2.786s] INFO:colcon.colcon_core.shell:Creating environment descriptor '/home/barbariccia/dev_ws/install/update_interface/share/update_interface/hook/ld_library_path_lib.dsv'
[2.787s] INFO:colcon.colcon_core.shell:Creating environment hook '/home/barbariccia/dev_ws/install/update_interface/share/update_interface/hook/ld_library_path_lib.sh'
[2.787s] Level 1:colcon.colcon_core.environment:checking '/home/barbariccia/dev_ws/install/update_interface/bin'
[2.787s] Level 1:colcon.colcon_core.environment:checking '/home/barbariccia/dev_ws/install/update_interface/lib/pkgconfig/update_interface.pc'
[2.787s] Level 1:colcon.colcon_core.environment:checking '/home/barbariccia/dev_ws/install/update_interface/lib/python3.8/site-packages'
[2.787s] Level 1:colcon.colcon_core.shell:create_environment_hook('update_interface', 'pythonpath')
[2.787s] INFO:colcon.colcon_core.shell:Creating environment hook '/home/barbariccia/dev_ws/install/update_interface/share/update_interface/hook/pythonpath.ps1'
[2.788s] INFO:colcon.colcon_core.shell:Creating environment descriptor '/home/barbariccia/dev_ws/install/update_interface/share/update_interface/hook/pythonpath.dsv'
[2.788s] INFO:colcon.colcon_core.shell:Creating environment hook '/home/barbariccia/dev_ws/install/update_interface/share/update_interface/hook/pythonpath.sh'
[2.788s] INFO:colcon.colcon_core.shell:Creating package script '/home/barbariccia/dev_ws/install/update_interface/share/update_interface/package.ps1'
[2.789s] INFO:colcon.colcon_core.shell:Creating package descriptor '/home/barbariccia/dev_ws/install/update_interface/share/update_interface/package.dsv'
[2.789s] INFO:colcon.colcon_core.shell:Creating package script '/home/barbariccia/dev_ws/install/update_interface/share/update_interface/package.sh'
[2.790s] INFO:colcon.colcon_core.shell:Creating package script '/home/barbariccia/dev_ws/install/update_interface/share/update_interface/package.bash'
[2.791s] INFO:colcon.colcon_core.shell:Creating package script '/home/barbariccia/dev_ws/install/update_interface/share/update_interface/package.zsh'
[2.791s] Level 1:colcon.colcon_core.environment:create_file_with_runtime_dependencies(/home/barbariccia/dev_ws/install/update_interface/share/colcon-core/packages/update_interface)
[2.828s] Level 1:colcon.colcon_core.environment:create_environment_scripts_only(update_interface)
[2.829s] Level 1:colcon.colcon_core.environment:checking '/home/barbariccia/dev_ws/install/update_interface' for CMake module files
[2.830s] Level 1:colcon.colcon_core.environment:checking '/home/barbariccia/dev_ws/install/update_interface' for CMake config files
[2.830s] Level 1:colcon.colcon_core.shell:create_environment_hook('update_interface', 'cmake_prefix_path')
[2.831s] INFO:colcon.colcon_core.shell:Creating environment hook '/home/barbariccia/dev_ws/install/update_interface/share/update_interface/hook/cmake_prefix_path.ps1'
[2.831s] INFO:colcon.colcon_core.shell:Creating environment descriptor '/home/barbariccia/dev_ws/install/update_interface/share/update_interface/hook/cmake_prefix_path.dsv'
[2.832s] INFO:colcon.colcon_core.shell:Creating environment hook '/home/barbariccia/dev_ws/install/update_interface/share/update_interface/hook/cmake_prefix_path.sh'
[2.832s] Level 1:colcon.colcon_core.environment:checking '/home/barbariccia/dev_ws/install/update_interface/lib'
[2.832s] Level 1:colcon.colcon_core.shell:create_environment_hook('update_interface', 'ld_library_path_lib')
[2.833s] INFO:colcon.colcon_core.shell:Creating environment hook '/home/barbariccia/dev_ws/install/update_interface/share/update_interface/hook/ld_library_path_lib.ps1'
[2.833s] INFO:colcon.colcon_core.shell:Creating environment descriptor '/home/barbariccia/dev_ws/install/update_interface/share/update_interface/hook/ld_library_path_lib.dsv'
[2.834s] INFO:colcon.colcon_core.shell:Creating environment hook '/home/barbariccia/dev_ws/install/update_interface/share/update_interface/hook/ld_library_path_lib.sh'
[2.834s] Level 1:colcon.colcon_core.environment:checking '/home/barbariccia/dev_ws/install/update_interface/bin'
[2.834s] Level 1:colcon.colcon_core.environment:checking '/home/barbariccia/dev_ws/install/update_interface/lib/pkgconfig/update_interface.pc'
[2.834s] Level 1:colcon.colcon_core.environment:checking '/home/barbariccia/dev_ws/install/update_interface/lib/python3.8/site-packages'
[2.834s] Level 1:colcon.colcon_core.shell:create_environment_hook('update_interface', 'pythonpath')
[2.835s] INFO:colcon.colcon_core.shell:Creating environment hook '/home/barbariccia/dev_ws/install/update_interface/share/update_interface/hook/pythonpath.ps1'
[2.835s] INFO:colcon.colcon_core.shell:Creating environment descriptor '/home/barbariccia/dev_ws/install/update_interface/share/update_interface/hook/pythonpath.dsv'
[2.835s] INFO:colcon.colcon_core.shell:Creating environment hook '/home/barbariccia/dev_ws/install/update_interface/share/update_interface/hook/pythonpath.sh'
[2.836s] INFO:colcon.colcon_core.shell:Creating package script '/home/barbariccia/dev_ws/install/update_interface/share/update_interface/package.ps1'
[2.837s] INFO:colcon.colcon_core.shell:Creating package descriptor '/home/barbariccia/dev_ws/install/update_interface/share/update_interface/package.dsv'
[2.837s] INFO:colcon.colcon_core.shell:Creating package script '/home/barbariccia/dev_ws/install/update_interface/share/update_interface/package.sh'
[2.837s] INFO:colcon.colcon_core.shell:Creating package script '/home/barbariccia/dev_ws/install/update_interface/share/update_interface/package.bash'
[2.838s] INFO:colcon.colcon_core.shell:Creating package script '/home/barbariccia/dev_ws/install/update_interface/share/update_interface/package.zsh'
[2.838s] Level 1:colcon.colcon_core.environment:create_file_with_runtime_dependencies(/home/barbariccia/dev_ws/install/update_interface/share/colcon-core/packages/update_interface)
[2.838s] DEBUG:colcon.colcon_parallel_executor.executor.parallel:closing loop
[2.838s] DEBUG:colcon.colcon_parallel_executor.executor.parallel:loop closed
[2.838s] DEBUG:colcon.colcon_parallel_executor.executor.parallel:run_until_complete finished with '0'
[2.838s] DEBUG:colcon.colcon_core.event_reactor:joining thread
[2.843s] INFO:colcon.colcon_core.plugin_system:Skipping extension 'colcon_notification.desktop_notification.notify_send': Could not find 'notify-send'
[2.843s] INFO:colcon.colcon_core.plugin_system:Skipping extension 'colcon_notification.desktop_notification.terminal_notifier': Not used on non-Darwin systems
[2.843s] INFO:colcon.colcon_core.plugin_system:Skipping extension 'colcon_notification.desktop_notification.win32': Not used on non-Windows systems
[2.843s] INFO:colcon.colcon_notification.desktop_notification:Sending desktop notification using 'notify2'
[2.844s] DEBUG:colcon.colcon_notification.desktop_notification.notify2:Failed to initialize notify2: org.freedesktop.DBus.Error.ServiceUnknown: The name org.freedesktop.Notifications was not provided by any .service files
[2.844s] DEBUG:colcon.colcon_core.event_reactor:joined thread
[2.845s] INFO:colcon.colcon_core.shell:Creating prefix script '/home/barbariccia/dev_ws/install/local_setup.ps1'
[2.845s] INFO:colcon.colcon_core.shell:Creating prefix util module '/home/barbariccia/dev_ws/install/_local_setup_util_ps1.py'
[2.846s] INFO:colcon.colcon_core.shell:Creating prefix chain script '/home/barbariccia/dev_ws/install/setup.ps1'
[2.846s] INFO:colcon.colcon_core.shell:Creating prefix script '/home/barbariccia/dev_ws/install/local_setup.sh'
[2.847s] INFO:colcon.colcon_core.shell:Creating prefix util module '/home/barbariccia/dev_ws/install/_local_setup_util_sh.py'
[2.847s] INFO:colcon.colcon_core.shell:Creating prefix chain script '/home/barbariccia/dev_ws/install/setup.sh'
[2.847s] INFO:colcon.colcon_core.shell:Creating prefix script '/home/barbariccia/dev_ws/install/local_setup.bash'
[2.848s] INFO:colcon.colcon_core.shell:Creating prefix chain script '/home/barbariccia/dev_ws/install/setup.bash'
[2.848s] INFO:colcon.colcon_core.shell:Creating prefix script '/home/barbariccia/dev_ws/install/local_setup.zsh'
[2.848s] INFO:colcon.colcon_core.shell:Creating prefix chain script '/home/barbariccia/dev_ws/install/setup.zsh'
