-- Found ament_cmake: 0.9.9 (/opt/ros/foxy/share/ament_cmake/cmake)
-- Using PYTHON_EXECUTABLE: /usr/bin/python3
-- Found ament_lint_auto: 0.9.6 (/opt/ros/foxy/share/ament_lint_auto/cmake)
-- Found rosidl_default_generators: 1.0.1 (/opt/ros/foxy/share/rosidl_default_generators/cmake)
-- Using all available rosidl_typesupport_c: rosidl_typesupport_fastrtps_c;rosidl_typesupport_introspection_c
-- Found rosidl_adapter: 1.2.1 (/opt/ros/foxy/share/rosidl_adapter/cmake)
-- Using all available rosidl_typesupport_cpp: rosidl_typesupport_fastrtps_cpp;rosidl_typesupport_introspection_cpp
-- Found PythonInterp: /usr/bin/python3 (found version "3.8.10") 
-- Found ament_cmake_ros: 0.9.2 (/opt/ros/foxy/share/ament_cmake_ros/cmake)
-- Using all available rosidl_typesupport_c: rosidl_typesupport_fastrtps_c;rosidl_typesupport_introspection_c
-- Using all available rosidl_typesupport_cpp: rosidl_typesupport_fastrtps_cpp;rosidl_typesupport_introspection_cpp
-- Found PythonInterp: /usr/bin/python3 (found suitable version "3.8.10", minimum required is "3.5") 
-- Found python_cmake_module: 0.8.1 (/opt/ros/foxy/share/python_cmake_module/cmake)
-- Using PYTHON_EXECUTABLE: /usr/bin/python3
-- Using PYTHON_INCLUDE_DIRS: /usr/include/python3.8
-- Using PYTHON_LIBRARIES: /usr/lib/x86_64-linux-gnu/libpython3.8.so
-- Added test 'copyright' to check source files copyright and LICENSE
-- Added test 'flake8' to check Python code syntax and style conventions
-- Added test 'lint_cmake' to check CMake code style
-- Added test 'pep257' to check Python code against some of the style conventions in PEP 257
-- Added test 'xmllint' to check XML markup files
-- Configuring done
-- Generating done
-- Build files have been written to: /home/barbariccia/dev_ws/build/tftp_update
[  9%] Built target tftp_update__rosidl_generator_c
[ 12%] Built target tftp_update__cpp
[ 22%] Built target tftp_update__rosidl_typesupport_c
[ 32%] Built target tftp_update__rosidl_typesupport_cpp
[ 41%] Built target tftp_update__rosidl_typesupport_introspection_c
[ 51%] Built target tftp_update__rosidl_typesupport_introspection_cpp
[ 61%] Built target tftp_update__rosidl_typesupport_fastrtps_cpp
[ 70%] Built target tftp_update__rosidl_typesupport_fastrtps_c
[ 70%] Built target tftp_update
[ 74%] Built target tftp_update__py
[ 80%] Built target tftp_update__python
[ 87%] Built target tftp_update__rosidl_typesupport_fastrtps_c__pyext
[ 93%] Built target tftp_update__rosidl_typesupport_introspection_c__pyext
[100%] Built target tftp_update__rosidl_typesupport_c__pyext
-- Install configuration: ""
-- Up-to-date: /home/barbariccia/dev_ws/install/tftp_update/share/ament_index/resource_index/rosidl_interfaces/tftp_update
-- Up-to-date: /home/barbariccia/dev_ws/install/tftp_update/include/tftp_update
-- Up-to-date: /home/barbariccia/dev_ws/install/tftp_update/include/tftp_update/msg
-- Up-to-date: /home/barbariccia/dev_ws/install/tftp_update/include/tftp_update/msg/rosidl_generator_c__visibility_control.h
-- Up-to-date: /home/barbariccia/dev_ws/install/tftp_update/include/tftp_update/srv
-- Up-to-date: /home/barbariccia/dev_ws/install/tftp_update/include/tftp_update/srv/firmware_update.h
-- Up-to-date: /home/barbariccia/dev_ws/install/tftp_update/include/tftp_update/srv/detail
-- Up-to-date: /home/barbariccia/dev_ws/install/tftp_update/include/tftp_update/srv/detail/firmware_update__functions.c
-- Up-to-date: /home/barbariccia/dev_ws/install/tftp_update/include/tftp_update/srv/detail/firmware_update__functions.h
-- Up-to-date: /home/barbariccia/dev_ws/install/tftp_update/include/tftp_update/srv/detail/firmware_update__type_support.h
-- Up-to-date: /home/barbariccia/dev_ws/install/tftp_update/include/tftp_update/srv/detail/firmware_update__struct.h
-- Up-to-date: /home/barbariccia/dev_ws/install/tftp_update/share/tftp_update/environment/library_path.sh
-- Installing: /home/barbariccia/dev_ws/install/tftp_update/share/tftp_update/environment/library_path.dsv
-- Up-to-date: /home/barbariccia/dev_ws/install/tftp_update/lib/libtftp_update__rosidl_generator_c.so
-- Up-to-date: /home/barbariccia/dev_ws/install/tftp_update/include/tftp_update
-- Up-to-date: /home/barbariccia/dev_ws/install/tftp_update/include/tftp_update/msg
-- Up-to-date: /home/barbariccia/dev_ws/install/tftp_update/include/tftp_update/msg/rosidl_typesupport_fastrtps_c__visibility_control.h
-- Up-to-date: /home/barbariccia/dev_ws/install/tftp_update/include/tftp_update/srv
-- Up-to-date: /home/barbariccia/dev_ws/install/tftp_update/include/tftp_update/srv/detail
-- Up-to-date: /home/barbariccia/dev_ws/install/tftp_update/include/tftp_update/srv/detail/firmware_update__rosidl_typesupport_fastrtps_c.h
-- Up-to-date: /home/barbariccia/dev_ws/install/tftp_update/lib/libtftp_update__rosidl_typesupport_fastrtps_c.so
-- Up-to-date: /home/barbariccia/dev_ws/install/tftp_update/include/tftp_update
-- Up-to-date: /home/barbariccia/dev_ws/install/tftp_update/include/tftp_update/msg
-- Up-to-date: /home/barbariccia/dev_ws/install/tftp_update/include/tftp_update/msg/rosidl_typesupport_fastrtps_cpp__visibility_control.h
-- Up-to-date: /home/barbariccia/dev_ws/install/tftp_update/include/tftp_update/srv
-- Up-to-date: /home/barbariccia/dev_ws/install/tftp_update/include/tftp_update/srv/detail
-- Up-to-date: /home/barbariccia/dev_ws/install/tftp_update/include/tftp_update/srv/detail/dds_fastrtps
-- Up-to-date: /home/barbariccia/dev_ws/install/tftp_update/include/tftp_update/srv/detail/firmware_update__rosidl_typesupport_fastrtps_cpp.hpp
-- Up-to-date: /home/barbariccia/dev_ws/install/tftp_update/lib/libtftp_update__rosidl_typesupport_fastrtps_cpp.so
-- Up-to-date: /home/barbariccia/dev_ws/install/tftp_update/include/tftp_update
-- Up-to-date: /home/barbariccia/dev_ws/install/tftp_update/include/tftp_update/msg
-- Up-to-date: /home/barbariccia/dev_ws/install/tftp_update/include/tftp_update/msg/rosidl_typesupport_introspection_c__visibility_control.h
-- Up-to-date: /home/barbariccia/dev_ws/install/tftp_update/include/tftp_update/srv
-- Up-to-date: /home/barbariccia/dev_ws/install/tftp_update/include/tftp_update/srv/detail
-- Up-to-date: /home/barbariccia/dev_ws/install/tftp_update/include/tftp_update/srv/detail/firmware_update__rosidl_typesupport_introspection_c.h
-- Up-to-date: /home/barbariccia/dev_ws/install/tftp_update/include/tftp_update/srv/detail/firmware_update__type_support.c
-- Up-to-date: /home/barbariccia/dev_ws/install/tftp_update/lib/libtftp_update__rosidl_typesupport_introspection_c.so
-- Up-to-date: /home/barbariccia/dev_ws/install/tftp_update/lib/libtftp_update__rosidl_typesupport_c.so
-- Up-to-date: /home/barbariccia/dev_ws/install/tftp_update/include/tftp_update
-- Up-to-date: /home/barbariccia/dev_ws/install/tftp_update/include/tftp_update/srv
-- Up-to-date: /home/barbariccia/dev_ws/install/tftp_update/include/tftp_update/srv/detail
-- Up-to-date: /home/barbariccia/dev_ws/install/tftp_update/include/tftp_update/srv/detail/firmware_update__builder.hpp
-- Up-to-date: /home/barbariccia/dev_ws/install/tftp_update/include/tftp_update/srv/detail/firmware_update__struct.hpp
-- Up-to-date: /home/barbariccia/dev_ws/install/tftp_update/include/tftp_update/srv/detail/firmware_update__traits.hpp
-- Up-to-date: /home/barbariccia/dev_ws/install/tftp_update/include/tftp_update/srv/firmware_update.hpp
-- Up-to-date: /home/barbariccia/dev_ws/install/tftp_update/include/tftp_update
-- Up-to-date: /home/barbariccia/dev_ws/install/tftp_update/include/tftp_update/srv
-- Up-to-date: /home/barbariccia/dev_ws/install/tftp_update/include/tftp_update/srv/detail
-- Up-to-date: /home/barbariccia/dev_ws/install/tftp_update/include/tftp_update/srv/detail/firmware_update__type_support.cpp
-- Up-to-date: /home/barbariccia/dev_ws/install/tftp_update/include/tftp_update/srv/detail/firmware_update__rosidl_typesupport_introspection_cpp.hpp
-- Up-to-date: /home/barbariccia/dev_ws/install/tftp_update/lib/libtftp_update__rosidl_typesupport_introspection_cpp.so
-- Up-to-date: /home/barbariccia/dev_ws/install/tftp_update/lib/libtftp_update__rosidl_typesupport_cpp.so
-- Up-to-date: /home/barbariccia/dev_ws/install/tftp_update/share/tftp_update/environment/pythonpath.sh
-- Installing: /home/barbariccia/dev_ws/install/tftp_update/share/tftp_update/environment/pythonpath.dsv
-- Installing: /home/barbariccia/dev_ws/install/tftp_update/lib/python3.8/site-packages/tftp_update/__init__.py
Compiling '/home/barbariccia/dev_ws/install/tftp_update/lib/python3.8/site-packages/tftp_update/__init__.py'...
-- Up-to-date: /home/barbariccia/dev_ws/install/tftp_update/lib/python3.8/site-packages/tftp_update/srv
-- Up-to-date: /home/barbariccia/dev_ws/install/tftp_update/lib/python3.8/site-packages/tftp_update/srv/__init__.py
-- Up-to-date: /home/barbariccia/dev_ws/install/tftp_update/lib/python3.8/site-packages/tftp_update/srv/_firmware_update_s.c
-- Up-to-date: /home/barbariccia/dev_ws/install/tftp_update/lib/python3.8/site-packages/tftp_update/srv/_firmware_update.py
-- Up-to-date: /home/barbariccia/dev_ws/install/tftp_update/lib/python3.8/site-packages/tftp_update/tftp_update_s__rosidl_typesupport_fastrtps_c.cpython-38-x86_64-linux-gnu.so
-- Up-to-date: /home/barbariccia/dev_ws/install/tftp_update/lib/python3.8/site-packages/tftp_update/tftp_update_s__rosidl_typesupport_introspection_c.cpython-38-x86_64-linux-gnu.so
-- Up-to-date: /home/barbariccia/dev_ws/install/tftp_update/lib/python3.8/site-packages/tftp_update/tftp_update_s__rosidl_typesupport_c.cpython-38-x86_64-linux-gnu.so
-- Up-to-date: /home/barbariccia/dev_ws/install/tftp_update/lib/libtftp_update__python.so
-- Up-to-date: /home/barbariccia/dev_ws/install/tftp_update/share/tftp_update/srv/FirmwareUpdate.idl
-- Up-to-date: /home/barbariccia/dev_ws/install/tftp_update/share/tftp_update/srv/FirmwareUpdate.srv
-- Up-to-date: /home/barbariccia/dev_ws/install/tftp_update/share/tftp_update/srv/FirmwareUpdate_Request.msg
-- Up-to-date: /home/barbariccia/dev_ws/install/tftp_update/share/tftp_update/srv/FirmwareUpdate_Response.msg
-- Up-to-date: /home/barbariccia/dev_ws/install/tftp_update/share/ament_index/resource_index/package_run_dependencies/tftp_update
-- Installing: /home/barbariccia/dev_ws/install/tftp_update/share/ament_index/resource_index/parent_prefix_path/tftp_update
-- Up-to-date: /home/barbariccia/dev_ws/install/tftp_update/share/tftp_update/environment/ament_prefix_path.sh
-- Installing: /home/barbariccia/dev_ws/install/tftp_update/share/tftp_update/environment/ament_prefix_path.dsv
-- Up-to-date: /home/barbariccia/dev_ws/install/tftp_update/share/tftp_update/environment/path.sh
-- Installing: /home/barbariccia/dev_ws/install/tftp_update/share/tftp_update/environment/path.dsv
-- Up-to-date: /home/barbariccia/dev_ws/install/tftp_update/share/tftp_update/local_setup.bash
-- Up-to-date: /home/barbariccia/dev_ws/install/tftp_update/share/tftp_update/local_setup.sh
-- Up-to-date: /home/barbariccia/dev_ws/install/tftp_update/share/tftp_update/local_setup.zsh
-- Installing: /home/barbariccia/dev_ws/install/tftp_update/share/tftp_update/local_setup.dsv
-- Installing: /home/barbariccia/dev_ws/install/tftp_update/share/tftp_update/package.dsv
-- Up-to-date: /home/barbariccia/dev_ws/install/tftp_update/share/ament_index/resource_index/packages/tftp_update
-- Up-to-date: /home/barbariccia/dev_ws/install/tftp_update/share/tftp_update/cmake/tftp_update__rosidl_generator_cExport.cmake
-- Installing: /home/barbariccia/dev_ws/install/tftp_update/share/tftp_update/cmake/tftp_update__rosidl_generator_cExport-noconfig.cmake
-- Up-to-date: /home/barbariccia/dev_ws/install/tftp_update/share/tftp_update/cmake/tftp_update__rosidl_typesupport_introspection_cExport.cmake
-- Installing: /home/barbariccia/dev_ws/install/tftp_update/share/tftp_update/cmake/tftp_update__rosidl_typesupport_introspection_cExport-noconfig.cmake
-- Up-to-date: /home/barbariccia/dev_ws/install/tftp_update/share/tftp_update/cmake/tftp_update__rosidl_typesupport_cExport.cmake
-- Installing: /home/barbariccia/dev_ws/install/tftp_update/share/tftp_update/cmake/tftp_update__rosidl_typesupport_cExport-noconfig.cmake
-- Up-to-date: /home/barbariccia/dev_ws/install/tftp_update/share/tftp_update/cmake/tftp_update__rosidl_generator_cppExport.cmake
-- Up-to-date: /home/barbariccia/dev_ws/install/tftp_update/share/tftp_update/cmake/tftp_update__rosidl_typesupport_introspection_cppExport.cmake
-- Installing: /home/barbariccia/dev_ws/install/tftp_update/share/tftp_update/cmake/tftp_update__rosidl_typesupport_introspection_cppExport-noconfig.cmake
-- Up-to-date: /home/barbariccia/dev_ws/install/tftp_update/share/tftp_update/cmake/tftp_update__rosidl_typesupport_cppExport.cmake
-- Installing: /home/barbariccia/dev_ws/install/tftp_update/share/tftp_update/cmake/tftp_update__rosidl_typesupport_cppExport-noconfig.cmake
-- Up-to-date: /home/barbariccia/dev_ws/install/tftp_update/share/tftp_update/cmake/rosidl_cmake-extras.cmake
-- Up-to-date: /home/barbariccia/dev_ws/install/tftp_update/share/tftp_update/cmake/ament_cmake_export_dependencies-extras.cmake
-- Up-to-date: /home/barbariccia/dev_ws/install/tftp_update/share/tftp_update/cmake/ament_cmake_export_libraries-extras.cmake
-- Up-to-date: /home/barbariccia/dev_ws/install/tftp_update/share/tftp_update/cmake/ament_cmake_export_targets-extras.cmake
-- Up-to-date: /home/barbariccia/dev_ws/install/tftp_update/share/tftp_update/cmake/ament_cmake_export_include_directories-extras.cmake
-- Up-to-date: /home/barbariccia/dev_ws/install/tftp_update/share/tftp_update/cmake/rosidl_cmake_export_typesupport_libraries-extras.cmake
-- Up-to-date: /home/barbariccia/dev_ws/install/tftp_update/share/tftp_update/cmake/rosidl_cmake_export_typesupport_targets-extras.cmake
-- Up-to-date: /home/barbariccia/dev_ws/install/tftp_update/share/tftp_update/cmake/tftp_updateConfig.cmake
-- Up-to-date: /home/barbariccia/dev_ws/install/tftp_update/share/tftp_update/cmake/tftp_updateConfig-version.cmake
-- Installing: /home/barbariccia/dev_ws/install/tftp_update/share/tftp_update/package.xml
