[0.368s] Invoking command in '/home/barbariccia/dev_ws/src/update_srvcli': PYTHONPATH=/home/barbariccia/dev_ws/install/update_srvcli/lib/python3.8/site-packages:${PYTHONPATH} /usr/bin/python3 setup.py egg_info --egg-base ../../build/update_srvcli build --build-base /home/barbariccia/dev_ws/build/update_srvcli/build install --prefix /home/barbariccia/dev_ws/install/update_srvcli --record /home/barbariccia/dev_ws/build/update_srvcli/install.log --single-version-externally-managed
[0.496s] running egg_info
[0.496s] creating ../../build/update_srvcli/update_srvcli.egg-info
[0.496s] writing ../../build/update_srvcli/update_srvcli.egg-info/PKG-INFO
[0.496s] writing dependency_links to ../../build/update_srvcli/update_srvcli.egg-info/dependency_links.txt
[0.496s] writing entry points to ../../build/update_srvcli/update_srvcli.egg-info/entry_points.txt
[0.496s] writing requirements to ../../build/update_srvcli/update_srvcli.egg-info/requires.txt
[0.496s] writing top-level names to ../../build/update_srvcli/update_srvcli.egg-info/top_level.txt
[0.497s] writing manifest file '../../build/update_srvcli/update_srvcli.egg-info/SOURCES.txt'
[0.515s] reading manifest file '../../build/update_srvcli/update_srvcli.egg-info/SOURCES.txt'
[0.515s] writing manifest file '../../build/update_srvcli/update_srvcli.egg-info/SOURCES.txt'
[0.515s] running build
[0.516s] running build_py
[0.516s] creating /home/barbariccia/dev_ws/build/update_srvcli/build
[0.516s] creating /home/barbariccia/dev_ws/build/update_srvcli/build/lib
[0.516s] creating /home/barbariccia/dev_ws/build/update_srvcli/build/lib/update_srvcli
[0.516s] copying update_srvcli/tftp_update_client_test.py -> /home/barbariccia/dev_ws/build/update_srvcli/build/lib/update_srvcli
[0.516s] copying update_srvcli/tftp_update_service.py -> /home/barbariccia/dev_ws/build/update_srvcli/build/lib/update_srvcli
[0.516s] copying update_srvcli/__init__.py -> /home/barbariccia/dev_ws/build/update_srvcli/build/lib/update_srvcli
[0.516s] running install
[0.516s] running install_lib
[0.516s] creating /home/barbariccia/dev_ws/install/update_srvcli/lib/python3.8/site-packages/update_srvcli
[0.517s] copying /home/barbariccia/dev_ws/build/update_srvcli/build/lib/update_srvcli/tftp_update_client_test.py -> /home/barbariccia/dev_ws/install/update_srvcli/lib/python3.8/site-packages/update_srvcli
[0.517s] copying /home/barbariccia/dev_ws/build/update_srvcli/build/lib/update_srvcli/tftp_update_service.py -> /home/barbariccia/dev_ws/install/update_srvcli/lib/python3.8/site-packages/update_srvcli
[0.517s] copying /home/barbariccia/dev_ws/build/update_srvcli/build/lib/update_srvcli/__init__.py -> /home/barbariccia/dev_ws/install/update_srvcli/lib/python3.8/site-packages/update_srvcli
[0.517s] byte-compiling /home/barbariccia/dev_ws/install/update_srvcli/lib/python3.8/site-packages/update_srvcli/tftp_update_client_test.py to tftp_update_client_test.cpython-38.pyc
[0.518s] byte-compiling /home/barbariccia/dev_ws/install/update_srvcli/lib/python3.8/site-packages/update_srvcli/tftp_update_service.py to tftp_update_service.cpython-38.pyc
[0.518s] byte-compiling /home/barbariccia/dev_ws/install/update_srvcli/lib/python3.8/site-packages/update_srvcli/__init__.py to __init__.cpython-38.pyc
[0.518s] running install_data
[0.518s] creating /home/barbariccia/dev_ws/install/update_srvcli/share/ament_index
[0.518s] creating /home/barbariccia/dev_ws/install/update_srvcli/share/ament_index/resource_index
[0.518s] creating /home/barbariccia/dev_ws/install/update_srvcli/share/ament_index/resource_index/packages
[0.518s] copying resource/update_srvcli -> /home/barbariccia/dev_ws/install/update_srvcli/share/ament_index/resource_index/packages
[0.518s] copying package.xml -> /home/barbariccia/dev_ws/install/update_srvcli/share/update_srvcli
[0.518s] running install_egg_info
[0.519s] Copying ../../build/update_srvcli/update_srvcli.egg-info to /home/barbariccia/dev_ws/install/update_srvcli/lib/python3.8/site-packages/update_srvcli-0.0.0-py3.8.egg-info
[0.519s] running install_scripts
[0.528s] Installing client script to /home/barbariccia/dev_ws/install/update_srvcli/lib/update_srvcli
[0.528s] Installing service script to /home/barbariccia/dev_ws/install/update_srvcli/lib/update_srvcli
[0.528s] writing list of installed files to '/home/barbariccia/dev_ws/build/update_srvcli/install.log'
[0.539s] Invoked command in '/home/barbariccia/dev_ws/src/update_srvcli' returned '0': PYTHONPATH=/home/barbariccia/dev_ws/install/update_srvcli/lib/python3.8/site-packages:${PYTHONPATH} /usr/bin/python3 setup.py egg_info --egg-base ../../build/update_srvcli build --build-base /home/barbariccia/dev_ws/build/update_srvcli/build install --prefix /home/barbariccia/dev_ws/install/update_srvcli --record /home/barbariccia/dev_ws/build/update_srvcli/install.log --single-version-externally-managed
