[0.080s] DEBUG:colcon:Command line arguments: ['/usr/bin/colcon', 'build', '--packages-select', 'tftp_update']
[0.080s] DEBUG:colcon:Parsed command line arguments: Namespace(allow_overriding=[], ament_cmake_args=None, base_paths=['.'], build_base='build', catkin_cmake_args=None, catkin_skip_building_tests=False, cmake_args=None, cmake_clean_cache=False, cmake_clean_first=False, cmake_force_configure=False, cmake_target=None, cmake_target_skip_unavailable=False, continue_on_error=False, event_handlers=None, executor='parallel', ignore_user_meta=False, install_base='install', log_base=None, log_level=None, main=<bound method BuildVerb.main of <colcon_core.verb.build.BuildVerb object at 0x7f7b01626550>>, merge_install=False, metas=['./colcon.meta'], packages_above=None, packages_above_and_dependencies=None, packages_above_depth=None, packages_end=None, packages_ignore=None, packages_ignore_regex=None, packages_select=['tftp_update'], packages_select_build_failed=False, packages_select_by_dep=None, packages_select_regex=None, packages_select_test_failures=False, packages_skip=None, packages_skip_build_finished=False, packages_skip_by_dep=None, packages_skip_regex=None, packages_skip_test_passed=False, packages_skip_up_to=None, packages_start=None, packages_up_to=None, packages_up_to_regex=None, parallel_workers=32, paths=None, symlink_install=False, test_result_base=None, verb_extension=<colcon_core.verb.build.BuildVerb object at 0x7f7b01626550>, verb_name='build', verb_parser=<colcon_defaults.argument_parser.defaults.DefaultArgumentsDecorator object at 0x7f7b01626a90>)
[0.082s] Level 1:colcon.colcon_core.package_discovery:discover_packages(colcon_meta) check parameters
[0.082s] Level 1:colcon.colcon_core.package_discovery:discover_packages(recursive) check parameters
[0.082s] Level 1:colcon.colcon_core.package_discovery:discover_packages(ignore) check parameters
[0.082s] Level 1:colcon.colcon_core.package_discovery:discover_packages(path) check parameters
[0.082s] Level 1:colcon.colcon_core.package_discovery:discover_packages(colcon_meta) discover
[0.082s] Level 1:colcon.colcon_core.package_discovery:discover_packages(recursive) discover
[0.082s] INFO:colcon.colcon_core.package_discovery:Crawling recursively for packages in '/home/barbariccia/dev_ws'
[0.082s] Level 1:colcon.colcon_core.package_identification:_identify(.) by extensions ['ignore', 'ignore_ament_install']
[0.082s] Level 1:colcon.colcon_core.package_identification:_identify(.) by extension 'ignore'
[0.083s] Level 1:colcon.colcon_core.package_identification:_identify(.) by extension 'ignore_ament_install'
[0.083s] Level 1:colcon.colcon_core.package_identification:_identify(.) by extensions ['colcon_pkg']
[0.083s] Level 1:colcon.colcon_core.package_identification:_identify(.) by extension 'colcon_pkg'
[0.083s] Level 1:colcon.colcon_core.package_identification:_identify(.) by extensions ['colcon_meta']
[0.083s] Level 1:colcon.colcon_core.package_identification:_identify(.) by extension 'colcon_meta'
[0.083s] Level 1:colcon.colcon_core.package_identification:_identify(.) by extensions ['ros']
[0.083s] Level 1:colcon.colcon_core.package_identification:_identify(.) by extension 'ros'
[0.089s] Level 1:colcon.colcon_core.package_identification:_identify(.) by extensions ['cmake', 'python']
[0.089s] Level 1:colcon.colcon_core.package_identification:_identify(.) by extension 'cmake'
[0.089s] Level 1:colcon.colcon_core.package_identification:_identify(.) by extension 'python'
[0.089s] Level 1:colcon.colcon_core.package_identification:_identify(.) by extensions ['python_setup_py']
[0.089s] Level 1:colcon.colcon_core.package_identification:_identify(.) by extension 'python_setup_py'
[0.089s] Level 1:colcon.colcon_core.package_identification:_identify(build) by extensions ['ignore', 'ignore_ament_install']
[0.089s] Level 1:colcon.colcon_core.package_identification:_identify(build) by extension 'ignore'
[0.089s] Level 1:colcon.colcon_core.package_identification:_identify(build) ignored
[0.089s] Level 1:colcon.colcon_core.package_identification:_identify(install) by extensions ['ignore', 'ignore_ament_install']
[0.089s] Level 1:colcon.colcon_core.package_identification:_identify(install) by extension 'ignore'
[0.089s] Level 1:colcon.colcon_core.package_identification:_identify(install) ignored
[0.090s] Level 1:colcon.colcon_core.package_identification:_identify(log) by extensions ['ignore', 'ignore_ament_install']
[0.090s] Level 1:colcon.colcon_core.package_identification:_identify(log) by extension 'ignore'
[0.090s] Level 1:colcon.colcon_core.package_identification:_identify(log) ignored
[0.090s] Level 1:colcon.colcon_core.package_identification:_identify(src) by extensions ['ignore', 'ignore_ament_install']
[0.090s] Level 1:colcon.colcon_core.package_identification:_identify(src) by extension 'ignore'
[0.090s] Level 1:colcon.colcon_core.package_identification:_identify(src) by extension 'ignore_ament_install'
[0.090s] Level 1:colcon.colcon_core.package_identification:_identify(src) by extensions ['colcon_pkg']
[0.090s] Level 1:colcon.colcon_core.package_identification:_identify(src) by extension 'colcon_pkg'
[0.090s] Level 1:colcon.colcon_core.package_identification:_identify(src) by extensions ['colcon_meta']
[0.090s] Level 1:colcon.colcon_core.package_identification:_identify(src) by extension 'colcon_meta'
[0.090s] Level 1:colcon.colcon_core.package_identification:_identify(src) by extensions ['ros']
[0.090s] Level 1:colcon.colcon_core.package_identification:_identify(src) by extension 'ros'
[0.090s] Level 1:colcon.colcon_core.package_identification:_identify(src) by extensions ['cmake', 'python']
[0.090s] Level 1:colcon.colcon_core.package_identification:_identify(src) by extension 'cmake'
[0.090s] Level 1:colcon.colcon_core.package_identification:_identify(src) by extension 'python'
[0.090s] Level 1:colcon.colcon_core.package_identification:_identify(src) by extensions ['python_setup_py']
[0.090s] Level 1:colcon.colcon_core.package_identification:_identify(src) by extension 'python_setup_py'
[0.090s] Level 1:colcon.colcon_core.package_identification:_identify(src/tftp_update) by extensions ['ignore', 'ignore_ament_install']
[0.090s] Level 1:colcon.colcon_core.package_identification:_identify(src/tftp_update) by extension 'ignore'
[0.090s] Level 1:colcon.colcon_core.package_identification:_identify(src/tftp_update) by extension 'ignore_ament_install'
[0.090s] Level 1:colcon.colcon_core.package_identification:_identify(src/tftp_update) by extensions ['colcon_pkg']
[0.090s] Level 1:colcon.colcon_core.package_identification:_identify(src/tftp_update) by extension 'colcon_pkg'
[0.090s] Level 1:colcon.colcon_core.package_identification:_identify(src/tftp_update) by extensions ['colcon_meta']
[0.090s] Level 1:colcon.colcon_core.package_identification:_identify(src/tftp_update) by extension 'colcon_meta'
[0.090s] Level 1:colcon.colcon_core.package_identification:_identify(src/tftp_update) by extensions ['ros']
[0.090s] Level 1:colcon.colcon_core.package_identification:_identify(src/tftp_update) by extension 'ros'
[0.092s] DEBUG:colcon.colcon_core.package_identification:Package 'src/tftp_update' with type 'ros.ament_cmake' and name 'tftp_update'
[0.092s] Level 1:colcon.colcon_core.package_discovery:discover_packages(recursive) using defaults
[0.092s] Level 1:colcon.colcon_core.package_discovery:discover_packages(ignore) discover
[0.092s] Level 1:colcon.colcon_core.package_discovery:discover_packages(ignore) using defaults
[0.092s] Level 1:colcon.colcon_core.package_discovery:discover_packages(path) discover
[0.092s] Level 1:colcon.colcon_core.package_discovery:discover_packages(path) using defaults
[0.102s] Level 5:colcon.colcon_core.verb:set package 'tftp_update' build argument 'cmake_args' from command line to 'None'
[0.102s] Level 5:colcon.colcon_core.verb:set package 'tftp_update' build argument 'cmake_target' from command line to 'None'
[0.102s] Level 5:colcon.colcon_core.verb:set package 'tftp_update' build argument 'cmake_target_skip_unavailable' from command line to 'False'
[0.102s] Level 5:colcon.colcon_core.verb:set package 'tftp_update' build argument 'cmake_clean_cache' from command line to 'False'
[0.102s] Level 5:colcon.colcon_core.verb:set package 'tftp_update' build argument 'cmake_clean_first' from command line to 'False'
[0.102s] Level 5:colcon.colcon_core.verb:set package 'tftp_update' build argument 'cmake_force_configure' from command line to 'False'
[0.102s] Level 5:colcon.colcon_core.verb:set package 'tftp_update' build argument 'ament_cmake_args' from command line to 'None'
[0.102s] Level 5:colcon.colcon_core.verb:set package 'tftp_update' build argument 'catkin_cmake_args' from command line to 'None'
[0.102s] Level 5:colcon.colcon_core.verb:set package 'tftp_update' build argument 'catkin_skip_building_tests' from command line to 'False'
[0.102s] DEBUG:colcon.colcon_core.verb:Building package 'tftp_update' with the following arguments: {'ament_cmake_args': None, 'build_base': '/home/barbariccia/dev_ws/build/tftp_update', 'catkin_cmake_args': None, 'catkin_skip_building_tests': False, 'cmake_args': None, 'cmake_clean_cache': False, 'cmake_clean_first': False, 'cmake_force_configure': False, 'cmake_target': None, 'cmake_target_skip_unavailable': False, 'install_base': '/home/barbariccia/dev_ws/install/tftp_update', 'merge_install': False, 'path': '/home/barbariccia/dev_ws/src/tftp_update', 'symlink_install': False, 'test_result_base': None}
[0.104s] INFO:colcon.colcon_core.executor:Executing jobs using 'parallel' executor
[0.105s] DEBUG:colcon.colcon_parallel_executor.executor.parallel:run_until_complete
[0.105s] INFO:colcon.colcon_ros.task.ament_cmake.build:Building ROS package in '/home/barbariccia/dev_ws/src/tftp_update' with build type 'ament_cmake'
[0.105s] INFO:colcon.colcon_cmake.task.cmake.build:Building CMake package in '/home/barbariccia/dev_ws/src/tftp_update'
[0.107s] INFO:colcon.colcon_core.plugin_system:Skipping extension 'colcon_core.shell.bat': Not used on non-Windows systems
[0.107s] INFO:colcon.colcon_core.shell:Skip shell extension 'powershell' for command environment: Not usable outside of PowerShell
[0.107s] DEBUG:colcon.colcon_core.shell:Skip shell extension 'dsv' for command environment
[0.113s] DEBUG:colcon.colcon_core.event_handler.log_command:Invoking command in '/home/barbariccia/dev_ws/build/tftp_update': CMAKE_PREFIX_PATH=/opt/ros/foxy /usr/bin/cmake /home/barbariccia/dev_ws/src/tftp_update -DCMAKE_INSTALL_PREFIX=/home/barbariccia/dev_ws/install/tftp_update
[0.679s] DEBUG:colcon.colcon_core.event_handler.log_command:Invoked command in '/home/barbariccia/dev_ws/build/tftp_update' returned '0': CMAKE_PREFIX_PATH=/opt/ros/foxy /usr/bin/cmake /home/barbariccia/dev_ws/src/tftp_update -DCMAKE_INSTALL_PREFIX=/home/barbariccia/dev_ws/install/tftp_update
[0.681s] DEBUG:colcon.colcon_core.event_handler.log_command:Invoking command in '/home/barbariccia/dev_ws/build/tftp_update': CMAKE_PREFIX_PATH=/opt/ros/foxy /usr/bin/cmake --build /home/barbariccia/dev_ws/build/tftp_update -- -j32 -l32
[2.312s] DEBUG:colcon.colcon_core.event_handler.log_command:Invoked command in '/home/barbariccia/dev_ws/build/tftp_update' returned '0': CMAKE_PREFIX_PATH=/opt/ros/foxy /usr/bin/cmake --build /home/barbariccia/dev_ws/build/tftp_update -- -j32 -l32
[2.359s] DEBUG:colcon.colcon_core.event_handler.log_command:Invoking command in '/home/barbariccia/dev_ws/build/tftp_update': CMAKE_PREFIX_PATH=/opt/ros/foxy /usr/bin/cmake --install /home/barbariccia/dev_ws/build/tftp_update
[2.400s] Level 1:colcon.colcon_core.environment:create_environment_scripts_only(tftp_update)
[2.401s] DEBUG:colcon.colcon_core.event_handler.log_command:Invoked command in '/home/barbariccia/dev_ws/build/tftp_update' returned '0': CMAKE_PREFIX_PATH=/opt/ros/foxy /usr/bin/cmake --install /home/barbariccia/dev_ws/build/tftp_update
[2.406s] Level 1:colcon.colcon_core.environment:checking '/home/barbariccia/dev_ws/install/tftp_update' for CMake module files
[2.408s] Level 1:colcon.colcon_core.environment:checking '/home/barbariccia/dev_ws/install/tftp_update' for CMake config files
[2.408s] Level 1:colcon.colcon_core.shell:create_environment_hook('tftp_update', 'cmake_prefix_path')
[2.409s] INFO:colcon.colcon_core.shell:Creating environment hook '/home/barbariccia/dev_ws/install/tftp_update/share/tftp_update/hook/cmake_prefix_path.ps1'
[2.409s] INFO:colcon.colcon_core.shell:Creating environment descriptor '/home/barbariccia/dev_ws/install/tftp_update/share/tftp_update/hook/cmake_prefix_path.dsv'
[2.409s] INFO:colcon.colcon_core.shell:Creating environment hook '/home/barbariccia/dev_ws/install/tftp_update/share/tftp_update/hook/cmake_prefix_path.sh'
[2.410s] Level 1:colcon.colcon_core.environment:checking '/home/barbariccia/dev_ws/install/tftp_update/lib'
[2.410s] Level 1:colcon.colcon_core.shell:create_environment_hook('tftp_update', 'ld_library_path_lib')
[2.410s] INFO:colcon.colcon_core.shell:Creating environment hook '/home/barbariccia/dev_ws/install/tftp_update/share/tftp_update/hook/ld_library_path_lib.ps1'
[2.410s] INFO:colcon.colcon_core.shell:Creating environment descriptor '/home/barbariccia/dev_ws/install/tftp_update/share/tftp_update/hook/ld_library_path_lib.dsv'
[2.411s] INFO:colcon.colcon_core.shell:Creating environment hook '/home/barbariccia/dev_ws/install/tftp_update/share/tftp_update/hook/ld_library_path_lib.sh'
[2.411s] Level 1:colcon.colcon_core.environment:checking '/home/barbariccia/dev_ws/install/tftp_update/bin'
[2.411s] Level 1:colcon.colcon_core.environment:checking '/home/barbariccia/dev_ws/install/tftp_update/lib/pkgconfig/tftp_update.pc'
[2.411s] Level 1:colcon.colcon_core.environment:checking '/home/barbariccia/dev_ws/install/tftp_update/lib/python3.8/site-packages'
[2.411s] Level 1:colcon.colcon_core.shell:create_environment_hook('tftp_update', 'pythonpath')
[2.411s] INFO:colcon.colcon_core.shell:Creating environment hook '/home/barbariccia/dev_ws/install/tftp_update/share/tftp_update/hook/pythonpath.ps1'
[2.411s] INFO:colcon.colcon_core.shell:Creating environment descriptor '/home/barbariccia/dev_ws/install/tftp_update/share/tftp_update/hook/pythonpath.dsv'
[2.411s] INFO:colcon.colcon_core.shell:Creating environment hook '/home/barbariccia/dev_ws/install/tftp_update/share/tftp_update/hook/pythonpath.sh'
[2.412s] INFO:colcon.colcon_core.shell:Creating package script '/home/barbariccia/dev_ws/install/tftp_update/share/tftp_update/package.ps1'
[2.412s] INFO:colcon.colcon_core.shell:Creating package descriptor '/home/barbariccia/dev_ws/install/tftp_update/share/tftp_update/package.dsv'
[2.413s] INFO:colcon.colcon_core.shell:Creating package script '/home/barbariccia/dev_ws/install/tftp_update/share/tftp_update/package.sh'
[2.413s] INFO:colcon.colcon_core.shell:Creating package script '/home/barbariccia/dev_ws/install/tftp_update/share/tftp_update/package.bash'
[2.414s] INFO:colcon.colcon_core.shell:Creating package script '/home/barbariccia/dev_ws/install/tftp_update/share/tftp_update/package.zsh'
[2.414s] Level 1:colcon.colcon_core.environment:create_file_with_runtime_dependencies(/home/barbariccia/dev_ws/install/tftp_update/share/colcon-core/packages/tftp_update)
[2.444s] Level 1:colcon.colcon_core.environment:create_environment_scripts_only(tftp_update)
[2.445s] Level 1:colcon.colcon_core.environment:checking '/home/barbariccia/dev_ws/install/tftp_update' for CMake module files
[2.445s] Level 1:colcon.colcon_core.environment:checking '/home/barbariccia/dev_ws/install/tftp_update' for CMake config files
[2.445s] Level 1:colcon.colcon_core.shell:create_environment_hook('tftp_update', 'cmake_prefix_path')
[2.446s] INFO:colcon.colcon_core.shell:Creating environment hook '/home/barbariccia/dev_ws/install/tftp_update/share/tftp_update/hook/cmake_prefix_path.ps1'
[2.446s] INFO:colcon.colcon_core.shell:Creating environment descriptor '/home/barbariccia/dev_ws/install/tftp_update/share/tftp_update/hook/cmake_prefix_path.dsv'
[2.446s] INFO:colcon.colcon_core.shell:Creating environment hook '/home/barbariccia/dev_ws/install/tftp_update/share/tftp_update/hook/cmake_prefix_path.sh'
[2.447s] Level 1:colcon.colcon_core.environment:checking '/home/barbariccia/dev_ws/install/tftp_update/lib'
[2.447s] Level 1:colcon.colcon_core.shell:create_environment_hook('tftp_update', 'ld_library_path_lib')
[2.447s] INFO:colcon.colcon_core.shell:Creating environment hook '/home/barbariccia/dev_ws/install/tftp_update/share/tftp_update/hook/ld_library_path_lib.ps1'
[2.447s] INFO:colcon.colcon_core.shell:Creating environment descriptor '/home/barbariccia/dev_ws/install/tftp_update/share/tftp_update/hook/ld_library_path_lib.dsv'
[2.447s] INFO:colcon.colcon_core.shell:Creating environment hook '/home/barbariccia/dev_ws/install/tftp_update/share/tftp_update/hook/ld_library_path_lib.sh'
[2.448s] Level 1:colcon.colcon_core.environment:checking '/home/barbariccia/dev_ws/install/tftp_update/bin'
[2.448s] Level 1:colcon.colcon_core.environment:checking '/home/barbariccia/dev_ws/install/tftp_update/lib/pkgconfig/tftp_update.pc'
[2.448s] Level 1:colcon.colcon_core.environment:checking '/home/barbariccia/dev_ws/install/tftp_update/lib/python3.8/site-packages'
[2.448s] Level 1:colcon.colcon_core.shell:create_environment_hook('tftp_update', 'pythonpath')
[2.448s] INFO:colcon.colcon_core.shell:Creating environment hook '/home/barbariccia/dev_ws/install/tftp_update/share/tftp_update/hook/pythonpath.ps1'
[2.448s] INFO:colcon.colcon_core.shell:Creating environment descriptor '/home/barbariccia/dev_ws/install/tftp_update/share/tftp_update/hook/pythonpath.dsv'
[2.448s] INFO:colcon.colcon_core.shell:Creating environment hook '/home/barbariccia/dev_ws/install/tftp_update/share/tftp_update/hook/pythonpath.sh'
[2.449s] INFO:colcon.colcon_core.shell:Creating package script '/home/barbariccia/dev_ws/install/tftp_update/share/tftp_update/package.ps1'
[2.449s] INFO:colcon.colcon_core.shell:Creating package descriptor '/home/barbariccia/dev_ws/install/tftp_update/share/tftp_update/package.dsv'
[2.450s] INFO:colcon.colcon_core.shell:Creating package script '/home/barbariccia/dev_ws/install/tftp_update/share/tftp_update/package.sh'
[2.450s] INFO:colcon.colcon_core.shell:Creating package script '/home/barbariccia/dev_ws/install/tftp_update/share/tftp_update/package.bash'
[2.450s] INFO:colcon.colcon_core.shell:Creating package script '/home/barbariccia/dev_ws/install/tftp_update/share/tftp_update/package.zsh'
[2.450s] Level 1:colcon.colcon_core.environment:create_file_with_runtime_dependencies(/home/barbariccia/dev_ws/install/tftp_update/share/colcon-core/packages/tftp_update)
[2.451s] DEBUG:colcon.colcon_parallel_executor.executor.parallel:closing loop
[2.451s] DEBUG:colcon.colcon_parallel_executor.executor.parallel:loop closed
[2.451s] DEBUG:colcon.colcon_parallel_executor.executor.parallel:run_until_complete finished with '0'
[2.451s] DEBUG:colcon.colcon_core.event_reactor:joining thread
[2.455s] INFO:colcon.colcon_core.plugin_system:Skipping extension 'colcon_notification.desktop_notification.notify_send': Could not find 'notify-send'
[2.455s] INFO:colcon.colcon_core.plugin_system:Skipping extension 'colcon_notification.desktop_notification.terminal_notifier': Not used on non-Darwin systems
[2.455s] INFO:colcon.colcon_core.plugin_system:Skipping extension 'colcon_notification.desktop_notification.win32': Not used on non-Windows systems
[2.456s] INFO:colcon.colcon_notification.desktop_notification:Sending desktop notification using 'notify2'
[2.456s] DEBUG:colcon.colcon_notification.desktop_notification.notify2:Failed to initialize notify2: org.freedesktop.DBus.Error.ServiceUnknown: The name org.freedesktop.Notifications was not provided by any .service files
[2.456s] DEBUG:colcon.colcon_core.event_reactor:joined thread
[2.457s] INFO:colcon.colcon_core.shell:Creating prefix script '/home/barbariccia/dev_ws/install/local_setup.ps1'
[2.457s] INFO:colcon.colcon_core.shell:Creating prefix util module '/home/barbariccia/dev_ws/install/_local_setup_util_ps1.py'
[2.458s] INFO:colcon.colcon_core.shell:Creating prefix chain script '/home/barbariccia/dev_ws/install/setup.ps1'
[2.459s] INFO:colcon.colcon_core.shell:Creating prefix script '/home/barbariccia/dev_ws/install/local_setup.sh'
[2.459s] INFO:colcon.colcon_core.shell:Creating prefix util module '/home/barbariccia/dev_ws/install/_local_setup_util_sh.py'
[2.460s] INFO:colcon.colcon_core.shell:Creating prefix chain script '/home/barbariccia/dev_ws/install/setup.sh'
[2.460s] INFO:colcon.colcon_core.shell:Creating prefix script '/home/barbariccia/dev_ws/install/local_setup.bash'
[2.461s] INFO:colcon.colcon_core.shell:Creating prefix chain script '/home/barbariccia/dev_ws/install/setup.bash'
[2.462s] INFO:colcon.colcon_core.shell:Creating prefix script '/home/barbariccia/dev_ws/install/local_setup.zsh'
[2.462s] INFO:colcon.colcon_core.shell:Creating prefix chain script '/home/barbariccia/dev_ws/install/setup.zsh'
