running egg_info
writing ../../build/update_srvcli/update_srvcli.egg-info/PKG-INFO
writing dependency_links to ../../build/update_srvcli/update_srvcli.egg-info/dependency_links.txt
writing entry points to ../../build/update_srvcli/update_srvcli.egg-info/entry_points.txt
writing requirements to ../../build/update_srvcli/update_srvcli.egg-info/requires.txt
writing top-level names to ../../build/update_srvcli/update_srvcli.egg-info/top_level.txt
reading manifest file '../../build/update_srvcli/update_srvcli.egg-info/SOURCES.txt'
writing manifest file '../../build/update_srvcli/update_srvcli.egg-info/SOURCES.txt'
running build
running build_py
running install
running install_lib
running install_data
copying package.xml -> /home/barbariccia/dev_ws/install/update_srvcli/share/update_srvcli
running install_egg_info
removing '/home/barbariccia/dev_ws/install/update_srvcli/lib/python3.8/site-packages/update_srvcli-0.0.0-py3.8.egg-info' (and everything under it)
Copying ../../build/update_srvcli/update_srvcli.egg-info to /home/barbariccia/dev_ws/install/update_srvcli/lib/python3.8/site-packages/update_srvcli-0.0.0-py3.8.egg-info
running install_scripts
Installing client script to /home/barbariccia/dev_ws/install/update_srvcli/lib/update_srvcli
Installing service script to /home/barbariccia/dev_ws/install/update_srvcli/lib/update_srvcli
writing list of installed files to '/home/barbariccia/dev_ws/build/update_srvcli/install.log'
