[  9%] Built target tftp_update__rosidl_generator_c
[ 12%] Built target tftp_update__cpp
[ 22%] Built target tftp_update__rosidl_typesupport_introspection_c
[ 32%] Built target tftp_update__rosidl_typesupport_c
[ 41%] Built target tftp_update__rosidl_typesupport_cpp
[ 51%] Built target tftp_update__rosidl_typesupport_introspection_cpp
[ 61%] Built target tftp_update__rosidl_typesupport_fastrtps_cpp
[ 70%] Built target tftp_update__rosidl_typesupport_fastrtps_c
[ 70%] Built target tftp_update
[ 74%] Built target tftp_update__py
[ 80%] Built target tftp_update__python
[ 87%] Built target tftp_update__rosidl_typesupport_fastrtps_c__pyext
[ 93%] Built target tftp_update__rosidl_typesupport_introspection_c__pyext
[100%] Built target tftp_update__rosidl_typesupport_c__pyext
-- Install configuration: ""
-- Up-to-date: /home/barbariccia/dev_ws/install/tftp_update/share/ament_index/resource_index/rosidl_interfaces/tftp_update
-- Up-to-date: /home/barbariccia/dev_ws/install/tftp_update/include/tftp_update
-- Up-to-date: /home/barbariccia/dev_ws/install/tftp_update/include/tftp_update/msg
-- Up-to-date: /home/barbariccia/dev_ws/install/tftp_update/include/tftp_update/msg/rosidl_generator_c__visibility_control.h
-- Up-to-date: /home/barbariccia/dev_ws/install/tftp_update/include/tftp_update/srv
-- Up-to-date: /home/barbariccia/dev_ws/install/tftp_update/include/tftp_update/srv/firmware_update.h
-- Up-to-date: /home/barbariccia/dev_ws/install/tftp_update/include/tftp_update/srv/detail
-- Up-to-date: /home/barbariccia/dev_ws/install/tftp_update/include/tftp_update/srv/detail/firmware_update__functions.c
-- Up-to-date: /home/barbariccia/dev_ws/install/tftp_update/include/tftp_update/srv/detail/firmware_update__functions.h
-- Up-to-date: /home/barbariccia/dev_ws/install/tftp_update/include/tftp_update/srv/detail/firmware_update__type_support.h
-- Up-to-date: /home/barbariccia/dev_ws/install/tftp_update/include/tftp_update/srv/detail/firmware_update__struct.h
-- Up-to-date: /home/barbariccia/dev_ws/install/tftp_update/share/tftp_update/environment/library_path.sh
-- Up-to-date: /home/barbariccia/dev_ws/install/tftp_update/share/tftp_update/environment/library_path.dsv
-- Up-to-date: /home/barbariccia/dev_ws/install/tftp_update/lib/libtftp_update__rosidl_generator_c.so
-- Up-to-date: /home/barbariccia/dev_ws/install/tftp_update/include/tftp_update
-- Up-to-date: /home/barbariccia/dev_ws/install/tftp_update/include/tftp_update/msg
-- Up-to-date: /home/barbariccia/dev_ws/install/tftp_update/include/tftp_update/msg/rosidl_typesupport_fastrtps_c__visibility_control.h
-- Up-to-date: /home/barbariccia/dev_ws/install/tftp_update/include/tftp_update/srv
-- Up-to-date: /home/barbariccia/dev_ws/install/tftp_update/include/tftp_update/srv/detail
-- Up-to-date: /home/barbariccia/dev_ws/install/tftp_update/include/tftp_update/srv/detail/firmware_update__rosidl_typesupport_fastrtps_c.h
-- Up-to-date: /home/barbariccia/dev_ws/install/tftp_update/lib/libtftp_update__rosidl_typesupport_fastrtps_c.so
-- Up-to-date: /home/barbariccia/dev_ws/install/tftp_update/include/tftp_update
-- Up-to-date: /home/barbariccia/dev_ws/install/tftp_update/include/tftp_update/msg
-- Up-to-date: /home/barbariccia/dev_ws/install/tftp_update/include/tftp_update/msg/rosidl_typesupport_fastrtps_cpp__visibility_control.h
-- Up-to-date: /home/barbariccia/dev_ws/install/tftp_update/include/tftp_update/srv
-- Up-to-date: /home/barbariccia/dev_ws/install/tftp_update/include/tftp_update/srv/detail
-- Up-to-date: /home/barbariccia/dev_ws/install/tftp_update/include/tftp_update/srv/detail/dds_fastrtps
-- Up-to-date: /home/barbariccia/dev_ws/install/tftp_update/include/tftp_update/srv/detail/firmware_update__rosidl_typesupport_fastrtps_cpp.hpp
-- Up-to-date: /home/barbariccia/dev_ws/install/tftp_update/lib/libtftp_update__rosidl_typesupport_fastrtps_cpp.so
-- Up-to-date: /home/barbariccia/dev_ws/install/tftp_update/include/tftp_update
-- Up-to-date: /home/barbariccia/dev_ws/install/tftp_update/include/tftp_update/msg
-- Up-to-date: /home/barbariccia/dev_ws/install/tftp_update/include/tftp_update/msg/rosidl_typesupport_introspection_c__visibility_control.h
-- Up-to-date: /home/barbariccia/dev_ws/install/tftp_update/include/tftp_update/srv
-- Up-to-date: /home/barbariccia/dev_ws/install/tftp_update/include/tftp_update/srv/detail
-- Up-to-date: /home/barbariccia/dev_ws/install/tftp_update/include/tftp_update/srv/detail/firmware_update__rosidl_typesupport_introspection_c.h
-- Up-to-date: /home/barbariccia/dev_ws/install/tftp_update/include/tftp_update/srv/detail/firmware_update__type_support.c
-- Up-to-date: /home/barbariccia/dev_ws/install/tftp_update/lib/libtftp_update__rosidl_typesupport_introspection_c.so
-- Up-to-date: /home/barbariccia/dev_ws/install/tftp_update/lib/libtftp_update__rosidl_typesupport_c.so
-- Up-to-date: /home/barbariccia/dev_ws/install/tftp_update/include/tftp_update
-- Up-to-date: /home/barbariccia/dev_ws/install/tftp_update/include/tftp_update/srv
-- Up-to-date: /home/barbariccia/dev_ws/install/tftp_update/include/tftp_update/srv/detail
-- Up-to-date: /home/barbariccia/dev_ws/install/tftp_update/include/tftp_update/srv/detail/firmware_update__builder.hpp
-- Up-to-date: /home/barbariccia/dev_ws/install/tftp_update/include/tftp_update/srv/detail/firmware_update__struct.hpp
-- Up-to-date: /home/barbariccia/dev_ws/install/tftp_update/include/tftp_update/srv/detail/firmware_update__traits.hpp
-- Up-to-date: /home/barbariccia/dev_ws/install/tftp_update/include/tftp_update/srv/firmware_update.hpp
-- Up-to-date: /home/barbariccia/dev_ws/install/tftp_update/include/tftp_update
-- Up-to-date: /home/barbariccia/dev_ws/install/tftp_update/include/tftp_update/srv
-- Up-to-date: /home/barbariccia/dev_ws/install/tftp_update/include/tftp_update/srv/detail
-- Up-to-date: /home/barbariccia/dev_ws/install/tftp_update/include/tftp_update/srv/detail/firmware_update__type_support.cpp
-- Up-to-date: /home/barbariccia/dev_ws/install/tftp_update/include/tftp_update/srv/detail/firmware_update__rosidl_typesupport_introspection_cpp.hpp
-- Up-to-date: /home/barbariccia/dev_ws/install/tftp_update/lib/libtftp_update__rosidl_typesupport_introspection_cpp.so
-- Up-to-date: /home/barbariccia/dev_ws/install/tftp_update/lib/libtftp_update__rosidl_typesupport_cpp.so
-- Up-to-date: /home/barbariccia/dev_ws/install/tftp_update/share/tftp_update/environment/pythonpath.sh
-- Up-to-date: /home/barbariccia/dev_ws/install/tftp_update/share/tftp_update/environment/pythonpath.dsv
-- Up-to-date: /home/barbariccia/dev_ws/install/tftp_update/lib/python3.8/site-packages/tftp_update/__init__.py
-- Up-to-date: /home/barbariccia/dev_ws/install/tftp_update/lib/python3.8/site-packages/tftp_update/srv
-- Up-to-date: /home/barbariccia/dev_ws/install/tftp_update/lib/python3.8/site-packages/tftp_update/srv/__init__.py
-- Up-to-date: /home/barbariccia/dev_ws/install/tftp_update/lib/python3.8/site-packages/tftp_update/srv/_firmware_update_s.c
-- Up-to-date: /home/barbariccia/dev_ws/install/tftp_update/lib/python3.8/site-packages/tftp_update/srv/_firmware_update.py
-- Up-to-date: /home/barbariccia/dev_ws/install/tftp_update/lib/python3.8/site-packages/tftp_update/tftp_update_s__rosidl_typesupport_fastrtps_c.cpython-38-x86_64-linux-gnu.so
-- Up-to-date: /home/barbariccia/dev_ws/install/tftp_update/lib/python3.8/site-packages/tftp_update/tftp_update_s__rosidl_typesupport_introspection_c.cpython-38-x86_64-linux-gnu.so
-- Up-to-date: /home/barbariccia/dev_ws/install/tftp_update/lib/python3.8/site-packages/tftp_update/tftp_update_s__rosidl_typesupport_c.cpython-38-x86_64-linux-gnu.so
-- Up-to-date: /home/barbariccia/dev_ws/install/tftp_update/lib/libtftp_update__python.so
-- Up-to-date: /home/barbariccia/dev_ws/install/tftp_update/share/tftp_update/srv/FirmwareUpdate.idl
-- Up-to-date: /home/barbariccia/dev_ws/install/tftp_update/share/tftp_update/srv/FirmwareUpdate.srv
-- Up-to-date: /home/barbariccia/dev_ws/install/tftp_update/share/tftp_update/srv/FirmwareUpdate_Request.msg
-- Up-to-date: /home/barbariccia/dev_ws/install/tftp_update/share/tftp_update/srv/FirmwareUpdate_Response.msg
-- Up-to-date: /home/barbariccia/dev_ws/install/tftp_update/share/ament_index/resource_index/package_run_dependencies/tftp_update
-- Up-to-date: /home/barbariccia/dev_ws/install/tftp_update/share/ament_index/resource_index/parent_prefix_path/tftp_update
-- Up-to-date: /home/barbariccia/dev_ws/install/tftp_update/share/tftp_update/environment/ament_prefix_path.sh
-- Up-to-date: /home/barbariccia/dev_ws/install/tftp_update/share/tftp_update/environment/ament_prefix_path.dsv
-- Up-to-date: /home/barbariccia/dev_ws/install/tftp_update/share/tftp_update/environment/path.sh
-- Up-to-date: /home/barbariccia/dev_ws/install/tftp_update/share/tftp_update/environment/path.dsv
-- Up-to-date: /home/barbariccia/dev_ws/install/tftp_update/share/tftp_update/local_setup.bash
-- Up-to-date: /home/barbariccia/dev_ws/install/tftp_update/share/tftp_update/local_setup.sh
-- Up-to-date: /home/barbariccia/dev_ws/install/tftp_update/share/tftp_update/local_setup.zsh
-- Up-to-date: /home/barbariccia/dev_ws/install/tftp_update/share/tftp_update/local_setup.dsv
-- Up-to-date: /home/barbariccia/dev_ws/install/tftp_update/share/tftp_update/package.dsv
-- Up-to-date: /home/barbariccia/dev_ws/install/tftp_update/share/ament_index/resource_index/packages/tftp_update
-- Up-to-date: /home/barbariccia/dev_ws/install/tftp_update/share/tftp_update/cmake/tftp_update__rosidl_generator_cExport.cmake
-- Up-to-date: /home/barbariccia/dev_ws/install/tftp_update/share/tftp_update/cmake/tftp_update__rosidl_generator_cExport-noconfig.cmake
-- Up-to-date: /home/barbariccia/dev_ws/install/tftp_update/share/tftp_update/cmake/tftp_update__rosidl_typesupport_introspection_cExport.cmake
-- Up-to-date: /home/barbariccia/dev_ws/install/tftp_update/share/tftp_update/cmake/tftp_update__rosidl_typesupport_introspection_cExport-noconfig.cmake
-- Up-to-date: /home/barbariccia/dev_ws/install/tftp_update/share/tftp_update/cmake/tftp_update__rosidl_typesupport_cExport.cmake
-- Up-to-date: /home/barbariccia/dev_ws/install/tftp_update/share/tftp_update/cmake/tftp_update__rosidl_typesupport_cExport-noconfig.cmake
-- Up-to-date: /home/barbariccia/dev_ws/install/tftp_update/share/tftp_update/cmake/tftp_update__rosidl_generator_cppExport.cmake
-- Up-to-date: /home/barbariccia/dev_ws/install/tftp_update/share/tftp_update/cmake/tftp_update__rosidl_typesupport_introspection_cppExport.cmake
-- Up-to-date: /home/barbariccia/dev_ws/install/tftp_update/share/tftp_update/cmake/tftp_update__rosidl_typesupport_introspection_cppExport-noconfig.cmake
-- Up-to-date: /home/barbariccia/dev_ws/install/tftp_update/share/tftp_update/cmake/tftp_update__rosidl_typesupport_cppExport.cmake
-- Up-to-date: /home/barbariccia/dev_ws/install/tftp_update/share/tftp_update/cmake/tftp_update__rosidl_typesupport_cppExport-noconfig.cmake
-- Up-to-date: /home/barbariccia/dev_ws/install/tftp_update/share/tftp_update/cmake/rosidl_cmake-extras.cmake
-- Up-to-date: /home/barbariccia/dev_ws/install/tftp_update/share/tftp_update/cmake/ament_cmake_export_dependencies-extras.cmake
-- Up-to-date: /home/barbariccia/dev_ws/install/tftp_update/share/tftp_update/cmake/ament_cmake_export_libraries-extras.cmake
-- Up-to-date: /home/barbariccia/dev_ws/install/tftp_update/share/tftp_update/cmake/ament_cmake_export_targets-extras.cmake
-- Up-to-date: /home/barbariccia/dev_ws/install/tftp_update/share/tftp_update/cmake/ament_cmake_export_include_directories-extras.cmake
-- Up-to-date: /home/barbariccia/dev_ws/install/tftp_update/share/tftp_update/cmake/rosidl_cmake_export_typesupport_libraries-extras.cmake
-- Up-to-date: /home/barbariccia/dev_ws/install/tftp_update/share/tftp_update/cmake/rosidl_cmake_export_typesupport_targets-extras.cmake
-- Up-to-date: /home/barbariccia/dev_ws/install/tftp_update/share/tftp_update/cmake/tftp_updateConfig.cmake
-- Up-to-date: /home/barbariccia/dev_ws/install/tftp_update/share/tftp_update/cmake/tftp_updateConfig-version.cmake
-- Up-to-date: /home/barbariccia/dev_ws/install/tftp_update/share/tftp_update/package.xml
