[0.015s] Invoking command in '/home/barbariccia/dev_ws/build/tftp_update': CMAKE_PREFIX_PATH=${CMAKE_PREFIX_PATH}:/home/barbariccia/dev_ws/install/update_srvcli:/opt/ros/foxy /usr/bin/cmake --build /home/barbariccia/dev_ws/build/tftp_update -- -j32 -l32
[0.057s] [  9%] Built target tftp_update__rosidl_generator_c
[0.060s] [ 12%] Built target tftp_update__cpp
[0.072s] [ 22%] Built target tftp_update__rosidl_typesupport_introspection_c
[0.072s] [ 32%] Built target tftp_update__rosidl_typesupport_c
[0.074s] [ 41%] Built target tftp_update__rosidl_typesupport_cpp
[0.077s] [ 51%] Built target tftp_update__rosidl_typesupport_introspection_cpp
[0.078s] [ 61%] Built target tftp_update__rosidl_typesupport_fastrtps_cpp
[0.099s] [ 70%] Built target tftp_update__rosidl_typesupport_fastrtps_c
[0.116s] [ 70%] Built target tftp_update
[0.133s] [ 74%] Built target tftp_update__py
[0.155s] [ 80%] Built target tftp_update__python
[0.175s] [ 87%] Built target tftp_update__rosidl_typesupport_fastrtps_c__pyext
[0.176s] [ 93%] Built target tftp_update__rosidl_typesupport_introspection_c__pyext
[0.177s] [100%] Built target tftp_update__rosidl_typesupport_c__pyext
[0.185s] Invoked command in '/home/barbariccia/dev_ws/build/tftp_update' returned '0': CMAKE_PREFIX_PATH=${CMAKE_PREFIX_PATH}:/home/barbariccia/dev_ws/install/update_srvcli:/opt/ros/foxy /usr/bin/cmake --build /home/barbariccia/dev_ws/build/tftp_update -- -j32 -l32
[0.235s] Invoking command in '/home/barbariccia/dev_ws/build/tftp_update': CMAKE_PREFIX_PATH=${CMAKE_PREFIX_PATH}:/home/barbariccia/dev_ws/install/update_srvcli:/opt/ros/foxy /usr/bin/cmake --install /home/barbariccia/dev_ws/build/tftp_update
[0.240s] -- Install configuration: ""
[0.241s] -- Up-to-date: /home/barbariccia/dev_ws/install/tftp_update/share/ament_index/resource_index/rosidl_interfaces/tftp_update
[0.241s] -- Up-to-date: /home/barbariccia/dev_ws/install/tftp_update/include/tftp_update
[0.241s] -- Up-to-date: /home/barbariccia/dev_ws/install/tftp_update/include/tftp_update/msg
[0.241s] -- Up-to-date: /home/barbariccia/dev_ws/install/tftp_update/include/tftp_update/msg/rosidl_generator_c__visibility_control.h
[0.241s] -- Up-to-date: /home/barbariccia/dev_ws/install/tftp_update/include/tftp_update/srv
[0.241s] -- Up-to-date: /home/barbariccia/dev_ws/install/tftp_update/include/tftp_update/srv/firmware_update.h
[0.241s] -- Up-to-date: /home/barbariccia/dev_ws/install/tftp_update/include/tftp_update/srv/detail
[0.241s] -- Up-to-date: /home/barbariccia/dev_ws/install/tftp_update/include/tftp_update/srv/detail/firmware_update__functions.c
[0.241s] -- Up-to-date: /home/barbariccia/dev_ws/install/tftp_update/include/tftp_update/srv/detail/firmware_update__functions.h
[0.241s] -- Up-to-date: /home/barbariccia/dev_ws/install/tftp_update/include/tftp_update/srv/detail/firmware_update__type_support.h
[0.241s] -- Up-to-date: /home/barbariccia/dev_ws/install/tftp_update/include/tftp_update/srv/detail/firmware_update__struct.h
[0.241s] -- Up-to-date: /home/barbariccia/dev_ws/install/tftp_update/share/tftp_update/environment/library_path.sh
[0.241s] -- Up-to-date: /home/barbariccia/dev_ws/install/tftp_update/share/tftp_update/environment/library_path.dsv
[0.242s] -- Up-to-date: /home/barbariccia/dev_ws/install/tftp_update/lib/libtftp_update__rosidl_generator_c.so
[0.242s] -- Up-to-date: /home/barbariccia/dev_ws/install/tftp_update/include/tftp_update
[0.242s] -- Up-to-date: /home/barbariccia/dev_ws/install/tftp_update/include/tftp_update/msg
[0.242s] -- Up-to-date: /home/barbariccia/dev_ws/install/tftp_update/include/tftp_update/msg/rosidl_typesupport_fastrtps_c__visibility_control.h
[0.242s] -- Up-to-date: /home/barbariccia/dev_ws/install/tftp_update/include/tftp_update/srv
[0.242s] -- Up-to-date: /home/barbariccia/dev_ws/install/tftp_update/include/tftp_update/srv/detail
[0.242s] -- Up-to-date: /home/barbariccia/dev_ws/install/tftp_update/include/tftp_update/srv/detail/firmware_update__rosidl_typesupport_fastrtps_c.h
[0.242s] -- Up-to-date: /home/barbariccia/dev_ws/install/tftp_update/lib/libtftp_update__rosidl_typesupport_fastrtps_c.so
[0.242s] -- Up-to-date: /home/barbariccia/dev_ws/install/tftp_update/include/tftp_update
[0.242s] -- Up-to-date: /home/barbariccia/dev_ws/install/tftp_update/include/tftp_update/msg
[0.242s] -- Up-to-date: /home/barbariccia/dev_ws/install/tftp_update/include/tftp_update/msg/rosidl_typesupport_fastrtps_cpp__visibility_control.h
[0.242s] -- Up-to-date: /home/barbariccia/dev_ws/install/tftp_update/include/tftp_update/srv
[0.242s] -- Up-to-date: /home/barbariccia/dev_ws/install/tftp_update/include/tftp_update/srv/detail
[0.242s] -- Up-to-date: /home/barbariccia/dev_ws/install/tftp_update/include/tftp_update/srv/detail/dds_fastrtps
[0.242s] -- Up-to-date: /home/barbariccia/dev_ws/install/tftp_update/include/tftp_update/srv/detail/firmware_update__rosidl_typesupport_fastrtps_cpp.hpp
[0.242s] -- Up-to-date: /home/barbariccia/dev_ws/install/tftp_update/lib/libtftp_update__rosidl_typesupport_fastrtps_cpp.so
[0.242s] -- Up-to-date: /home/barbariccia/dev_ws/install/tftp_update/include/tftp_update
[0.242s] -- Up-to-date: /home/barbariccia/dev_ws/install/tftp_update/include/tftp_update/msg
[0.242s] -- Up-to-date: /home/barbariccia/dev_ws/install/tftp_update/include/tftp_update/msg/rosidl_typesupport_introspection_c__visibility_control.h
[0.242s] -- Up-to-date: /home/barbariccia/dev_ws/install/tftp_update/include/tftp_update/srv
[0.243s] -- Up-to-date: /home/barbariccia/dev_ws/install/tftp_update/include/tftp_update/srv/detail
[0.243s] -- Up-to-date: /home/barbariccia/dev_ws/install/tftp_update/include/tftp_update/srv/detail/firmware_update__rosidl_typesupport_introspection_c.h
[0.243s] -- Up-to-date: /home/barbariccia/dev_ws/install/tftp_update/include/tftp_update/srv/detail/firmware_update__type_support.c
[0.243s] -- Up-to-date: /home/barbariccia/dev_ws/install/tftp_update/lib/libtftp_update__rosidl_typesupport_introspection_c.so
[0.243s] -- Up-to-date: /home/barbariccia/dev_ws/install/tftp_update/lib/libtftp_update__rosidl_typesupport_c.so
[0.243s] -- Up-to-date: /home/barbariccia/dev_ws/install/tftp_update/include/tftp_update
[0.243s] -- Up-to-date: /home/barbariccia/dev_ws/install/tftp_update/include/tftp_update/srv
[0.243s] -- Up-to-date: /home/barbariccia/dev_ws/install/tftp_update/include/tftp_update/srv/detail
[0.243s] -- Up-to-date: /home/barbariccia/dev_ws/install/tftp_update/include/tftp_update/srv/detail/firmware_update__builder.hpp
[0.243s] -- Up-to-date: /home/barbariccia/dev_ws/install/tftp_update/include/tftp_update/srv/detail/firmware_update__struct.hpp
[0.243s] -- Up-to-date: /home/barbariccia/dev_ws/install/tftp_update/include/tftp_update/srv/detail/firmware_update__traits.hpp
[0.243s] -- Up-to-date: /home/barbariccia/dev_ws/install/tftp_update/include/tftp_update/srv/firmware_update.hpp
[0.243s] -- Up-to-date: /home/barbariccia/dev_ws/install/tftp_update/include/tftp_update
[0.243s] -- Up-to-date: /home/barbariccia/dev_ws/install/tftp_update/include/tftp_update/srv
[0.243s] -- Up-to-date: /home/barbariccia/dev_ws/install/tftp_update/include/tftp_update/srv/detail
[0.243s] -- Up-to-date: /home/barbariccia/dev_ws/install/tftp_update/include/tftp_update/srv/detail/firmware_update__type_support.cpp
[0.243s] -- Up-to-date: /home/barbariccia/dev_ws/install/tftp_update/include/tftp_update/srv/detail/firmware_update__rosidl_typesupport_introspection_cpp.hpp
[0.243s] -- Up-to-date: /home/barbariccia/dev_ws/install/tftp_update/lib/libtftp_update__rosidl_typesupport_introspection_cpp.so
[0.243s] -- Up-to-date: /home/barbariccia/dev_ws/install/tftp_update/lib/libtftp_update__rosidl_typesupport_cpp.so
[0.243s] -- Up-to-date: /home/barbariccia/dev_ws/install/tftp_update/share/tftp_update/environment/pythonpath.sh
[0.244s] -- Up-to-date: /home/barbariccia/dev_ws/install/tftp_update/share/tftp_update/environment/pythonpath.dsv
[0.244s] -- Up-to-date: /home/barbariccia/dev_ws/install/tftp_update/lib/python3.8/site-packages/tftp_update/__init__.py
[0.269s] -- Up-to-date: /home/barbariccia/dev_ws/install/tftp_update/lib/python3.8/site-packages/tftp_update/srv
[0.270s] -- Up-to-date: /home/barbariccia/dev_ws/install/tftp_update/lib/python3.8/site-packages/tftp_update/srv/__init__.py
[0.270s] -- Up-to-date: /home/barbariccia/dev_ws/install/tftp_update/lib/python3.8/site-packages/tftp_update/srv/_firmware_update_s.c
[0.270s] -- Up-to-date: /home/barbariccia/dev_ws/install/tftp_update/lib/python3.8/site-packages/tftp_update/srv/_firmware_update.py
[0.270s] -- Up-to-date: /home/barbariccia/dev_ws/install/tftp_update/lib/python3.8/site-packages/tftp_update/tftp_update_s__rosidl_typesupport_fastrtps_c.cpython-38-x86_64-linux-gnu.so
[0.270s] -- Up-to-date: /home/barbariccia/dev_ws/install/tftp_update/lib/python3.8/site-packages/tftp_update/tftp_update_s__rosidl_typesupport_introspection_c.cpython-38-x86_64-linux-gnu.so
[0.271s] -- Up-to-date: /home/barbariccia/dev_ws/install/tftp_update/lib/python3.8/site-packages/tftp_update/tftp_update_s__rosidl_typesupport_c.cpython-38-x86_64-linux-gnu.so
[0.271s] -- Up-to-date: /home/barbariccia/dev_ws/install/tftp_update/lib/libtftp_update__python.so
[0.271s] -- Up-to-date: /home/barbariccia/dev_ws/install/tftp_update/share/tftp_update/srv/FirmwareUpdate.idl
[0.271s] -- Up-to-date: /home/barbariccia/dev_ws/install/tftp_update/share/tftp_update/srv/FirmwareUpdate.srv
[0.271s] -- Up-to-date: /home/barbariccia/dev_ws/install/tftp_update/share/tftp_update/srv/FirmwareUpdate_Request.msg
[0.271s] -- Up-to-date: /home/barbariccia/dev_ws/install/tftp_update/share/tftp_update/srv/FirmwareUpdate_Response.msg
[0.272s] -- Up-to-date: /home/barbariccia/dev_ws/install/tftp_update/share/ament_index/resource_index/package_run_dependencies/tftp_update
[0.272s] -- Up-to-date: /home/barbariccia/dev_ws/install/tftp_update/share/ament_index/resource_index/parent_prefix_path/tftp_update
[0.272s] -- Up-to-date: /home/barbariccia/dev_ws/install/tftp_update/share/tftp_update/environment/ament_prefix_path.sh
[0.272s] -- Up-to-date: /home/barbariccia/dev_ws/install/tftp_update/share/tftp_update/environment/ament_prefix_path.dsv
[0.272s] -- Up-to-date: /home/barbariccia/dev_ws/install/tftp_update/share/tftp_update/environment/path.sh
[0.272s] -- Up-to-date: /home/barbariccia/dev_ws/install/tftp_update/share/tftp_update/environment/path.dsv
[0.272s] -- Up-to-date: /home/barbariccia/dev_ws/install/tftp_update/share/tftp_update/local_setup.bash
[0.272s] -- Up-to-date: /home/barbariccia/dev_ws/install/tftp_update/share/tftp_update/local_setup.sh
[0.272s] -- Up-to-date: /home/barbariccia/dev_ws/install/tftp_update/share/tftp_update/local_setup.zsh
[0.272s] -- Up-to-date: /home/barbariccia/dev_ws/install/tftp_update/share/tftp_update/local_setup.dsv
[0.273s] -- Up-to-date: /home/barbariccia/dev_ws/install/tftp_update/share/tftp_update/package.dsv
[0.273s] -- Up-to-date: /home/barbariccia/dev_ws/install/tftp_update/share/ament_index/resource_index/packages/tftp_update
[0.273s] -- Up-to-date: /home/barbariccia/dev_ws/install/tftp_update/share/tftp_update/cmake/tftp_update__rosidl_generator_cExport.cmake
[0.273s] -- Up-to-date: /home/barbariccia/dev_ws/install/tftp_update/share/tftp_update/cmake/tftp_update__rosidl_generator_cExport-noconfig.cmake
[0.273s] -- Up-to-date: /home/barbariccia/dev_ws/install/tftp_update/share/tftp_update/cmake/tftp_update__rosidl_typesupport_introspection_cExport.cmake
[0.273s] -- Up-to-date: /home/barbariccia/dev_ws/install/tftp_update/share/tftp_update/cmake/tftp_update__rosidl_typesupport_introspection_cExport-noconfig.cmake
[0.273s] -- Up-to-date: /home/barbariccia/dev_ws/install/tftp_update/share/tftp_update/cmake/tftp_update__rosidl_typesupport_cExport.cmake
[0.273s] -- Up-to-date: /home/barbariccia/dev_ws/install/tftp_update/share/tftp_update/cmake/tftp_update__rosidl_typesupport_cExport-noconfig.cmake
[0.273s] -- Up-to-date: /home/barbariccia/dev_ws/install/tftp_update/share/tftp_update/cmake/tftp_update__rosidl_generator_cppExport.cmake
[0.273s] -- Up-to-date: /home/barbariccia/dev_ws/install/tftp_update/share/tftp_update/cmake/tftp_update__rosidl_typesupport_introspection_cppExport.cmake
[0.273s] -- Up-to-date: /home/barbariccia/dev_ws/install/tftp_update/share/tftp_update/cmake/tftp_update__rosidl_typesupport_introspection_cppExport-noconfig.cmake
[0.274s] -- Up-to-date: /home/barbariccia/dev_ws/install/tftp_update/share/tftp_update/cmake/tftp_update__rosidl_typesupport_cppExport.cmake
[0.274s] -- Up-to-date: /home/barbariccia/dev_ws/install/tftp_update/share/tftp_update/cmake/tftp_update__rosidl_typesupport_cppExport-noconfig.cmake
[0.274s] -- Up-to-date: /home/barbariccia/dev_ws/install/tftp_update/share/tftp_update/cmake/rosidl_cmake-extras.cmake
[0.274s] -- Up-to-date: /home/barbariccia/dev_ws/install/tftp_update/share/tftp_update/cmake/ament_cmake_export_dependencies-extras.cmake
[0.274s] -- Up-to-date: /home/barbariccia/dev_ws/install/tftp_update/share/tftp_update/cmake/ament_cmake_export_libraries-extras.cmake
[0.274s] -- Up-to-date: /home/barbariccia/dev_ws/install/tftp_update/share/tftp_update/cmake/ament_cmake_export_targets-extras.cmake
[0.274s] -- Up-to-date: /home/barbariccia/dev_ws/install/tftp_update/share/tftp_update/cmake/ament_cmake_export_include_directories-extras.cmake
[0.274s] -- Up-to-date: /home/barbariccia/dev_ws/install/tftp_update/share/tftp_update/cmake/rosidl_cmake_export_typesupport_libraries-extras.cmake
[0.274s] -- Up-to-date: /home/barbariccia/dev_ws/install/tftp_update/share/tftp_update/cmake/rosidl_cmake_export_typesupport_targets-extras.cmake
[0.274s] -- Up-to-date: /home/barbariccia/dev_ws/install/tftp_update/share/tftp_update/cmake/tftp_updateConfig.cmake
[0.274s] -- Up-to-date: /home/barbariccia/dev_ws/install/tftp_update/share/tftp_update/cmake/tftp_updateConfig-version.cmake
[0.275s] -- Up-to-date: /home/barbariccia/dev_ws/install/tftp_update/share/tftp_update/package.xml
[0.276s] Invoked command in '/home/barbariccia/dev_ws/build/tftp_update' returned '0': CMAKE_PREFIX_PATH=${CMAKE_PREFIX_PATH}:/home/barbariccia/dev_ws/install/update_srvcli:/opt/ros/foxy /usr/bin/cmake --install /home/barbariccia/dev_ws/build/tftp_update
