-- The C compiler identification is GNU 9.4.0
-- The CXX compiler identification is GNU 9.4.0
-- Check for working C compiler: /usr/bin/cc
-- Check for working C compiler: /usr/bin/cc -- works
-- Detecting C compiler ABI info
-- Detecting C compiler ABI info - done
-- Detecting C compile features
-- Detecting C compile features - done
-- Check for working CXX compiler: /usr/bin/c++
-- Check for working CXX compiler: /usr/bin/c++ -- works
-- Detecting CXX compiler ABI info
-- Detecting CXX compiler ABI info - done
-- Detecting CXX compile features
-- Detecting CXX compile features - done
-- Found ament_cmake: 0.9.9 (/opt/ros/foxy/share/ament_cmake/cmake)
-- Found PythonInterp: /usr/bin/python3 (found suitable version "3.8.10", minimum required is "3") 
-- Using PYTHON_EXECUTABLE: /usr/bin/python3
-- Found ament_lint_auto: 0.9.6 (/opt/ros/foxy/share/ament_lint_auto/cmake)
-- Found rosidl_default_generators: 1.0.1 (/opt/ros/foxy/share/rosidl_default_generators/cmake)
-- Using all available rosidl_typesupport_c: rosidl_typesupport_fastrtps_c;rosidl_typesupport_introspection_c
-- Found rosidl_adapter: 1.2.1 (/opt/ros/foxy/share/rosidl_adapter/cmake)
-- Found OpenSSL: /usr/lib/x86_64-linux-gnu/libcrypto.so (found version "1.1.1f")  
-- Found FastRTPS: /opt/ros/foxy/include  
-- Using all available rosidl_typesupport_cpp: rosidl_typesupport_fastrtps_cpp;rosidl_typesupport_introspection_cpp
-- Found PythonInterp: /usr/bin/python3 (found version "3.8.10") 
-- Found ament_cmake_ros: 0.9.2 (/opt/ros/foxy/share/ament_cmake_ros/cmake)
-- Using all available rosidl_typesupport_c: rosidl_typesupport_fastrtps_c;rosidl_typesupport_introspection_c
-- Using all available rosidl_typesupport_cpp: rosidl_typesupport_fastrtps_cpp;rosidl_typesupport_introspection_cpp
-- Found PythonInterp: /usr/bin/python3 (found suitable version "3.8.10", minimum required is "3.5") 
-- Found python_cmake_module: 0.8.1 (/opt/ros/foxy/share/python_cmake_module/cmake)
-- Found PythonLibs: /usr/lib/x86_64-linux-gnu/libpython3.8.so (found suitable version "3.8.10", minimum required is "3.5") 
-- Using PYTHON_EXECUTABLE: /usr/bin/python3
-- Using PYTHON_INCLUDE_DIRS: /usr/include/python3.8
-- Using PYTHON_LIBRARIES: /usr/lib/x86_64-linux-gnu/libpython3.8.so
-- Found PythonExtra: .so  
-- Added test 'copyright' to check source files copyright and LICENSE
-- Added test 'lint_cmake' to check CMake code style
-- Added test 'xmllint' to check XML markup files
-- Configuring done
-- Generating done
-- Build files have been written to: /home/barbariccia/dev_ws/build/update_interface
[35m[1mScanning dependencies of target update_interface__cpp[0m
[  3%] [34m[1mGenerating C code for ROS interfaces[0m
[  6%] [34m[1mGenerating C++ code for ROS interfaces[0m
[  6%] Built target update_interface__cpp
[35m[1mScanning dependencies of target update_interface__rosidl_generator_c[0m
[  9%] [34m[1mGenerating C++ type support for eProsima Fast-RTPS[0m
[ 12%] [34m[1mGenerating C++ type support dispatch for ROS interfaces[0m
[ 16%] [34m[1mGenerating C++ introspection for ROS interfaces[0m
[ 19%] [32mBuilding C object CMakeFiles/update_interface__rosidl_generator_c.dir/rosidl_generator_c/update_interface/srv/detail/firmware_update__functions.c.o[0m
[ 22%] [32m[1mLinking C shared library libupdate_interface__rosidl_generator_c.so[0m
[ 22%] Built target update_interface__rosidl_generator_c
[ 25%] [34m[1mGenerating C type support dispatch for ROS interfaces[0m
[ 29%] [34m[1mGenerating C introspection for ROS interfaces[0m
[35m[1mScanning dependencies of target update_interface__rosidl_typesupport_cpp[0m
[ 32%] [32mBuilding CXX object CMakeFiles/update_interface__rosidl_typesupport_cpp.dir/rosidl_typesupport_cpp/update_interface/srv/firmware_update__type_support.cpp.o[0m
[35m[1mScanning dependencies of target update_interface__rosidl_typesupport_introspection_cpp[0m
[35m[1mScanning dependencies of target update_interface__rosidl_typesupport_fastrtps_cpp[0m
[ 35%] [32mBuilding CXX object CMakeFiles/update_interface__rosidl_typesupport_introspection_cpp.dir/rosidl_typesupport_introspection_cpp/update_interface/srv/detail/firmware_update__type_support.cpp.o[0m
[ 38%] [32mBuilding CXX object CMakeFiles/update_interface__rosidl_typesupport_fastrtps_cpp.dir/rosidl_typesupport_fastrtps_cpp/update_interface/srv/detail/dds_fastrtps/firmware_update__type_support.cpp.o[0m
[35m[1mScanning dependencies of target update_interface__rosidl_typesupport_c[0m
[ 41%] [32mBuilding CXX object CMakeFiles/update_interface__rosidl_typesupport_c.dir/rosidl_typesupport_c/update_interface/srv/firmware_update__type_support.cpp.o[0m
[35m[1mScanning dependencies of target update_interface__rosidl_typesupport_introspection_c[0m
[ 45%] [32mBuilding C object CMakeFiles/update_interface__rosidl_typesupport_introspection_c.dir/rosidl_typesupport_introspection_c/update_interface/srv/detail/firmware_update__type_support.c.o[0m
[ 48%] [32m[1mLinking CXX shared library libupdate_interface__rosidl_typesupport_c.so[0m
[ 51%] [32m[1mLinking C shared library libupdate_interface__rosidl_typesupport_introspection_c.so[0m
[ 51%] Built target update_interface__rosidl_typesupport_c
[ 51%] Built target update_interface__rosidl_typesupport_introspection_c
[ 54%] [32m[1mLinking CXX shared library libupdate_interface__rosidl_typesupport_cpp.so[0m
[ 58%] [32m[1mLinking CXX shared library libupdate_interface__rosidl_typesupport_introspection_cpp.so[0m
[ 58%] Built target update_interface__rosidl_typesupport_cpp
[ 58%] Built target update_interface__rosidl_typesupport_introspection_cpp
[ 61%] [32m[1mLinking CXX shared library libupdate_interface__rosidl_typesupport_fastrtps_cpp.so[0m
[ 61%] Built target update_interface__rosidl_typesupport_fastrtps_cpp
[ 64%] [34m[1mGenerating C type support for eProsima Fast-RTPS[0m
[35m[1mScanning dependencies of target update_interface__rosidl_typesupport_fastrtps_c[0m
[ 67%] [32mBuilding CXX object CMakeFiles/update_interface__rosidl_typesupport_fastrtps_c.dir/rosidl_typesupport_fastrtps_c/update_interface/srv/detail/firmware_update__type_support_c.cpp.o[0m
[ 70%] [32m[1mLinking CXX shared library libupdate_interface__rosidl_typesupport_fastrtps_c.so[0m
[ 70%] Built target update_interface__rosidl_typesupport_fastrtps_c
[35m[1mScanning dependencies of target update_interface[0m
[ 70%] Built target update_interface
[35m[1mScanning dependencies of target update_interface__py[0m
[ 74%] [34m[1mGenerating Python code for ROS interfaces[0m
[ 74%] Built target update_interface__py
[35m[1mScanning dependencies of target update_interface__python[0m
[ 77%] [32mBuilding C object CMakeFiles/update_interface__python.dir/rosidl_generator_py/update_interface/srv/_firmware_update_s.c.o[0m
[ 80%] [32m[1mLinking C shared library rosidl_generator_py/update_interface/libupdate_interface__python.so[0m
[ 80%] Built target update_interface__python
[35m[1mScanning dependencies of target update_interface__rosidl_typesupport_fastrtps_c__pyext[0m
[35m[1mScanning dependencies of target update_interface__rosidl_typesupport_c__pyext[0m
[35m[1mScanning dependencies of target update_interface__rosidl_typesupport_introspection_c__pyext[0m
[ 83%] [32mBuilding C object CMakeFiles/update_interface__rosidl_typesupport_fastrtps_c__pyext.dir/rosidl_generator_py/update_interface/_update_interface_s.ep.rosidl_typesupport_fastrtps_c.c.o[0m
[ 87%] [32mBuilding C object CMakeFiles/update_interface__rosidl_typesupport_c__pyext.dir/rosidl_generator_py/update_interface/_update_interface_s.ep.rosidl_typesupport_c.c.o[0m
[ 90%] [32mBuilding C object CMakeFiles/update_interface__rosidl_typesupport_introspection_c__pyext.dir/rosidl_generator_py/update_interface/_update_interface_s.ep.rosidl_typesupport_introspection_c.c.o[0m
[ 93%] [32m[1mLinking C shared library rosidl_generator_py/update_interface/update_interface_s__rosidl_typesupport_c.cpython-38-x86_64-linux-gnu.so[0m
[ 96%] [32m[1mLinking CXX shared library rosidl_generator_py/update_interface/update_interface_s__rosidl_typesupport_fastrtps_c.cpython-38-x86_64-linux-gnu.so[0m
[100%] [32m[1mLinking C shared library rosidl_generator_py/update_interface/update_interface_s__rosidl_typesupport_introspection_c.cpython-38-x86_64-linux-gnu.so[0m
[100%] Built target update_interface__rosidl_typesupport_c__pyext
[100%] Built target update_interface__rosidl_typesupport_introspection_c__pyext
[100%] Built target update_interface__rosidl_typesupport_fastrtps_c__pyext
-- Install configuration: ""
-- Installing: /home/barbariccia/dev_ws/install/update_interface/share/ament_index/resource_index/rosidl_interfaces/update_interface
-- Installing: /home/barbariccia/dev_ws/install/update_interface/include/update_interface
-- Installing: /home/barbariccia/dev_ws/install/update_interface/include/update_interface/msg
-- Installing: /home/barbariccia/dev_ws/install/update_interface/include/update_interface/msg/rosidl_generator_c__visibility_control.h
-- Installing: /home/barbariccia/dev_ws/install/update_interface/include/update_interface/srv
-- Installing: /home/barbariccia/dev_ws/install/update_interface/include/update_interface/srv/firmware_update.h
-- Installing: /home/barbariccia/dev_ws/install/update_interface/include/update_interface/srv/detail
-- Installing: /home/barbariccia/dev_ws/install/update_interface/include/update_interface/srv/detail/firmware_update__functions.c
-- Installing: /home/barbariccia/dev_ws/install/update_interface/include/update_interface/srv/detail/firmware_update__functions.h
-- Installing: /home/barbariccia/dev_ws/install/update_interface/include/update_interface/srv/detail/firmware_update__type_support.h
-- Installing: /home/barbariccia/dev_ws/install/update_interface/include/update_interface/srv/detail/firmware_update__struct.h
-- Installing: /home/barbariccia/dev_ws/install/update_interface/share/update_interface/environment/library_path.sh
-- Installing: /home/barbariccia/dev_ws/install/update_interface/share/update_interface/environment/library_path.dsv
-- Installing: /home/barbariccia/dev_ws/install/update_interface/lib/libupdate_interface__rosidl_generator_c.so
-- Set runtime path of "/home/barbariccia/dev_ws/install/update_interface/lib/libupdate_interface__rosidl_generator_c.so" to ""
-- Up-to-date: /home/barbariccia/dev_ws/install/update_interface/include/update_interface
-- Up-to-date: /home/barbariccia/dev_ws/install/update_interface/include/update_interface/msg
-- Installing: /home/barbariccia/dev_ws/install/update_interface/include/update_interface/msg/rosidl_typesupport_fastrtps_c__visibility_control.h
-- Up-to-date: /home/barbariccia/dev_ws/install/update_interface/include/update_interface/srv
-- Up-to-date: /home/barbariccia/dev_ws/install/update_interface/include/update_interface/srv/detail
-- Installing: /home/barbariccia/dev_ws/install/update_interface/include/update_interface/srv/detail/firmware_update__rosidl_typesupport_fastrtps_c.h
-- Installing: /home/barbariccia/dev_ws/install/update_interface/lib/libupdate_interface__rosidl_typesupport_fastrtps_c.so
-- Set runtime path of "/home/barbariccia/dev_ws/install/update_interface/lib/libupdate_interface__rosidl_typesupport_fastrtps_c.so" to ""
-- Up-to-date: /home/barbariccia/dev_ws/install/update_interface/include/update_interface
-- Up-to-date: /home/barbariccia/dev_ws/install/update_interface/include/update_interface/msg
-- Installing: /home/barbariccia/dev_ws/install/update_interface/include/update_interface/msg/rosidl_typesupport_fastrtps_cpp__visibility_control.h
-- Up-to-date: /home/barbariccia/dev_ws/install/update_interface/include/update_interface/srv
-- Up-to-date: /home/barbariccia/dev_ws/install/update_interface/include/update_interface/srv/detail
-- Installing: /home/barbariccia/dev_ws/install/update_interface/include/update_interface/srv/detail/dds_fastrtps
-- Installing: /home/barbariccia/dev_ws/install/update_interface/include/update_interface/srv/detail/firmware_update__rosidl_typesupport_fastrtps_cpp.hpp
-- Installing: /home/barbariccia/dev_ws/install/update_interface/lib/libupdate_interface__rosidl_typesupport_fastrtps_cpp.so
-- Set runtime path of "/home/barbariccia/dev_ws/install/update_interface/lib/libupdate_interface__rosidl_typesupport_fastrtps_cpp.so" to ""
-- Up-to-date: /home/barbariccia/dev_ws/install/update_interface/include/update_interface
-- Up-to-date: /home/barbariccia/dev_ws/install/update_interface/include/update_interface/msg
-- Installing: /home/barbariccia/dev_ws/install/update_interface/include/update_interface/msg/rosidl_typesupport_introspection_c__visibility_control.h
-- Up-to-date: /home/barbariccia/dev_ws/install/update_interface/include/update_interface/srv
-- Up-to-date: /home/barbariccia/dev_ws/install/update_interface/include/update_interface/srv/detail
-- Installing: /home/barbariccia/dev_ws/install/update_interface/include/update_interface/srv/detail/firmware_update__rosidl_typesupport_introspection_c.h
-- Installing: /home/barbariccia/dev_ws/install/update_interface/include/update_interface/srv/detail/firmware_update__type_support.c
-- Installing: /home/barbariccia/dev_ws/install/update_interface/lib/libupdate_interface__rosidl_typesupport_introspection_c.so
-- Set runtime path of "/home/barbariccia/dev_ws/install/update_interface/lib/libupdate_interface__rosidl_typesupport_introspection_c.so" to ""
-- Installing: /home/barbariccia/dev_ws/install/update_interface/lib/libupdate_interface__rosidl_typesupport_c.so
-- Set runtime path of "/home/barbariccia/dev_ws/install/update_interface/lib/libupdate_interface__rosidl_typesupport_c.so" to ""
-- Up-to-date: /home/barbariccia/dev_ws/install/update_interface/include/update_interface
-- Up-to-date: /home/barbariccia/dev_ws/install/update_interface/include/update_interface/srv
-- Up-to-date: /home/barbariccia/dev_ws/install/update_interface/include/update_interface/srv/detail
-- Installing: /home/barbariccia/dev_ws/install/update_interface/include/update_interface/srv/detail/firmware_update__builder.hpp
-- Installing: /home/barbariccia/dev_ws/install/update_interface/include/update_interface/srv/detail/firmware_update__struct.hpp
-- Installing: /home/barbariccia/dev_ws/install/update_interface/include/update_interface/srv/detail/firmware_update__traits.hpp
-- Installing: /home/barbariccia/dev_ws/install/update_interface/include/update_interface/srv/firmware_update.hpp
-- Up-to-date: /home/barbariccia/dev_ws/install/update_interface/include/update_interface
-- Up-to-date: /home/barbariccia/dev_ws/install/update_interface/include/update_interface/srv
-- Up-to-date: /home/barbariccia/dev_ws/install/update_interface/include/update_interface/srv/detail
-- Installing: /home/barbariccia/dev_ws/install/update_interface/include/update_interface/srv/detail/firmware_update__type_support.cpp
-- Installing: /home/barbariccia/dev_ws/install/update_interface/include/update_interface/srv/detail/firmware_update__rosidl_typesupport_introspection_cpp.hpp
-- Installing: /home/barbariccia/dev_ws/install/update_interface/lib/libupdate_interface__rosidl_typesupport_introspection_cpp.so
-- Set runtime path of "/home/barbariccia/dev_ws/install/update_interface/lib/libupdate_interface__rosidl_typesupport_introspection_cpp.so" to ""
-- Installing: /home/barbariccia/dev_ws/install/update_interface/lib/libupdate_interface__rosidl_typesupport_cpp.so
-- Set runtime path of "/home/barbariccia/dev_ws/install/update_interface/lib/libupdate_interface__rosidl_typesupport_cpp.so" to ""
-- Installing: /home/barbariccia/dev_ws/install/update_interface/share/update_interface/environment/pythonpath.sh
-- Installing: /home/barbariccia/dev_ws/install/update_interface/share/update_interface/environment/pythonpath.dsv
-- Installing: /home/barbariccia/dev_ws/install/update_interface/lib/python3.8/site-packages/update_interface/__init__.py
Compiling '/home/barbariccia/dev_ws/install/update_interface/lib/python3.8/site-packages/update_interface/__init__.py'...
-- Installing: /home/barbariccia/dev_ws/install/update_interface/lib/python3.8/site-packages/update_interface/srv
-- Installing: /home/barbariccia/dev_ws/install/update_interface/lib/python3.8/site-packages/update_interface/srv/__init__.py
-- Installing: /home/barbariccia/dev_ws/install/update_interface/lib/python3.8/site-packages/update_interface/srv/_firmware_update_s.c
-- Installing: /home/barbariccia/dev_ws/install/update_interface/lib/python3.8/site-packages/update_interface/srv/_firmware_update.py
-- Installing: /home/barbariccia/dev_ws/install/update_interface/lib/python3.8/site-packages/update_interface/update_interface_s__rosidl_typesupport_fastrtps_c.cpython-38-x86_64-linux-gnu.so
-- Set runtime path of "/home/barbariccia/dev_ws/install/update_interface/lib/python3.8/site-packages/update_interface/update_interface_s__rosidl_typesupport_fastrtps_c.cpython-38-x86_64-linux-gnu.so" to ""
-- Installing: /home/barbariccia/dev_ws/install/update_interface/lib/python3.8/site-packages/update_interface/update_interface_s__rosidl_typesupport_introspection_c.cpython-38-x86_64-linux-gnu.so
-- Set runtime path of "/home/barbariccia/dev_ws/install/update_interface/lib/python3.8/site-packages/update_interface/update_interface_s__rosidl_typesupport_introspection_c.cpython-38-x86_64-linux-gnu.so" to ""
-- Installing: /home/barbariccia/dev_ws/install/update_interface/lib/python3.8/site-packages/update_interface/update_interface_s__rosidl_typesupport_c.cpython-38-x86_64-linux-gnu.so
-- Set runtime path of "/home/barbariccia/dev_ws/install/update_interface/lib/python3.8/site-packages/update_interface/update_interface_s__rosidl_typesupport_c.cpython-38-x86_64-linux-gnu.so" to ""
-- Installing: /home/barbariccia/dev_ws/install/update_interface/lib/libupdate_interface__python.so
-- Set runtime path of "/home/barbariccia/dev_ws/install/update_interface/lib/libupdate_interface__python.so" to ""
-- Installing: /home/barbariccia/dev_ws/install/update_interface/share/update_interface/srv/FirmwareUpdate.idl
-- Installing: /home/barbariccia/dev_ws/install/update_interface/share/update_interface/srv/FirmwareUpdate.srv
-- Installing: /home/barbariccia/dev_ws/install/update_interface/share/update_interface/srv/FirmwareUpdate_Request.msg
-- Installing: /home/barbariccia/dev_ws/install/update_interface/share/update_interface/srv/FirmwareUpdate_Response.msg
-- Installing: /home/barbariccia/dev_ws/install/update_interface/share/ament_index/resource_index/package_run_dependencies/update_interface
-- Installing: /home/barbariccia/dev_ws/install/update_interface/share/ament_index/resource_index/parent_prefix_path/update_interface
-- Installing: /home/barbariccia/dev_ws/install/update_interface/share/update_interface/environment/ament_prefix_path.sh
-- Installing: /home/barbariccia/dev_ws/install/update_interface/share/update_interface/environment/ament_prefix_path.dsv
-- Installing: /home/barbariccia/dev_ws/install/update_interface/share/update_interface/environment/path.sh
-- Installing: /home/barbariccia/dev_ws/install/update_interface/share/update_interface/environment/path.dsv
-- Installing: /home/barbariccia/dev_ws/install/update_interface/share/update_interface/local_setup.bash
-- Installing: /home/barbariccia/dev_ws/install/update_interface/share/update_interface/local_setup.sh
-- Installing: /home/barbariccia/dev_ws/install/update_interface/share/update_interface/local_setup.zsh
-- Installing: /home/barbariccia/dev_ws/install/update_interface/share/update_interface/local_setup.dsv
-- Installing: /home/barbariccia/dev_ws/install/update_interface/share/update_interface/package.dsv
-- Installing: /home/barbariccia/dev_ws/install/update_interface/share/ament_index/resource_index/packages/update_interface
-- Installing: /home/barbariccia/dev_ws/install/update_interface/share/update_interface/cmake/update_interface__rosidl_generator_cExport.cmake
-- Installing: /home/barbariccia/dev_ws/install/update_interface/share/update_interface/cmake/update_interface__rosidl_generator_cExport-noconfig.cmake
-- Installing: /home/barbariccia/dev_ws/install/update_interface/share/update_interface/cmake/update_interface__rosidl_typesupport_introspection_cExport.cmake
-- Installing: /home/barbariccia/dev_ws/install/update_interface/share/update_interface/cmake/update_interface__rosidl_typesupport_introspection_cExport-noconfig.cmake
-- Installing: /home/barbariccia/dev_ws/install/update_interface/share/update_interface/cmake/update_interface__rosidl_typesupport_cExport.cmake
-- Installing: /home/barbariccia/dev_ws/install/update_interface/share/update_interface/cmake/update_interface__rosidl_typesupport_cExport-noconfig.cmake
-- Installing: /home/barbariccia/dev_ws/install/update_interface/share/update_interface/cmake/update_interface__rosidl_generator_cppExport.cmake
-- Installing: /home/barbariccia/dev_ws/install/update_interface/share/update_interface/cmake/update_interface__rosidl_typesupport_introspection_cppExport.cmake
-- Installing: /home/barbariccia/dev_ws/install/update_interface/share/update_interface/cmake/update_interface__rosidl_typesupport_introspection_cppExport-noconfig.cmake
-- Installing: /home/barbariccia/dev_ws/install/update_interface/share/update_interface/cmake/update_interface__rosidl_typesupport_cppExport.cmake
-- Installing: /home/barbariccia/dev_ws/install/update_interface/share/update_interface/cmake/update_interface__rosidl_typesupport_cppExport-noconfig.cmake
-- Installing: /home/barbariccia/dev_ws/install/update_interface/share/update_interface/cmake/rosidl_cmake-extras.cmake
-- Installing: /home/barbariccia/dev_ws/install/update_interface/share/update_interface/cmake/ament_cmake_export_dependencies-extras.cmake
-- Installing: /home/barbariccia/dev_ws/install/update_interface/share/update_interface/cmake/ament_cmake_export_libraries-extras.cmake
-- Installing: /home/barbariccia/dev_ws/install/update_interface/share/update_interface/cmake/ament_cmake_export_targets-extras.cmake
-- Installing: /home/barbariccia/dev_ws/install/update_interface/share/update_interface/cmake/ament_cmake_export_include_directories-extras.cmake
-- Installing: /home/barbariccia/dev_ws/install/update_interface/share/update_interface/cmake/rosidl_cmake_export_typesupport_libraries-extras.cmake
-- Installing: /home/barbariccia/dev_ws/install/update_interface/share/update_interface/cmake/rosidl_cmake_export_typesupport_targets-extras.cmake
-- Installing: /home/barbariccia/dev_ws/install/update_interface/share/update_interface/cmake/update_interfaceConfig.cmake
-- Installing: /home/barbariccia/dev_ws/install/update_interface/share/update_interface/cmake/update_interfaceConfig-version.cmake
-- Installing: /home/barbariccia/dev_ws/install/update_interface/share/update_interface/package.xml
