[0.007s] Invoking command in '/home/barbariccia/dev_ws/build/update_interface': CMAKE_PREFIX_PATH=${CMAKE_PREFIX_PATH}:/home/barbariccia/dev_ws/install/update_srvcli:/opt/ros/foxy /usr/bin/cmake /home/barbariccia/dev_ws/src/update_interface -DCMAKE_INSTALL_PREFIX=/home/barbariccia/dev_ws/install/update_interface
[0.052s] -- The C compiler identification is GNU 9.4.0
[0.098s] -- The CXX compiler identification is GNU 9.4.0
[0.104s] -- Check for working C compiler: /usr/bin/cc
[0.157s] -- Check for working C compiler: /usr/bin/cc -- works
[0.158s] -- Detecting C compiler ABI info
[0.217s] -- Detecting C compiler ABI info - done
[0.229s] -- Detecting C compile features
[0.229s] -- Detecting C compile features - done
[0.232s] -- Check for working CXX compiler: /usr/bin/c++
[0.293s] -- Check for working CXX compiler: /usr/bin/c++ -- works
[0.294s] -- Detecting CXX compiler ABI info
[0.353s] -- Detecting CXX compiler ABI info - done
[0.365s] -- Detecting CXX compile features
[0.366s] -- Detecting CXX compile features - done
[0.368s] -- Found ament_cmake: 0.9.9 (/opt/ros/foxy/share/ament_cmake/cmake)
[0.390s] -- Found PythonInterp: /usr/bin/python3 (found suitable version "3.8.10", minimum required is "3") 
[0.390s] -- Using PYTHON_EXECUTABLE: /usr/bin/python3
[0.510s] -- Found ament_lint_auto: 0.9.6 (/opt/ros/foxy/share/ament_lint_auto/cmake)
[0.563s] -- Found rosidl_default_generators: 1.0.1 (/opt/ros/foxy/share/rosidl_default_generators/cmake)
[0.565s] -- Using all available rosidl_typesupport_c: rosidl_typesupport_fastrtps_c;rosidl_typesupport_introspection_c
[0.569s] -- Found rosidl_adapter: 1.2.1 (/opt/ros/foxy/share/rosidl_adapter/cmake)
[0.642s] -- Found OpenSSL: /usr/lib/x86_64-linux-gnu/libcrypto.so (found version "1.1.1f")  
[0.668s] -- Found FastRTPS: /opt/ros/foxy/include  
[0.729s] -- Using all available rosidl_typesupport_cpp: rosidl_typesupport_fastrtps_cpp;rosidl_typesupport_introspection_cpp
[0.764s] -- Found PythonInterp: /usr/bin/python3 (found version "3.8.10") 
[0.805s] -- Found ament_cmake_ros: 0.9.2 (/opt/ros/foxy/share/ament_cmake_ros/cmake)
[0.873s] -- Using all available rosidl_typesupport_c: rosidl_typesupport_fastrtps_c;rosidl_typesupport_introspection_c
[0.877s] -- Using all available rosidl_typesupport_cpp: rosidl_typesupport_fastrtps_cpp;rosidl_typesupport_introspection_cpp
[0.892s] -- Found PythonInterp: /usr/bin/python3 (found suitable version "3.8.10", minimum required is "3.5") 
[0.893s] -- Found python_cmake_module: 0.8.1 (/opt/ros/foxy/share/python_cmake_module/cmake)
[0.909s] -- Found PythonLibs: /usr/lib/x86_64-linux-gnu/libpython3.8.so (found suitable version "3.8.10", minimum required is "3.5") 
[0.909s] -- Using PYTHON_EXECUTABLE: /usr/bin/python3
[0.909s] -- Using PYTHON_INCLUDE_DIRS: /usr/include/python3.8
[0.909s] -- Using PYTHON_LIBRARIES: /usr/lib/x86_64-linux-gnu/libpython3.8.so
[0.923s] -- Found PythonExtra: .so  
[0.948s] -- Added test 'copyright' to check source files copyright and LICENSE
[0.949s] -- Added test 'lint_cmake' to check CMake code style
[0.950s] -- Added test 'xmllint' to check XML markup files
[0.953s] -- Configuring done
[0.967s] -- Generating done
[0.969s] -- Build files have been written to: /home/barbariccia/dev_ws/build/update_interface
[0.973s] Invoked command in '/home/barbariccia/dev_ws/build/update_interface' returned '0': CMAKE_PREFIX_PATH=${CMAKE_PREFIX_PATH}:/home/barbariccia/dev_ws/install/update_srvcli:/opt/ros/foxy /usr/bin/cmake /home/barbariccia/dev_ws/src/update_interface -DCMAKE_INSTALL_PREFIX=/home/barbariccia/dev_ws/install/update_interface
[0.975s] Invoking command in '/home/barbariccia/dev_ws/build/update_interface': CMAKE_PREFIX_PATH=${CMAKE_PREFIX_PATH}:/home/barbariccia/dev_ws/install/update_srvcli:/opt/ros/foxy /usr/bin/cmake --build /home/barbariccia/dev_ws/build/update_interface -- -j32 -l32
[1.007s] [35m[1mScanning dependencies of target update_interface__cpp[0m
[1.008s] [  3%] [34m[1mGenerating C code for ROS interfaces[0m
[1.013s] [  6%] [34m[1mGenerating C++ code for ROS interfaces[0m
[1.153s] [  6%] Built target update_interface__cpp
[1.155s] [35m[1mScanning dependencies of target update_interface__rosidl_generator_c[0m
[1.159s] [  9%] [34m[1mGenerating C++ type support for eProsima Fast-RTPS[0m
[1.159s] [ 12%] [34m[1mGenerating C++ type support dispatch for ROS interfaces[0m
[1.160s] [ 16%] [34m[1mGenerating C++ introspection for ROS interfaces[0m
[1.163s] [ 19%] [32mBuilding C object CMakeFiles/update_interface__rosidl_generator_c.dir/rosidl_generator_c/update_interface/srv/detail/firmware_update__functions.c.o[0m
[1.190s] [ 22%] [32m[1mLinking C shared library libupdate_interface__rosidl_generator_c.so[0m
[1.211s] [ 22%] Built target update_interface__rosidl_generator_c
[1.217s] [ 25%] [34m[1mGenerating C type support dispatch for ROS interfaces[0m
[1.217s] [ 29%] [34m[1mGenerating C introspection for ROS interfaces[0m
[1.282s] [35m[1mScanning dependencies of target update_interface__rosidl_typesupport_cpp[0m
[1.290s] [ 32%] [32mBuilding CXX object CMakeFiles/update_interface__rosidl_typesupport_cpp.dir/rosidl_typesupport_cpp/update_interface/srv/firmware_update__type_support.cpp.o[0m
[1.297s] [35m[1mScanning dependencies of target update_interface__rosidl_typesupport_introspection_cpp[0m
[1.303s] [35m[1mScanning dependencies of target update_interface__rosidl_typesupport_fastrtps_cpp[0m
[1.305s] [ 35%] [32mBuilding CXX object CMakeFiles/update_interface__rosidl_typesupport_introspection_cpp.dir/rosidl_typesupport_introspection_cpp/update_interface/srv/detail/firmware_update__type_support.cpp.o[0m
[1.313s] [ 38%] [32mBuilding CXX object CMakeFiles/update_interface__rosidl_typesupport_fastrtps_cpp.dir/rosidl_typesupport_fastrtps_cpp/update_interface/srv/detail/dds_fastrtps/firmware_update__type_support.cpp.o[0m
[1.341s] [35m[1mScanning dependencies of target update_interface__rosidl_typesupport_c[0m
[1.348s] [ 41%] [32mBuilding CXX object CMakeFiles/update_interface__rosidl_typesupport_c.dir/rosidl_typesupport_c/update_interface/srv/firmware_update__type_support.cpp.o[0m
[1.352s] [35m[1mScanning dependencies of target update_interface__rosidl_typesupport_introspection_c[0m
[1.359s] [ 45%] [32mBuilding C object CMakeFiles/update_interface__rosidl_typesupport_introspection_c.dir/rosidl_typesupport_introspection_c/update_interface/srv/detail/firmware_update__type_support.c.o[0m
[1.367s] [ 48%] [32m[1mLinking CXX shared library libupdate_interface__rosidl_typesupport_c.so[0m
[1.380s] [ 51%] [32m[1mLinking C shared library libupdate_interface__rosidl_typesupport_introspection_c.so[0m
[1.388s] [ 51%] Built target update_interface__rosidl_typesupport_c
[1.397s] [ 51%] Built target update_interface__rosidl_typesupport_introspection_c
[1.457s] [ 54%] [32m[1mLinking CXX shared library libupdate_interface__rosidl_typesupport_cpp.so[0m
[1.476s] [ 58%] [32m[1mLinking CXX shared library libupdate_interface__rosidl_typesupport_introspection_cpp.so[0m
[1.481s] [ 58%] Built target update_interface__rosidl_typesupport_cpp
[1.511s] [ 58%] Built target update_interface__rosidl_typesupport_introspection_cpp
[1.558s] [ 61%] [32m[1mLinking CXX shared library libupdate_interface__rosidl_typesupport_fastrtps_cpp.so[0m
[1.613s] [ 61%] Built target update_interface__rosidl_typesupport_fastrtps_cpp
[1.620s] [ 64%] [34m[1mGenerating C type support for eProsima Fast-RTPS[0m
[1.766s] [35m[1mScanning dependencies of target update_interface__rosidl_typesupport_fastrtps_c[0m
[1.777s] [ 67%] [32mBuilding CXX object CMakeFiles/update_interface__rosidl_typesupport_fastrtps_c.dir/rosidl_typesupport_fastrtps_c/update_interface/srv/detail/firmware_update__type_support_c.cpp.o[0m
[2.006s] [ 70%] [32m[1mLinking CXX shared library libupdate_interface__rosidl_typesupport_fastrtps_c.so[0m
[2.055s] [ 70%] Built target update_interface__rosidl_typesupport_fastrtps_c
[2.063s] [35m[1mScanning dependencies of target update_interface[0m
[2.072s] [ 70%] Built target update_interface
[2.081s] [35m[1mScanning dependencies of target update_interface__py[0m
[2.090s] [ 74%] [34m[1mGenerating Python code for ROS interfaces[0m
[2.345s] [ 74%] Built target update_interface__py
[2.354s] [35m[1mScanning dependencies of target update_interface__python[0m
[2.370s] [ 77%] [32mBuilding C object CMakeFiles/update_interface__python.dir/rosidl_generator_py/update_interface/srv/_firmware_update_s.c.o[0m
[2.431s] [ 80%] [32m[1mLinking C shared library rosidl_generator_py/update_interface/libupdate_interface__python.so[0m
[2.461s] [ 80%] Built target update_interface__python
[2.468s] [35m[1mScanning dependencies of target update_interface__rosidl_typesupport_fastrtps_c__pyext[0m
[2.469s] [35m[1mScanning dependencies of target update_interface__rosidl_typesupport_c__pyext[0m
[2.470s] [35m[1mScanning dependencies of target update_interface__rosidl_typesupport_introspection_c__pyext[0m
[2.480s] [ 83%] [32mBuilding C object CMakeFiles/update_interface__rosidl_typesupport_fastrtps_c__pyext.dir/rosidl_generator_py/update_interface/_update_interface_s.ep.rosidl_typesupport_fastrtps_c.c.o[0m
[2.480s] [ 87%] [32mBuilding C object CMakeFiles/update_interface__rosidl_typesupport_c__pyext.dir/rosidl_generator_py/update_interface/_update_interface_s.ep.rosidl_typesupport_c.c.o[0m
[2.481s] [ 90%] [32mBuilding C object CMakeFiles/update_interface__rosidl_typesupport_introspection_c__pyext.dir/rosidl_generator_py/update_interface/_update_interface_s.ep.rosidl_typesupport_introspection_c.c.o[0m
[2.535s] [ 93%] [32m[1mLinking C shared library rosidl_generator_py/update_interface/update_interface_s__rosidl_typesupport_c.cpython-38-x86_64-linux-gnu.so[0m
[2.536s] [ 96%] [32m[1mLinking CXX shared library rosidl_generator_py/update_interface/update_interface_s__rosidl_typesupport_fastrtps_c.cpython-38-x86_64-linux-gnu.so[0m
[2.537s] [100%] [32m[1mLinking C shared library rosidl_generator_py/update_interface/update_interface_s__rosidl_typesupport_introspection_c.cpython-38-x86_64-linux-gnu.so[0m
[2.561s] [100%] Built target update_interface__rosidl_typesupport_c__pyext
[2.562s] [100%] Built target update_interface__rosidl_typesupport_introspection_c__pyext
[2.582s] [100%] Built target update_interface__rosidl_typesupport_fastrtps_c__pyext
[2.590s] Invoked command in '/home/barbariccia/dev_ws/build/update_interface' returned '0': CMAKE_PREFIX_PATH=${CMAKE_PREFIX_PATH}:/home/barbariccia/dev_ws/install/update_srvcli:/opt/ros/foxy /usr/bin/cmake --build /home/barbariccia/dev_ws/build/update_interface -- -j32 -l32
[2.633s] Invoking command in '/home/barbariccia/dev_ws/build/update_interface': CMAKE_PREFIX_PATH=${CMAKE_PREFIX_PATH}:/home/barbariccia/dev_ws/install/update_srvcli:/opt/ros/foxy /usr/bin/cmake --install /home/barbariccia/dev_ws/build/update_interface
[2.638s] -- Install configuration: ""
[2.638s] -- Installing: /home/barbariccia/dev_ws/install/update_interface/share/ament_index/resource_index/rosidl_interfaces/update_interface
[2.639s] -- Installing: /home/barbariccia/dev_ws/install/update_interface/include/update_interface
[2.639s] -- Installing: /home/barbariccia/dev_ws/install/update_interface/include/update_interface/msg
[2.639s] -- Installing: /home/barbariccia/dev_ws/install/update_interface/include/update_interface/msg/rosidl_generator_c__visibility_control.h
[2.639s] -- Installing: /home/barbariccia/dev_ws/install/update_interface/include/update_interface/srv
[2.639s] -- Installing: /home/barbariccia/dev_ws/install/update_interface/include/update_interface/srv/firmware_update.h
[2.639s] -- Installing: /home/barbariccia/dev_ws/install/update_interface/include/update_interface/srv/detail
[2.639s] -- Installing: /home/barbariccia/dev_ws/install/update_interface/include/update_interface/srv/detail/firmware_update__functions.c
[2.639s] -- Installing: /home/barbariccia/dev_ws/install/update_interface/include/update_interface/srv/detail/firmware_update__functions.h
[2.639s] -- Installing: /home/barbariccia/dev_ws/install/update_interface/include/update_interface/srv/detail/firmware_update__type_support.h
[2.639s] -- Installing: /home/barbariccia/dev_ws/install/update_interface/include/update_interface/srv/detail/firmware_update__struct.h
[2.640s] -- Installing: /home/barbariccia/dev_ws/install/update_interface/share/update_interface/environment/library_path.sh
[2.640s] -- Installing: /home/barbariccia/dev_ws/install/update_interface/share/update_interface/environment/library_path.dsv
[2.640s] -- Installing: /home/barbariccia/dev_ws/install/update_interface/lib/libupdate_interface__rosidl_generator_c.so
[2.640s] -- Set runtime path of "/home/barbariccia/dev_ws/install/update_interface/lib/libupdate_interface__rosidl_generator_c.so" to ""
[2.640s] -- Up-to-date: /home/barbariccia/dev_ws/install/update_interface/include/update_interface
[2.640s] -- Up-to-date: /home/barbariccia/dev_ws/install/update_interface/include/update_interface/msg
[2.640s] -- Installing: /home/barbariccia/dev_ws/install/update_interface/include/update_interface/msg/rosidl_typesupport_fastrtps_c__visibility_control.h
[2.640s] -- Up-to-date: /home/barbariccia/dev_ws/install/update_interface/include/update_interface/srv
[2.640s] -- Up-to-date: /home/barbariccia/dev_ws/install/update_interface/include/update_interface/srv/detail
[2.641s] -- Installing: /home/barbariccia/dev_ws/install/update_interface/include/update_interface/srv/detail/firmware_update__rosidl_typesupport_fastrtps_c.h
[2.641s] -- Installing: /home/barbariccia/dev_ws/install/update_interface/lib/libupdate_interface__rosidl_typesupport_fastrtps_c.so
[2.641s] -- Set runtime path of "/home/barbariccia/dev_ws/install/update_interface/lib/libupdate_interface__rosidl_typesupport_fastrtps_c.so" to ""
[2.641s] -- Up-to-date: /home/barbariccia/dev_ws/install/update_interface/include/update_interface
[2.641s] -- Up-to-date: /home/barbariccia/dev_ws/install/update_interface/include/update_interface/msg
[2.641s] -- Installing: /home/barbariccia/dev_ws/install/update_interface/include/update_interface/msg/rosidl_typesupport_fastrtps_cpp__visibility_control.h
[2.641s] -- Up-to-date: /home/barbariccia/dev_ws/install/update_interface/include/update_interface/srv
[2.641s] -- Up-to-date: /home/barbariccia/dev_ws/install/update_interface/include/update_interface/srv/detail
[2.641s] -- Installing: /home/barbariccia/dev_ws/install/update_interface/include/update_interface/srv/detail/dds_fastrtps
[2.642s] -- Installing: /home/barbariccia/dev_ws/install/update_interface/include/update_interface/srv/detail/firmware_update__rosidl_typesupport_fastrtps_cpp.hpp
[2.642s] -- Installing: /home/barbariccia/dev_ws/install/update_interface/lib/libupdate_interface__rosidl_typesupport_fastrtps_cpp.so
[2.642s] -- Set runtime path of "/home/barbariccia/dev_ws/install/update_interface/lib/libupdate_interface__rosidl_typesupport_fastrtps_cpp.so" to ""
[2.642s] -- Up-to-date: /home/barbariccia/dev_ws/install/update_interface/include/update_interface
[2.642s] -- Up-to-date: /home/barbariccia/dev_ws/install/update_interface/include/update_interface/msg
[2.642s] -- Installing: /home/barbariccia/dev_ws/install/update_interface/include/update_interface/msg/rosidl_typesupport_introspection_c__visibility_control.h
[2.642s] -- Up-to-date: /home/barbariccia/dev_ws/install/update_interface/include/update_interface/srv
[2.642s] -- Up-to-date: /home/barbariccia/dev_ws/install/update_interface/include/update_interface/srv/detail
[2.642s] -- Installing: /home/barbariccia/dev_ws/install/update_interface/include/update_interface/srv/detail/firmware_update__rosidl_typesupport_introspection_c.h
[2.643s] -- Installing: /home/barbariccia/dev_ws/install/update_interface/include/update_interface/srv/detail/firmware_update__type_support.c
[2.643s] -- Installing: /home/barbariccia/dev_ws/install/update_interface/lib/libupdate_interface__rosidl_typesupport_introspection_c.so
[2.643s] -- Set runtime path of "/home/barbariccia/dev_ws/install/update_interface/lib/libupdate_interface__rosidl_typesupport_introspection_c.so" to ""
[2.643s] -- Installing: /home/barbariccia/dev_ws/install/update_interface/lib/libupdate_interface__rosidl_typesupport_c.so
[2.643s] -- Set runtime path of "/home/barbariccia/dev_ws/install/update_interface/lib/libupdate_interface__rosidl_typesupport_c.so" to ""
[2.643s] -- Up-to-date: /home/barbariccia/dev_ws/install/update_interface/include/update_interface
[2.643s] -- Up-to-date: /home/barbariccia/dev_ws/install/update_interface/include/update_interface/srv
[2.643s] -- Up-to-date: /home/barbariccia/dev_ws/install/update_interface/include/update_interface/srv/detail
[2.643s] -- Installing: /home/barbariccia/dev_ws/install/update_interface/include/update_interface/srv/detail/firmware_update__builder.hpp
[2.643s] -- Installing: /home/barbariccia/dev_ws/install/update_interface/include/update_interface/srv/detail/firmware_update__struct.hpp
[2.643s] -- Installing: /home/barbariccia/dev_ws/install/update_interface/include/update_interface/srv/detail/firmware_update__traits.hpp
[2.643s] -- Installing: /home/barbariccia/dev_ws/install/update_interface/include/update_interface/srv/firmware_update.hpp
[2.644s] -- Up-to-date: /home/barbariccia/dev_ws/install/update_interface/include/update_interface
[2.644s] -- Up-to-date: /home/barbariccia/dev_ws/install/update_interface/include/update_interface/srv
[2.644s] -- Up-to-date: /home/barbariccia/dev_ws/install/update_interface/include/update_interface/srv/detail
[2.644s] -- Installing: /home/barbariccia/dev_ws/install/update_interface/include/update_interface/srv/detail/firmware_update__type_support.cpp
[2.644s] -- Installing: /home/barbariccia/dev_ws/install/update_interface/include/update_interface/srv/detail/firmware_update__rosidl_typesupport_introspection_cpp.hpp
[2.644s] -- Installing: /home/barbariccia/dev_ws/install/update_interface/lib/libupdate_interface__rosidl_typesupport_introspection_cpp.so
[2.644s] -- Set runtime path of "/home/barbariccia/dev_ws/install/update_interface/lib/libupdate_interface__rosidl_typesupport_introspection_cpp.so" to ""
[2.644s] -- Installing: /home/barbariccia/dev_ws/install/update_interface/lib/libupdate_interface__rosidl_typesupport_cpp.so
[2.644s] -- Set runtime path of "/home/barbariccia/dev_ws/install/update_interface/lib/libupdate_interface__rosidl_typesupport_cpp.so" to ""
[2.644s] -- Installing: /home/barbariccia/dev_ws/install/update_interface/share/update_interface/environment/pythonpath.sh
[2.644s] -- Installing: /home/barbariccia/dev_ws/install/update_interface/share/update_interface/environment/pythonpath.dsv
[2.644s] -- Installing: /home/barbariccia/dev_ws/install/update_interface/lib/python3.8/site-packages/update_interface/__init__.py
[2.664s] Compiling '/home/barbariccia/dev_ws/install/update_interface/lib/python3.8/site-packages/update_interface/__init__.py'...
[2.666s] -- Installing: /home/barbariccia/dev_ws/install/update_interface/lib/python3.8/site-packages/update_interface/srv
[2.666s] -- Installing: /home/barbariccia/dev_ws/install/update_interface/lib/python3.8/site-packages/update_interface/srv/__init__.py
[2.666s] -- Installing: /home/barbariccia/dev_ws/install/update_interface/lib/python3.8/site-packages/update_interface/srv/_firmware_update_s.c
[2.666s] -- Installing: /home/barbariccia/dev_ws/install/update_interface/lib/python3.8/site-packages/update_interface/srv/_firmware_update.py
[2.667s] -- Installing: /home/barbariccia/dev_ws/install/update_interface/lib/python3.8/site-packages/update_interface/update_interface_s__rosidl_typesupport_fastrtps_c.cpython-38-x86_64-linux-gnu.so
[2.667s] -- Set runtime path of "/home/barbariccia/dev_ws/install/update_interface/lib/python3.8/site-packages/update_interface/update_interface_s__rosidl_typesupport_fastrtps_c.cpython-38-x86_64-linux-gnu.so" to ""
[2.667s] -- Installing: /home/barbariccia/dev_ws/install/update_interface/lib/python3.8/site-packages/update_interface/update_interface_s__rosidl_typesupport_introspection_c.cpython-38-x86_64-linux-gnu.so
[2.667s] -- Set runtime path of "/home/barbariccia/dev_ws/install/update_interface/lib/python3.8/site-packages/update_interface/update_interface_s__rosidl_typesupport_introspection_c.cpython-38-x86_64-linux-gnu.so" to ""
[2.668s] -- Installing: /home/barbariccia/dev_ws/install/update_interface/lib/python3.8/site-packages/update_interface/update_interface_s__rosidl_typesupport_c.cpython-38-x86_64-linux-gnu.so
[2.668s] -- Set runtime path of "/home/barbariccia/dev_ws/install/update_interface/lib/python3.8/site-packages/update_interface/update_interface_s__rosidl_typesupport_c.cpython-38-x86_64-linux-gnu.so" to ""
[2.668s] -- Installing: /home/barbariccia/dev_ws/install/update_interface/lib/libupdate_interface__python.so
[2.668s] -- Set runtime path of "/home/barbariccia/dev_ws/install/update_interface/lib/libupdate_interface__python.so" to ""
[2.669s] -- Installing: /home/barbariccia/dev_ws/install/update_interface/share/update_interface/srv/FirmwareUpdate.idl
[2.669s] -- Installing: /home/barbariccia/dev_ws/install/update_interface/share/update_interface/srv/FirmwareUpdate.srv
[2.669s] -- Installing: /home/barbariccia/dev_ws/install/update_interface/share/update_interface/srv/FirmwareUpdate_Request.msg
[2.669s] -- Installing: /home/barbariccia/dev_ws/install/update_interface/share/update_interface/srv/FirmwareUpdate_Response.msg
[2.669s] -- Installing: /home/barbariccia/dev_ws/install/update_interface/share/ament_index/resource_index/package_run_dependencies/update_interface
[2.669s] -- Installing: /home/barbariccia/dev_ws/install/update_interface/share/ament_index/resource_index/parent_prefix_path/update_interface
[2.669s] -- Installing: /home/barbariccia/dev_ws/install/update_interface/share/update_interface/environment/ament_prefix_path.sh
[2.669s] -- Installing: /home/barbariccia/dev_ws/install/update_interface/share/update_interface/environment/ament_prefix_path.dsv
[2.670s] -- Installing: /home/barbariccia/dev_ws/install/update_interface/share/update_interface/environment/path.sh
[2.670s] -- Installing: /home/barbariccia/dev_ws/install/update_interface/share/update_interface/environment/path.dsv
[2.670s] -- Installing: /home/barbariccia/dev_ws/install/update_interface/share/update_interface/local_setup.bash
[2.670s] -- Installing: /home/barbariccia/dev_ws/install/update_interface/share/update_interface/local_setup.sh
[2.670s] -- Installing: /home/barbariccia/dev_ws/install/update_interface/share/update_interface/local_setup.zsh
[2.670s] -- Installing: /home/barbariccia/dev_ws/install/update_interface/share/update_interface/local_setup.dsv
[2.670s] -- Installing: /home/barbariccia/dev_ws/install/update_interface/share/update_interface/package.dsv
[2.670s] -- Installing: /home/barbariccia/dev_ws/install/update_interface/share/ament_index/resource_index/packages/update_interface
[2.670s] -- Installing: /home/barbariccia/dev_ws/install/update_interface/share/update_interface/cmake/update_interface__rosidl_generator_cExport.cmake
[2.671s] -- Installing: /home/barbariccia/dev_ws/install/update_interface/share/update_interface/cmake/update_interface__rosidl_generator_cExport-noconfig.cmake
[2.671s] -- Installing: /home/barbariccia/dev_ws/install/update_interface/share/update_interface/cmake/update_interface__rosidl_typesupport_introspection_cExport.cmake
[2.671s] -- Installing: /home/barbariccia/dev_ws/install/update_interface/share/update_interface/cmake/update_interface__rosidl_typesupport_introspection_cExport-noconfig.cmake
[2.671s] -- Installing: /home/barbariccia/dev_ws/install/update_interface/share/update_interface/cmake/update_interface__rosidl_typesupport_cExport.cmake
[2.671s] -- Installing: /home/barbariccia/dev_ws/install/update_interface/share/update_interface/cmake/update_interface__rosidl_typesupport_cExport-noconfig.cmake
[2.671s] -- Installing: /home/barbariccia/dev_ws/install/update_interface/share/update_interface/cmake/update_interface__rosidl_generator_cppExport.cmake
[2.671s] -- Installing: /home/barbariccia/dev_ws/install/update_interface/share/update_interface/cmake/update_interface__rosidl_typesupport_introspection_cppExport.cmake
[2.672s] -- Installing: /home/barbariccia/dev_ws/install/update_interface/share/update_interface/cmake/update_interface__rosidl_typesupport_introspection_cppExport-noconfig.cmake
[2.672s] -- Installing: /home/barbariccia/dev_ws/install/update_interface/share/update_interface/cmake/update_interface__rosidl_typesupport_cppExport.cmake
[2.672s] -- Installing: /home/barbariccia/dev_ws/install/update_interface/share/update_interface/cmake/update_interface__rosidl_typesupport_cppExport-noconfig.cmake
[2.672s] -- Installing: /home/barbariccia/dev_ws/install/update_interface/share/update_interface/cmake/rosidl_cmake-extras.cmake
[2.672s] -- Installing: /home/barbariccia/dev_ws/install/update_interface/share/update_interface/cmake/ament_cmake_export_dependencies-extras.cmake
[2.672s] -- Installing: /home/barbariccia/dev_ws/install/update_interface/share/update_interface/cmake/ament_cmake_export_libraries-extras.cmake
[2.672s] -- Installing: /home/barbariccia/dev_ws/install/update_interface/share/update_interface/cmake/ament_cmake_export_targets-extras.cmake
[2.672s] -- Installing: /home/barbariccia/dev_ws/install/update_interface/share/update_interface/cmake/ament_cmake_export_include_directories-extras.cmake
[2.672s] -- Installing: /home/barbariccia/dev_ws/install/update_interface/share/update_interface/cmake/rosidl_cmake_export_typesupport_libraries-extras.cmake
[2.673s] -- Installing: /home/barbariccia/dev_ws/install/update_interface/share/update_interface/cmake/rosidl_cmake_export_typesupport_targets-extras.cmake
[2.673s] -- Installing: /home/barbariccia/dev_ws/install/update_interface/share/update_interface/cmake/update_interfaceConfig.cmake
[2.673s] -- Installing: /home/barbariccia/dev_ws/install/update_interface/share/update_interface/cmake/update_interfaceConfig-version.cmake
[2.673s] -- Installing: /home/barbariccia/dev_ws/install/update_interface/share/update_interface/package.xml
[2.676s] Invoked command in '/home/barbariccia/dev_ws/build/update_interface' returned '0': CMAKE_PREFIX_PATH=${CMAKE_PREFIX_PATH}:/home/barbariccia/dev_ws/install/update_srvcli:/opt/ros/foxy /usr/bin/cmake --install /home/barbariccia/dev_ws/build/update_interface
