[0.357s] Invoking command in '/home/barbariccia/dev_ws/src/update_srvcli': PYTHONPATH=/home/barbariccia/dev_ws/install/update_srvcli/lib/python3.8/site-packages:/home/barbariccia/dev_ws/install/update_interface/lib/python3.8/site-packages:/home/barbariccia/dev_ws/install/update_srvcli/lib/python3.8/site-packages:/home/barbariccia/dev_ws/install/tftp_update/lib/python3.8/site-packages:/opt/ros/foxy/lib/python3.8/site-packages /usr/bin/python3 setup.py egg_info --egg-base ../../build/update_srvcli build --build-base /home/barbariccia/dev_ws/build/update_srvcli/build install --prefix /home/barbariccia/dev_ws/install/update_srvcli --record /home/barbariccia/dev_ws/build/update_srvcli/install.log --single-version-externally-managed
[0.481s] running egg_info
[0.481s] writing ../../build/update_srvcli/update_srvcli.egg-info/PKG-INFO
[0.481s] writing dependency_links to ../../build/update_srvcli/update_srvcli.egg-info/dependency_links.txt
[0.481s] writing entry points to ../../build/update_srvcli/update_srvcli.egg-info/entry_points.txt
[0.482s] writing requirements to ../../build/update_srvcli/update_srvcli.egg-info/requires.txt
[0.482s] writing top-level names to ../../build/update_srvcli/update_srvcli.egg-info/top_level.txt
[0.501s] reading manifest file '../../build/update_srvcli/update_srvcli.egg-info/SOURCES.txt'
[0.502s] writing manifest file '../../build/update_srvcli/update_srvcli.egg-info/SOURCES.txt'
[0.502s] running build
[0.502s] running build_py
[0.502s] copying update_srvcli/tftp_update_client_test.py -> /home/barbariccia/dev_ws/build/update_srvcli/build/lib/update_srvcli
[0.502s] copying update_srvcli/tftp_update_service.py -> /home/barbariccia/dev_ws/build/update_srvcli/build/lib/update_srvcli
[0.502s] running install
[0.503s] running install_lib
[0.503s] copying /home/barbariccia/dev_ws/build/update_srvcli/build/lib/update_srvcli/tftp_update_client_test.py -> /home/barbariccia/dev_ws/install/update_srvcli/lib/python3.8/site-packages/update_srvcli
[0.503s] copying /home/barbariccia/dev_ws/build/update_srvcli/build/lib/update_srvcli/tftp_update_service.py -> /home/barbariccia/dev_ws/install/update_srvcli/lib/python3.8/site-packages/update_srvcli
[0.503s] byte-compiling /home/barbariccia/dev_ws/install/update_srvcli/lib/python3.8/site-packages/update_srvcli/tftp_update_client_test.py to tftp_update_client_test.cpython-38.pyc
[0.504s] byte-compiling /home/barbariccia/dev_ws/install/update_srvcli/lib/python3.8/site-packages/update_srvcli/tftp_update_service.py to tftp_update_service.cpython-38.pyc
[0.505s] running install_data
[0.505s] running install_egg_info
[0.506s] removing '/home/barbariccia/dev_ws/install/update_srvcli/lib/python3.8/site-packages/update_srvcli-0.0.0-py3.8.egg-info' (and everything under it)
[0.506s] Copying ../../build/update_srvcli/update_srvcli.egg-info to /home/barbariccia/dev_ws/install/update_srvcli/lib/python3.8/site-packages/update_srvcli-0.0.0-py3.8.egg-info
[0.506s] running install_scripts
[0.515s] Installing client script to /home/barbariccia/dev_ws/install/update_srvcli/lib/update_srvcli
[0.515s] Installing service script to /home/barbariccia/dev_ws/install/update_srvcli/lib/update_srvcli
[0.516s] writing list of installed files to '/home/barbariccia/dev_ws/build/update_srvcli/install.log'
[0.527s] Invoked command in '/home/barbariccia/dev_ws/src/update_srvcli' returned '0': PYTHONPATH=/home/barbariccia/dev_ws/install/update_srvcli/lib/python3.8/site-packages:/home/barbariccia/dev_ws/install/update_interface/lib/python3.8/site-packages:/home/barbariccia/dev_ws/install/update_srvcli/lib/python3.8/site-packages:/home/barbariccia/dev_ws/install/tftp_update/lib/python3.8/site-packages:/opt/ros/foxy/lib/python3.8/site-packages /usr/bin/python3 setup.py egg_info --egg-base ../../build/update_srvcli build --build-base /home/barbariccia/dev_ws/build/update_srvcli/build install --prefix /home/barbariccia/dev_ws/install/update_srvcli --record /home/barbariccia/dev_ws/build/update_srvcli/install.log --single-version-externally-managed
